#! /opt/tools/iverilog//bin/vvp
:vpi_time_precision + 0;
:vpi_module "system";
S_0xcdfe940 .scope module, "agent_cluster2" "agent_cluster2";
 .timescale 0;
V_$0xcefdcc0 .net "acc_ififo_ifc_acc0_acc_credit_ack", 3, 0, C<z>, C<z>, C<z>, C<z>;
V_$0xcefde00 .net "acc_ififo_ifc_acc0_acc_credit_enable", 0, 0, C<z>;
V_$0xcefde90 .net "acc_ififo_ifc_acc0_acc_data_to_agents", 31, 0, C<z>, C<z>, C<z>, C<z>, C<z>, C<z>, C<z>, C<z>, C<z>, C<z>, C<z>, C<z>, C<z>, C<z>, C<z>, C<z>, C<z>, C<z>, C<z>, C<z>, C<z>, C<z>, C<z>, C<z>, C<z>, C<z>, C<z>, C<z>, C<z>, C<z>, C<z>, C<z>;
V_$0xcefe7f0 .net "acc_ififo_ifc_acc0_acc_ptag_to_agents", 15, 0, C<z>, C<z>, C<z>, C<z>, C<z>, C<z>, C<z>, C<z>, C<z>, C<z>, C<z>, C<z>, C<z>, C<z>, C<z>, C<z>;
V_$0xcefecd0 .net "acc_ififo_ifc_acc0_acc_wr_to_agents", 0, 0, C<z>;
V_$0xcefed60 .net "acc_ififo_ifc_acc0_fp_full_to_agents", 0, 0, C<z>;
V_$0xcefee30 .net "acc_ififo_ifc_acc0_fpi_credit_data", 127, 0, C<z>, C<z>, C<z>, C<z>, C<z>, C<z>, C<z>, C<z>, C<z>, C<z>, C<z>, C<z>, C<z>, C<z>, C<z>, C<z>, C<z>, C<z>, C<z>, C<z>, C<z>, C<z>, C<z>, C<z>, C<z>, C<z>, C<z>, C<z>, C<z>, C<z>, C<z>, C<z>, C<z>, C<z>, C<z>, C<z>, C<z>, C<z>, C<z>, C<z>, C<z>, C<z>, C<z>, C<z>, C<z>, C<z>, C<z>, C<z>, C<z>, C<z>, C<z>, C<z>, C<z>, C<z>, C<z>, C<z>, C<z>, C<z>, C<z>, C<z>, C<z>, C<z>, C<z>, C<z>, C<z>, C<z>, C<z>, C<z>, C<z>, C<z>, C<z>, C<z>, C<z>, C<z>, C<z>, C<z>, C<z>, C<z>, C<z>, C<z>, C<z>, C<z>, C<z>, C<z>, C<z>, C<z>, C<z>, C<z>, C<z>, C<z>, C<z>, C<z>, C<z>, C<z>, C<z>, C<z>, C<z>, C<z>, C<z>, C<z>, C<z>, C<z>, C<z>, C<z>, C<z>, C<z>, C<z>, C<z>, C<z>, C<z>, C<z>, C<z>, C<z>, C<z>, C<z>, C<z>, C<z>, C<z>, C<z>, C<z>, C<z>, C<z>, C<z>, C<z>, C<z>, C<z>, C<z>, C<z>;
V_$0xce4f090 .net "acc_ififo_ifc_acc0_fpi_credit_req", 3, 0, C<z>, C<z>, C<z>, C<z>;
V_$0xce4f1f0 .net "acc_ififo_ifc_acc1_acc_credit_ack", 3, 0, C<z>, C<z>, C<z>, C<z>;
V_$0xce4f340 .net "acc_ififo_ifc_acc1_acc_credit_enable", 0, 0, C<z>;
V_$0xce4f0e0 .net "acc_ififo_ifc_acc1_acc_data_to_agents", 31, 0, C<z>, C<z>, C<z>, C<z>, C<z>, C<z>, C<z>, C<z>, C<z>, C<z>, C<z>, C<z>, C<z>, C<z>, C<z>, C<z>, C<z>, C<z>, C<z>, C<z>, C<z>, C<z>, C<z>, C<z>, C<z>, C<z>, C<z>, C<z>, C<z>, C<z>, C<z>, C<z>;
V_$0xce4fd40 .net "acc_ififo_ifc_acc1_acc_ptag_to_agents", 15, 0, C<z>, C<z>, C<z>, C<z>, C<z>, C<z>, C<z>, C<z>, C<z>, C<z>, C<z>, C<z>, C<z>, C<z>, C<z>, C<z>;
V_$0xce50290 .net "acc_ififo_ifc_acc1_acc_wr_to_agents", 0, 0, C<z>;
V_$0xce50320 .net "acc_ififo_ifc_acc1_fp_full_to_agents", 0, 0, C<z>;
V_$0xce4fd90 .net "acc_ififo_ifc_acc1_fpi_credit_data", 127, 0, C<z>, C<z>, C<z>, C<z>, C<z>, C<z>, C<z>, C<z>, C<z>, C<z>, C<z>, C<z>, C<z>, C<z>, C<z>, C<z>, C<z>, C<z>, C<z>, C<z>, C<z>, C<z>, C<z>, C<z>, C<z>, C<z>, C<z>, C<z>, C<z>, C<z>, C<z>, C<z>, C<z>, C<z>, C<z>, C<z>, C<z>, C<z>, C<z>, C<z>, C<z>, C<z>, C<z>, C<z>, C<z>, C<z>, C<z>, C<z>, C<z>, C<z>, C<z>, C<z>, C<z>, C<z>, C<z>, C<z>, C<z>, C<z>, C<z>, C<z>, C<z>, C<z>, C<z>, C<z>, C<z>, C<z>, C<z>, C<z>, C<z>, C<z>, C<z>, C<z>, C<z>, C<z>, C<z>, C<z>, C<z>, C<z>, C<z>, C<z>, C<z>, C<z>, C<z>, C<z>, C<z>, C<z>, C<z>, C<z>, C<z>, C<z>, C<z>, C<z>, C<z>, C<z>, C<z>, C<z>, C<z>, C<z>, C<z>, C<z>, C<z>, C<z>, C<z>, C<z>, C<z>, C<z>, C<z>, C<z>, C<z>, C<z>, C<z>, C<z>, C<z>, C<z>, C<z>, C<z>, C<z>, C<z>, C<z>, C<z>, C<z>, C<z>, C<z>, C<z>, C<z>, C<z>, C<z>, C<z>;
V_$0xcf13f80 .net "acc_ififo_ifc_acc1_fpi_credit_req", 3, 0, C<z>, C<z>, C<z>, C<z>;
V_$0xcf14090 .net "acc_ififo_ifc_acc2_acc_credit_ack", 3, 0, C<z>, C<z>, C<z>, C<z>;
V_$0xcf141e0 .net "acc_ififo_ifc_acc2_acc_credit_enable", 0, 0, C<z>;
V_$0xcf14270 .net "acc_ififo_ifc_acc2_acc_data_to_agents", 31, 0, C<z>, C<z>, C<z>, C<z>, C<z>, C<z>, C<z>, C<z>, C<z>, C<z>, C<z>, C<z>, C<z>, C<z>, C<z>, C<z>, C<z>, C<z>, C<z>, C<z>, C<z>, C<z>, C<z>, C<z>, C<z>, C<z>, C<z>, C<z>, C<z>, C<z>, C<z>, C<z>;
V_$0xce50d20 .net "acc_ififo_ifc_acc2_acc_ptag_to_agents", 15, 0, C<z>, C<z>, C<z>, C<z>, C<z>, C<z>, C<z>, C<z>, C<z>, C<z>, C<z>, C<z>, C<z>, C<z>, C<z>, C<z>;
V_$0xce51160 .net "acc_ififo_ifc_acc2_acc_wr_to_agents", 0, 0, C<z>;
V_$0xce511f0 .net "acc_ififo_ifc_acc2_fp_full_to_agents", 0, 0, C<z>;
V_$0xce50db0 .net "acc_ififo_ifc_acc2_fpi_credit_data", 127, 0, C<z>, C<z>, C<z>, C<z>, C<z>, C<z>, C<z>, C<z>, C<z>, C<z>, C<z>, C<z>, C<z>, C<z>, C<z>, C<z>, C<z>, C<z>, C<z>, C<z>, C<z>, C<z>, C<z>, C<z>, C<z>, C<z>, C<z>, C<z>, C<z>, C<z>, C<z>, C<z>, C<z>, C<z>, C<z>, C<z>, C<z>, C<z>, C<z>, C<z>, C<z>, C<z>, C<z>, C<z>, C<z>, C<z>, C<z>, C<z>, C<z>, C<z>, C<z>, C<z>, C<z>, C<z>, C<z>, C<z>, C<z>, C<z>, C<z>, C<z>, C<z>, C<z>, C<z>, C<z>, C<z>, C<z>, C<z>, C<z>, C<z>, C<z>, C<z>, C<z>, C<z>, C<z>, C<z>, C<z>, C<z>, C<z>, C<z>, C<z>, C<z>, C<z>, C<z>, C<z>, C<z>, C<z>, C<z>, C<z>, C<z>, C<z>, C<z>, C<z>, C<z>, C<z>, C<z>, C<z>, C<z>, C<z>, C<z>, C<z>, C<z>, C<z>, C<z>, C<z>, C<z>, C<z>, C<z>, C<z>, C<z>, C<z>, C<z>, C<z>, C<z>, C<z>, C<z>, C<z>, C<z>, C<z>, C<z>, C<z>, C<z>, C<z>, C<z>, C<z>, C<z>, C<z>, C<z>, C<z>;
V_$0xce51900 .net "acc_ififo_ifc_acc2_fpi_credit_req", 3, 0, C<z>, C<z>, C<z>, C<z>;
V_$0xce51a60 .net "acc_ififo_ifc_acc3_acc_credit_ack", 3, 0, C<z>, C<z>, C<z>, C<z>;
V_$0xce51bb0 .net "acc_ififo_ifc_acc3_acc_credit_enable", 0, 0, C<z>;
V_$0xce51990 .net "acc_ififo_ifc_acc3_acc_data_to_agents", 31, 0, C<z>, C<z>, C<z>, C<z>, C<z>, C<z>, C<z>, C<z>, C<z>, C<z>, C<z>, C<z>, C<z>, C<z>, C<z>, C<z>, C<z>, C<z>, C<z>, C<z>, C<z>, C<z>, C<z>, C<z>, C<z>, C<z>, C<z>, C<z>, C<z>, C<z>, C<z>, C<z>;
V_$0xce525b0 .net "acc_ififo_ifc_acc3_acc_ptag_to_agents", 15, 0, C<z>, C<z>, C<z>, C<z>, C<z>, C<z>, C<z>, C<z>, C<z>, C<z>, C<z>, C<z>, C<z>, C<z>, C<z>, C<z>;
V_$0xce52ab0 .net "acc_ififo_ifc_acc3_acc_wr_to_agents", 0, 0, C<z>;
V_$0xce52b40 .net "acc_ififo_ifc_acc3_fp_full_to_agents", 0, 0, C<z>;
V_$0xce52640 .net "acc_ififo_ifc_acc3_fpi_credit_data", 127, 0, C<z>, C<z>, C<z>, C<z>, C<z>, C<z>, C<z>, C<z>, C<z>, C<z>, C<z>, C<z>, C<z>, C<z>, C<z>, C<z>, C<z>, C<z>, C<z>, C<z>, C<z>, C<z>, C<z>, C<z>, C<z>, C<z>, C<z>, C<z>, C<z>, C<z>, C<z>, C<z>, C<z>, C<z>, C<z>, C<z>, C<z>, C<z>, C<z>, C<z>, C<z>, C<z>, C<z>, C<z>, C<z>, C<z>, C<z>, C<z>, C<z>, C<z>, C<z>, C<z>, C<z>, C<z>, C<z>, C<z>, C<z>, C<z>, C<z>, C<z>, C<z>, C<z>, C<z>, C<z>, C<z>, C<z>, C<z>, C<z>, C<z>, C<z>, C<z>, C<z>, C<z>, C<z>, C<z>, C<z>, C<z>, C<z>, C<z>, C<z>, C<z>, C<z>, C<z>, C<z>, C<z>, C<z>, C<z>, C<z>, C<z>, C<z>, C<z>, C<z>, C<z>, C<z>, C<z>, C<z>, C<z>, C<z>, C<z>, C<z>, C<z>, C<z>, C<z>, C<z>, C<z>, C<z>, C<z>, C<z>, C<z>, C<z>, C<z>, C<z>, C<z>, C<z>, C<z>, C<z>, C<z>, C<z>, C<z>, C<z>, C<z>, C<z>, C<z>, C<z>, C<z>, C<z>, C<z>, C<z>;
V_$0xce531d0 .net "acc_ififo_ifc_acc3_fpi_credit_req", 3, 0, C<z>, C<z>, C<z>, C<z>;
V_$0xce53330 .net "ag_accreg_ifc_ag0_agent_ack", 3, 0, C<z>, C<z>, C<z>, C<z>;
V_$0xce53480 .net "ag_accreg_ifc_ag0_agent_address", 31, 0, C<z>, C<z>, C<z>, C<z>, C<z>, C<z>, C<z>, C<z>, C<z>, C<z>, C<z>, C<z>, C<z>, C<z>, C<z>, C<z>, C<z>, C<z>, C<z>, C<z>, C<z>, C<z>, C<z>, C<z>, C<z>, C<z>, C<z>, C<z>, C<z>, C<z>, C<z>, C<z>;
V_$0xce53df0 .net "ag_accreg_ifc_ag0_agent_rd_data", 127, 0, C<z>, C<z>, C<z>, C<z>, C<z>, C<z>, C<z>, C<z>, C<z>, C<z>, C<z>, C<z>, C<z>, C<z>, C<z>, C<z>, C<z>, C<z>, C<z>, C<z>, C<z>, C<z>, C<z>, C<z>, C<z>, C<z>, C<z>, C<z>, C<z>, C<z>, C<z>, C<z>, C<z>, C<z>, C<z>, C<z>, C<z>, C<z>, C<z>, C<z>, C<z>, C<z>, C<z>, C<z>, C<z>, C<z>, C<z>, C<z>, C<z>, C<z>, C<z>, C<z>, C<z>, C<z>, C<z>, C<z>, C<z>, C<z>, C<z>, C<z>, C<z>, C<z>, C<z>, C<z>, C<z>, C<z>, C<z>, C<z>, C<z>, C<z>, C<z>, C<z>, C<z>, C<z>, C<z>, C<z>, C<z>, C<z>, C<z>, C<z>, C<z>, C<z>, C<z>, C<z>, C<z>, C<z>, C<z>, C<z>, C<z>, C<z>, C<z>, C<z>, C<z>, C<z>, C<z>, C<z>, C<z>, C<z>, C<z>, C<z>, C<z>, C<z>, C<z>, C<z>, C<z>, C<z>, C<z>, C<z>, C<z>, C<z>, C<z>, C<z>, C<z>, C<z>, C<z>, C<z>, C<z>, C<z>, C<z>, C<z>, C<z>, C<z>, C<z>, C<z>, C<z>, C<z>, C<z>, C<z>;
V_$0xce47210 .net "ag_accreg_ifc_ag0_agent_rd_req", 3, 0, C<z>, C<z>, C<z>, C<z>;
V_$0xce47390 .net "ag_accreg_ifc_ag0_agent_wr_data", 31, 0, C<z>, C<z>, C<z>, C<z>, C<z>, C<z>, C<z>, C<z>, C<z>, C<z>, C<z>, C<z>, C<z>, C<z>, C<z>, C<z>, C<z>, C<z>, C<z>, C<z>, C<z>, C<z>, C<z>, C<z>, C<z>, C<z>, C<z>, C<z>, C<z>, C<z>, C<z>, C<z>;
V_$0xce47cf0 .net "ag_accreg_ifc_ag0_agent_wr_req", 3, 0, C<z>, C<z>, C<z>, C<z>;
V_$0xce47e80 .net "ag_accreg_ifc_ag1_agent_ack", 3, 0, C<z>, C<z>, C<z>, C<z>;
V_$0xce47fd0 .net "ag_accreg_ifc_ag1_agent_address", 31, 0, C<z>, C<z>, C<z>, C<z>, C<z>, C<z>, C<z>, C<z>, C<z>, C<z>, C<z>, C<z>, C<z>, C<z>, C<z>, C<z>, C<z>, C<z>, C<z>, C<z>, C<z>, C<z>, C<z>, C<z>, C<z>, C<z>, C<z>, C<z>, C<z>, C<z>, C<z>, C<z>;
V_$0xce48930 .net "ag_accreg_ifc_ag1_agent_rd_data", 127, 0, C<z>, C<z>, C<z>, C<z>, C<z>, C<z>, C<z>, C<z>, C<z>, C<z>, C<z>, C<z>, C<z>, C<z>, C<z>, C<z>, C<z>, C<z>, C<z>, C<z>, C<z>, C<z>, C<z>, C<z>, C<z>, C<z>, C<z>, C<z>, C<z>, C<z>, C<z>, C<z>, C<z>, C<z>, C<z>, C<z>, C<z>, C<z>, C<z>, C<z>, C<z>, C<z>, C<z>, C<z>, C<z>, C<z>, C<z>, C<z>, C<z>, C<z>, C<z>, C<z>, C<z>, C<z>, C<z>, C<z>, C<z>, C<z>, C<z>, C<z>, C<z>, C<z>, C<z>, C<z>, C<z>, C<z>, C<z>, C<z>, C<z>, C<z>, C<z>, C<z>, C<z>, C<z>, C<z>, C<z>, C<z>, C<z>, C<z>, C<z>, C<z>, C<z>, C<z>, C<z>, C<z>, C<z>, C<z>, C<z>, C<z>, C<z>, C<z>, C<z>, C<z>, C<z>, C<z>, C<z>, C<z>, C<z>, C<z>, C<z>, C<z>, C<z>, C<z>, C<z>, C<z>, C<z>, C<z>, C<z>, C<z>, C<z>, C<z>, C<z>, C<z>, C<z>, C<z>, C<z>, C<z>, C<z>, C<z>, C<z>, C<z>, C<z>, C<z>, C<z>, C<z>, C<z>, C<z>, C<z>;
V_$0xce25390 .net "ag_accreg_ifc_ag1_agent_rd_req", 3, 0, C<z>, C<z>, C<z>, C<z>;
V_$0xce48020 .net "ag_accreg_ifc_ag1_agent_wr_data", 31, 0, C<z>, C<z>, C<z>, C<z>, C<z>, C<z>, C<z>, C<z>, C<z>, C<z>, C<z>, C<z>, C<z>, C<z>, C<z>, C<z>, C<z>, C<z>, C<z>, C<z>, C<z>, C<z>, C<z>, C<z>, C<z>, C<z>, C<z>, C<z>, C<z>, C<z>, C<z>, C<z>;
V_$0xce493b0 .net "ag_accreg_ifc_ag1_agent_wr_req", 3, 0, C<z>, C<z>, C<z>, C<z>;
V_$0xce48980 .net "ag_accreg_ifc_ag2_agent_ack", 3, 0, C<z>, C<z>, C<z>, C<z>;
V_$0xce49570 .net "ag_accreg_ifc_ag2_agent_address", 31, 0, C<z>, C<z>, C<z>, C<z>, C<z>, C<z>, C<z>, C<z>, C<z>, C<z>, C<z>, C<z>, C<z>, C<z>, C<z>, C<z>, C<z>, C<z>, C<z>, C<z>, C<z>, C<z>, C<z>, C<z>, C<z>, C<z>, C<z>, C<z>, C<z>, C<z>, C<z>, C<z>;
V_$0xce49e80 .net "ag_accreg_ifc_ag2_agent_rd_data", 127, 0, C<z>, C<z>, C<z>, C<z>, C<z>, C<z>, C<z>, C<z>, C<z>, C<z>, C<z>, C<z>, C<z>, C<z>, C<z>, C<z>, C<z>, C<z>, C<z>, C<z>, C<z>, C<z>, C<z>, C<z>, C<z>, C<z>, C<z>, C<z>, C<z>, C<z>, C<z>, C<z>, C<z>, C<z>, C<z>, C<z>, C<z>, C<z>, C<z>, C<z>, C<z>, C<z>, C<z>, C<z>, C<z>, C<z>, C<z>, C<z>, C<z>, C<z>, C<z>, C<z>, C<z>, C<z>, C<z>, C<z>, C<z>, C<z>, C<z>, C<z>, C<z>, C<z>, C<z>, C<z>, C<z>, C<z>, C<z>, C<z>, C<z>, C<z>, C<z>, C<z>, C<z>, C<z>, C<z>, C<z>, C<z>, C<z>, C<z>, C<z>, C<z>, C<z>, C<z>, C<z>, C<z>, C<z>, C<z>, C<z>, C<z>, C<z>, C<z>, C<z>, C<z>, C<z>, C<z>, C<z>, C<z>, C<z>, C<z>, C<z>, C<z>, C<z>, C<z>, C<z>, C<z>, C<z>, C<z>, C<z>, C<z>, C<z>, C<z>, C<z>, C<z>, C<z>, C<z>, C<z>, C<z>, C<z>, C<z>, C<z>, C<z>, C<z>, C<z>, C<z>, C<z>, C<z>, C<z>, C<z>;
V_$0xce4a110 .net "ag_accreg_ifc_ag2_agent_rd_req", 3, 0, C<z>, C<z>, C<z>, C<z>;
V_$0xce496c0 .net "ag_accreg_ifc_ag2_agent_wr_data", 31, 0, C<z>, C<z>, C<z>, C<z>, C<z>, C<z>, C<z>, C<z>, C<z>, C<z>, C<z>, C<z>, C<z>, C<z>, C<z>, C<z>, C<z>, C<z>, C<z>, C<z>, C<z>, C<z>, C<z>, C<z>, C<z>, C<z>, C<z>, C<z>, C<z>, C<z>, C<z>, C<z>;
V_$0xce4ac00 .net "ag_accreg_ifc_ag2_agent_wr_req", 3, 0, C<z>, C<z>, C<z>, C<z>;
V_$0xce4a260 .net "ag_accreg_ifc_ag3_agent_ack", 3, 0, C<z>, C<z>, C<z>, C<z>;
V_$0xce4aeb0 .net "ag_accreg_ifc_ag3_agent_address", 31, 0, C<z>, C<z>, C<z>, C<z>, C<z>, C<z>, C<z>, C<z>, C<z>, C<z>, C<z>, C<z>, C<z>, C<z>, C<z>, C<z>, C<z>, C<z>, C<z>, C<z>, C<z>, C<z>, C<z>, C<z>, C<z>, C<z>, C<z>, C<z>, C<z>, C<z>, C<z>, C<z>;
V_$0xce4b830 .net "ag_accreg_ifc_ag3_agent_rd_data", 127, 0, C<z>, C<z>, C<z>, C<z>, C<z>, C<z>, C<z>, C<z>, C<z>, C<z>, C<z>, C<z>, C<z>, C<z>, C<z>, C<z>, C<z>, C<z>, C<z>, C<z>, C<z>, C<z>, C<z>, C<z>, C<z>, C<z>, C<z>, C<z>, C<z>, C<z>, C<z>, C<z>, C<z>, C<z>, C<z>, C<z>, C<z>, C<z>, C<z>, C<z>, C<z>, C<z>, C<z>, C<z>, C<z>, C<z>, C<z>, C<z>, C<z>, C<z>, C<z>, C<z>, C<z>, C<z>, C<z>, C<z>, C<z>, C<z>, C<z>, C<z>, C<z>, C<z>, C<z>, C<z>, C<z>, C<z>, C<z>, C<z>, C<z>, C<z>, C<z>, C<z>, C<z>, C<z>, C<z>, C<z>, C<z>, C<z>, C<z>, C<z>, C<z>, C<z>, C<z>, C<z>, C<z>, C<z>, C<z>, C<z>, C<z>, C<z>, C<z>, C<z>, C<z>, C<z>, C<z>, C<z>, C<z>, C<z>, C<z>, C<z>, C<z>, C<z>, C<z>, C<z>, C<z>, C<z>, C<z>, C<z>, C<z>, C<z>, C<z>, C<z>, C<z>, C<z>, C<z>, C<z>, C<z>, C<z>, C<z>, C<z>, C<z>, C<z>, C<z>, C<z>, C<z>, C<z>, C<z>, C<z>;
V_$0xcdf8800 .net "ag_accreg_ifc_ag3_agent_rd_req", 3, 0, C<z>, C<z>, C<z>, C<z>;
V_$0xce4b000 .net "ag_accreg_ifc_ag3_agent_wr_data", 31, 0, C<z>, C<z>, C<z>, C<z>, C<z>, C<z>, C<z>, C<z>, C<z>, C<z>, C<z>, C<z>, C<z>, C<z>, C<z>, C<z>, C<z>, C<z>, C<z>, C<z>, C<z>, C<z>, C<z>, C<z>, C<z>, C<z>, C<z>, C<z>, C<z>, C<z>, C<z>, C<z>;
V_$0xcdf9320 .net "ag_accreg_ifc_ag3_agent_wr_req", 3, 0, C<z>, C<z>, C<z>, C<z>;
V_$0xcdf88d0 .net "ag_ofifo_ifc_ag0_fp_outfifo_data", 31, 0, C<z>, C<z>, C<z>, C<z>, C<z>, C<z>, C<z>, C<z>, C<z>, C<z>, C<z>, C<z>, C<z>, C<z>, C<z>, C<z>, C<z>, C<z>, C<z>, C<z>, C<z>, C<z>, C<z>, C<z>, C<z>, C<z>, C<z>, C<z>, C<z>, C<z>, C<z>, C<z>;
V_$0xce9cf30 .net "ag_ofifo_ifc_ag0_fp_outfifo_full", 0, 0, C<z>;
V_$0xcdf93b0 .net "ag_ofifo_ifc_ag0_fp_outfifo_full_count", 4, 0, C<z>, C<z>, C<z>, C<z>, C<z>;
V_$0xce9d160 .net "ag_ofifo_ifc_ag0_fp_outfifo_pkt_tag", 15, 0, C<z>, C<z>, C<z>, C<z>, C<z>, C<z>, C<z>, C<z>, C<z>, C<z>, C<z>, C<z>, C<z>, C<z>, C<z>, C<z>;
V_$0xce9d660 .net "ag_ofifo_ifc_ag0_fp_outfifo_write", 0, 0, C<z>;
V_$0xce9d6f0 .net "ag_ofifo_ifc_ag1_fp_outfifo_data", 31, 0, C<z>, C<z>, C<z>, C<z>, C<z>, C<z>, C<z>, C<z>, C<z>, C<z>, C<z>, C<z>, C<z>, C<z>, C<z>, C<z>, C<z>, C<z>, C<z>, C<z>, C<z>, C<z>, C<z>, C<z>, C<z>, C<z>, C<z>, C<z>, C<z>, C<z>, C<z>, C<z>;
V_$0xcf4d5f0 .net "ag_ofifo_ifc_ag1_fp_outfifo_full", 0, 0, C<z>;
V_$0xcf4d680 .net "ag_ofifo_ifc_ag1_fp_outfifo_full_count", 4, 0, C<z>, C<z>, C<z>, C<z>, C<z>;
V_$0xce26ab0 .net "ag_ofifo_ifc_ag1_fp_outfifo_pkt_tag", 15, 0, C<z>, C<z>, C<z>, C<z>, C<z>, C<z>, C<z>, C<z>, C<z>, C<z>, C<z>, C<z>, C<z>, C<z>, C<z>, C<z>;
V_$0xce260f0 .net "ag_ofifo_ifc_ag1_fp_outfifo_write", 0, 0, C<z>;
V_$0xce57340 .net "ag_ofifo_ifc_ag2_fp_outfifo_data", 31, 0, C<z>, C<z>, C<z>, C<z>, C<z>, C<z>, C<z>, C<z>, C<z>, C<z>, C<z>, C<z>, C<z>, C<z>, C<z>, C<z>, C<z>, C<z>, C<z>, C<z>, C<z>, C<z>, C<z>, C<z>, C<z>, C<z>, C<z>, C<z>, C<z>, C<z>, C<z>, C<z>;
V_$0xce2bb40 .net "ag_ofifo_ifc_ag2_fp_outfifo_full", 0, 0, C<z>;
V_$0xce57120 .net "ag_ofifo_ifc_ag2_fp_outfifo_full_count", 4, 0, C<z>, C<z>, C<z>, C<z>, C<z>;
V_$0xce572b0 .net "ag_ofifo_ifc_ag2_fp_outfifo_pkt_tag", 15, 0, C<z>, C<z>, C<z>, C<z>, C<z>, C<z>, C<z>, C<z>, C<z>, C<z>, C<z>, C<z>, C<z>, C<z>, C<z>, C<z>;
V_$0xce2bc90 .net "ag_ofifo_ifc_ag2_fp_outfifo_write", 0, 0, C<z>;
V_$0xce2bd20 .net "ag_ofifo_ifc_ag3_fp_outfifo_data", 31, 0, C<z>, C<z>, C<z>, C<z>, C<z>, C<z>, C<z>, C<z>, C<z>, C<z>, C<z>, C<z>, C<z>, C<z>, C<z>, C<z>, C<z>, C<z>, C<z>, C<z>, C<z>, C<z>, C<z>, C<z>, C<z>, C<z>, C<z>, C<z>, C<z>, C<z>, C<z>, C<z>;
V_$0xcf4c1d0 .net "ag_ofifo_ifc_ag3_fp_outfifo_full", 0, 0, C<z>;
V_$0xcf4c260 .net "ag_ofifo_ifc_ag3_fp_outfifo_full_count", 4, 0, C<z>, C<z>, C<z>, C<z>, C<z>;
V_$0xce6abd0 .net "ag_ofifo_ifc_ag3_fp_outfifo_pkt_tag", 15, 0, C<z>, C<z>, C<z>, C<z>, C<z>, C<z>, C<z>, C<z>, C<z>, C<z>, C<z>, C<z>, C<z>, C<z>, C<z>, C<z>;
V_$0xcf4c370 .net "ag_ofifo_ifc_ag3_fp_outfifo_write", 0, 0, C<z>;
V_$0xce68d70 .net "from_csw_ifc_ag_cluster_data_to_agents", 31, 0, C<z>, C<z>, C<z>, C<z>, C<z>, C<z>, C<z>, C<z>, C<z>, C<z>, C<z>, C<z>, C<z>, C<z>, C<z>, C<z>, C<z>, C<z>, C<z>, C<z>, C<z>, C<z>, C<z>, C<z>, C<z>, C<z>, C<z>, C<z>, C<z>, C<z>, C<z>, C<z>;
V_$0xce687b0 .net "from_csw_ifc_ag_cluster_dev_id_to_agents", 4, 0, C<z>, C<z>, C<z>, C<z>, C<z>;
V_$0xce68dc0 .net "from_csw_ifc_ag_cluster_ptag_to_agents", 15, 0, C<z>, C<z>, C<z>, C<z>, C<z>, C<z>, C<z>, C<z>, C<z>, C<z>, C<z>, C<z>, C<z>, C<z>, C<z>, C<z>;
V_$0xce68e10 .net "from_csw_ifc_ag_cluster_wr_to_agents", 0, 0, C<z>;
V_$0xce68890 .net "ififo_ag_ifc_ff0_fp_infifo_data", 31, 0, C<z>, C<z>, C<z>, C<z>, C<z>, C<z>, C<z>, C<z>, C<z>, C<z>, C<z>, C<z>, C<z>, C<z>, C<z>, C<z>, C<z>, C<z>, C<z>, C<z>, C<z>, C<z>, C<z>, C<z>, C<z>, C<z>, C<z>, C<z>, C<z>, C<z>, C<z>, C<z>;
V_$0xcf4ccd0 .net "ififo_ag_ifc_ff0_fp_infifo_empty", 0, 0, C<z>;
V_$0xce55f70 .net "ififo_ag_ifc_ff0_fp_infifo_empty_count", 4, 0, C<z>, C<z>, C<z>, C<z>, C<z>;
V_$0xce26eb0 .net "ififo_ag_ifc_ff0_fp_infifo_pkt_tag", 15, 0, C<z>, C<z>, C<z>, C<z>, C<z>, C<z>, C<z>, C<z>, C<z>, C<z>, C<z>, C<z>, C<z>, C<z>, C<z>, C<z>;
V_$0xcf4c5c0 .net "ififo_ag_ifc_ff0_fp_infifo_rd", 0, 0, C<z>;
V_$0xce55cd0 .net "ififo_ag_ifc_ff1_fp_infifo_data", 31, 0, C<z>, C<z>, C<z>, C<z>, C<z>, C<z>, C<z>, C<z>, C<z>, C<z>, C<z>, C<z>, C<z>, C<z>, C<z>, C<z>, C<z>, C<z>, C<z>, C<z>, C<z>, C<z>, C<z>, C<z>, C<z>, C<z>, C<z>, C<z>, C<z>, C<z>, C<z>, C<z>;
V_$0xce9e000 .net "ififo_ag_ifc_ff1_fp_infifo_empty", 0, 0, C<z>;
V_$0xce9e090 .net "ififo_ag_ifc_ff1_fp_infifo_empty_count", 4, 0, C<z>, C<z>, C<z>, C<z>, C<z>;
V_$0xce27f00 .net "ififo_ag_ifc_ff1_fp_infifo_pkt_tag", 15, 0, C<z>, C<z>, C<z>, C<z>, C<z>, C<z>, C<z>, C<z>, C<z>, C<z>, C<z>, C<z>, C<z>, C<z>, C<z>, C<z>;
V_$0xce1b2e0 .net "ififo_ag_ifc_ff1_fp_infifo_rd", 0, 0, C<z>;
V_$0xce28100 .net "ififo_ag_ifc_ff2_fp_infifo_data", 31, 0, C<z>, C<z>, C<z>, C<z>, C<z>, C<z>, C<z>, C<z>, C<z>, C<z>, C<z>, C<z>, C<z>, C<z>, C<z>, C<z>, C<z>, C<z>, C<z>, C<z>, C<z>, C<z>, C<z>, C<z>, C<z>, C<z>, C<z>, C<z>, C<z>, C<z>, C<z>, C<z>;
V_$0xce9e5e0 .net "ififo_ag_ifc_ff2_fp_infifo_empty", 0, 0, C<z>;
V_$0xce9e670 .net "ififo_ag_ifc_ff2_fp_infifo_empty_count", 4, 0, C<z>, C<z>, C<z>, C<z>, C<z>;
V_$0xce9e800 .net "ififo_ag_ifc_ff2_fp_infifo_pkt_tag", 15, 0, C<z>, C<z>, C<z>, C<z>, C<z>, C<z>, C<z>, C<z>, C<z>, C<z>, C<z>, C<z>, C<z>, C<z>, C<z>, C<z>;
V_$0xce9ece0 .net "ififo_ag_ifc_ff2_fp_infifo_rd", 0, 0, C<z>;
V_$0xce9ed70 .net "ififo_ag_ifc_ff3_fp_infifo_data", 31, 0, C<z>, C<z>, C<z>, C<z>, C<z>, C<z>, C<z>, C<z>, C<z>, C<z>, C<z>, C<z>, C<z>, C<z>, C<z>, C<z>, C<z>, C<z>, C<z>, C<z>, C<z>, C<z>, C<z>, C<z>, C<z>, C<z>, C<z>, C<z>, C<z>, C<z>, C<z>, C<z>;
V_$0xce9edc0 .net "ififo_ag_ifc_ff3_fp_infifo_empty", 0, 0, C<z>;
V_$0xce9ee50 .net "ififo_ag_ifc_ff3_fp_infifo_empty_count", 4, 0, C<z>, C<z>, C<z>, C<z>, C<z>;
V_$0xcefd4e0 .net "ififo_ag_ifc_ff3_fp_infifo_pkt_tag", 15, 0, C<z>, C<z>, C<z>, C<z>, C<z>, C<z>, C<z>, C<z>, C<z>, C<z>, C<z>, C<z>, C<z>, C<z>, C<z>, C<z>;
V_$0xce9ef20 .net "ififo_ag_ifc_ff3_fp_infifo_rd", 0, 0, C<z>;
V_$0xcefd770 .net "ofifo_acc_ifc_ff0_acc_rd_from_agents", 0, 0, C<z>;
V_$0xcefd970 .net "ofifo_acc_ifc_ff0_fpo_data_from_agents", 31, 0, C<z>, C<z>, C<z>, C<z>, C<z>, C<z>, C<z>, C<z>, C<z>, C<z>, C<z>, C<z>, C<z>, C<z>, C<z>, C<z>, C<z>, C<z>, C<z>, C<z>, C<z>, C<z>, C<z>, C<z>, C<z>, C<z>, C<z>, C<z>, C<z>, C<z>, C<z>, C<z>;
V_$0xce9f670 .net "ofifo_acc_ifc_ff0_fpo_empty_from_agents", 0, 0, C<z>;
V_$0xce9f700 .net "ofifo_acc_ifc_ff0_fpo_ptag_from_agents", 15, 0, C<z>, C<z>, C<z>, C<z>, C<z>, C<z>, C<z>, C<z>, C<z>, C<z>, C<z>, C<z>, C<z>, C<z>, C<z>, C<z>;
V_$0xce9f170 .net "ofifo_acc_ifc_ff1_acc_rd_from_agents", 0, 0, C<z>;
V_$0xce9f200 .net "ofifo_acc_ifc_ff1_fpo_data_from_agents", 31, 0, C<z>, C<z>, C<z>, C<z>, C<z>, C<z>, C<z>, C<z>, C<z>, C<z>, C<z>, C<z>, C<z>, C<z>, C<z>, C<z>, C<z>, C<z>, C<z>, C<z>, C<z>, C<z>, C<z>, C<z>, C<z>, C<z>, C<z>, C<z>, C<z>, C<z>, C<z>, C<z>;
V_$0xce9fd70 .net "ofifo_acc_ifc_ff1_fpo_empty_from_agents", 0, 0, C<z>;
V_$0xce9fe00 .net "ofifo_acc_ifc_ff1_fpo_ptag_from_agents", 15, 0, C<z>, C<z>, C<z>, C<z>, C<z>, C<z>, C<z>, C<z>, C<z>, C<z>, C<z>, C<z>, C<z>, C<z>, C<z>, C<z>;
V_$0xce9f950 .net "ofifo_acc_ifc_ff2_acc_rd_from_agents", 0, 0, C<z>;
V_$0xce9f9e0 .net "ofifo_acc_ifc_ff2_fpo_data_from_agents", 31, 0, C<z>, C<z>, C<z>, C<z>, C<z>, C<z>, C<z>, C<z>, C<z>, C<z>, C<z>, C<z>, C<z>, C<z>, C<z>, C<z>, C<z>, C<z>, C<z>, C<z>, C<z>, C<z>, C<z>, C<z>, C<z>, C<z>, C<z>, C<z>, C<z>, C<z>, C<z>, C<z>;
V_$0xcea0450 .net "ofifo_acc_ifc_ff2_fpo_empty_from_agents", 0, 0, C<z>;
V_$0xcea04e0 .net "ofifo_acc_ifc_ff2_fpo_ptag_from_agents", 15, 0, C<z>, C<z>, C<z>, C<z>, C<z>, C<z>, C<z>, C<z>, C<z>, C<z>, C<z>, C<z>, C<z>, C<z>, C<z>, C<z>;
V_$0xcea0090 .net "ofifo_acc_ifc_ff3_acc_rd_from_agents", 0, 0, C<z>;
V_$0xcea0120 .net "ofifo_acc_ifc_ff3_fpo_data_from_agents", 31, 0, C<z>, C<z>, C<z>, C<z>, C<z>, C<z>, C<z>, C<z>, C<z>, C<z>, C<z>, C<z>, C<z>, C<z>, C<z>, C<z>, C<z>, C<z>, C<z>, C<z>, C<z>, C<z>, C<z>, C<z>, C<z>, C<z>, C<z>, C<z>, C<z>, C<z>, C<z>, C<z>;
V_$0xcea0b50 .net "ofifo_acc_ifc_ff3_fpo_empty_from_agents", 0, 0, C<z>;
V_$0xcea0be0 .net "ofifo_acc_ifc_ff3_fpo_ptag_from_agents", 15, 0, C<z>, C<z>, C<z>, C<z>, C<z>, C<z>, C<z>, C<z>, C<z>, C<z>, C<z>, C<z>, C<z>, C<z>, C<z>, C<z>;
V_$0xcea0770 .net "to_csw_ifc_ag_cluster_data_from_agents", 31, 0, C<z>, C<z>, C<z>, C<z>, C<z>, C<z>, C<z>, C<z>, C<z>, C<z>, C<z>, C<z>, C<z>, C<z>, C<z>, C<z>, C<z>, C<z>, C<z>, C<z>, C<z>, C<z>, C<z>, C<z>, C<z>, C<z>, C<z>, C<z>, C<z>, C<z>, C<z>, C<z>;
V_$0xcea0c30 .net "to_csw_ifc_ag_cluster_dest_from_agents", 8, 0, C<z>, C<z>, C<z>, C<z>, C<z>, C<z>, C<z>, C<z>, C<z>;
V_$0xce69500 .net "to_csw_ifc_ag_cluster_ptag_from_agents", 15, 0, C<z>, C<z>, C<z>, C<z>, C<z>, C<z>, C<z>, C<z>, C<z>, C<z>, C<z>, C<z>, C<z>, C<z>, C<z>, C<z>;
V_$0xce695e0 .net "to_csw_ifc_ag_cluster_ready_to_agents", 0, 0, C<z>;
V_$0xce69630 .net "to_csw_ifc_ag_cluster_wr_from_agents", 0, 0, C<z>;
S_0xcefa290 .scope module, "I_AGT3_FP0_IN" "fifo_port32_in", S_0xcdfe940;
 .timescale 0;
V_$0xcefa360 .net "acc_ififo_ifc_ff3_acc_credit_ack", 3, 0, C<z>, C<z>, C<z>, C<z>;
V_$0xcefa4a0 .net "acc_ififo_ifc_ff3_acc_credit_enable", 0, 0, C<z>;
V_$0xcefa520 .net "acc_ififo_ifc_ff3_acc_data_to_agents", 31, 0, C<z>, C<z>, C<z>, C<z>, C<z>, C<z>, C<z>, C<z>, C<z>, C<z>, C<z>, C<z>, C<z>, C<z>, C<z>, C<z>, C<z>, C<z>, C<z>, C<z>, C<z>, C<z>, C<z>, C<z>, C<z>, C<z>, C<z>, C<z>, C<z>, C<z>, C<z>, C<z>;
V_$0xcefac80 .net "acc_ififo_ifc_ff3_acc_ptag_to_agents", 15, 0, C<z>, C<z>, C<z>, C<z>, C<z>, C<z>, C<z>, C<z>, C<z>, C<z>, C<z>, C<z>, C<z>, C<z>, C<z>, C<z>;
V_$0xcefb090 .net "acc_ififo_ifc_ff3_acc_wr_to_agents", 0, 0, C<z>;
V_$0xcefb110 .net "acc_ififo_ifc_ff3_fp_full_to_agents", 0, 0, C<z>;
V_$0xcefb160 .net "acc_ififo_ifc_ff3_fpi_credit_data", 127, 0, C<z>, C<z>, C<z>, C<z>, C<z>, C<z>, C<z>, C<z>, C<z>, C<z>, C<z>, C<z>, C<z>, C<z>, C<z>, C<z>, C<z>, C<z>, C<z>, C<z>, C<z>, C<z>, C<z>, C<z>, C<z>, C<z>, C<z>, C<z>, C<z>, C<z>, C<z>, C<z>, C<z>, C<z>, C<z>, C<z>, C<z>, C<z>, C<z>, C<z>, C<z>, C<z>, C<z>, C<z>, C<z>, C<z>, C<z>, C<z>, C<z>, C<z>, C<z>, C<z>, C<z>, C<z>, C<z>, C<z>, C<z>, C<z>, C<z>, C<z>, C<z>, C<z>, C<z>, C<z>, C<z>, C<z>, C<z>, C<z>, C<z>, C<z>, C<z>, C<z>, C<z>, C<z>, C<z>, C<z>, C<z>, C<z>, C<z>, C<z>, C<z>, C<z>, C<z>, C<z>, C<z>, C<z>, C<z>, C<z>, C<z>, C<z>, C<z>, C<z>, C<z>, C<z>, C<z>, C<z>, C<z>, C<z>, C<z>, C<z>, C<z>, C<z>, C<z>, C<z>, C<z>, C<z>, C<z>, C<z>, C<z>, C<z>, C<z>, C<z>, C<z>, C<z>, C<z>, C<z>, C<z>, C<z>, C<z>, C<z>, C<z>, C<z>, C<z>, C<z>, C<z>, C<z>, C<z>, C<z>;
V_$0xcefcd90 .net "acc_ififo_ifc_ff3_fpi_credit_req", 3, 0, C<z>, C<z>, C<z>, C<z>;
V_$0xcefcf20 .net "ififo_ag_ifc_ff3_fp_infifo_data", 31, 0, C<z>, C<z>, C<z>, C<z>, C<z>, C<z>, C<z>, C<z>, C<z>, C<z>, C<z>, C<z>, C<z>, C<z>, C<z>, C<z>, C<z>, C<z>, C<z>, C<z>, C<z>, C<z>, C<z>, C<z>, C<z>, C<z>, C<z>, C<z>, C<z>, C<z>, C<z>, C<z>;
V_$0xcefd650 .net "ififo_ag_ifc_ff3_fp_infifo_empty", 0, 0, C<z>;
V_$0xcefcde0 .net "ififo_ag_ifc_ff3_fp_infifo_empty_count", 4, 0, C<z>, C<z>, C<z>, C<z>, C<z>;
V_$0xcefd820 .net "ififo_ag_ifc_ff3_fp_infifo_pkt_tag", 15, 0, C<z>, C<z>, C<z>, C<z>, C<z>, C<z>, C<z>, C<z>, C<z>, C<z>, C<z>, C<z>, C<z>, C<z>, C<z>, C<z>;
V_$0xcefdc40 .net "ififo_ag_ifc_ff3_fp_infifo_rd", 0, 0, C<z>;
S_0xce58090 .scope module, "I_AGT2_FP0_IN" "fifo_port32_in", S_0xcdfe940;
 .timescale 0;
V_$0xce58160 .net "acc_ififo_ifc_ff2_acc_credit_ack", 3, 0, C<z>, C<z>, C<z>, C<z>;
V_$0xce582a0 .net "acc_ififo_ifc_ff2_acc_credit_enable", 0, 0, C<z>;
V_$0xce58320 .net "acc_ififo_ifc_ff2_acc_data_to_agents", 31, 0, C<z>, C<z>, C<z>, C<z>, C<z>, C<z>, C<z>, C<z>, C<z>, C<z>, C<z>, C<z>, C<z>, C<z>, C<z>, C<z>, C<z>, C<z>, C<z>, C<z>, C<z>, C<z>, C<z>, C<z>, C<z>, C<z>, C<z>, C<z>, C<z>, C<z>, C<z>, C<z>;
V_$0xce58a80 .net "acc_ififo_ifc_ff2_acc_ptag_to_agents", 15, 0, C<z>, C<z>, C<z>, C<z>, C<z>, C<z>, C<z>, C<z>, C<z>, C<z>, C<z>, C<z>, C<z>, C<z>, C<z>, C<z>;
V_$0xce58e90 .net "acc_ififo_ifc_ff2_acc_wr_to_agents", 0, 0, C<z>;
V_$0xce58f10 .net "acc_ififo_ifc_ff2_fp_full_to_agents", 0, 0, C<z>;
V_$0xce58f60 .net "acc_ififo_ifc_ff2_fpi_credit_data", 127, 0, C<z>, C<z>, C<z>, C<z>, C<z>, C<z>, C<z>, C<z>, C<z>, C<z>, C<z>, C<z>, C<z>, C<z>, C<z>, C<z>, C<z>, C<z>, C<z>, C<z>, C<z>, C<z>, C<z>, C<z>, C<z>, C<z>, C<z>, C<z>, C<z>, C<z>, C<z>, C<z>, C<z>, C<z>, C<z>, C<z>, C<z>, C<z>, C<z>, C<z>, C<z>, C<z>, C<z>, C<z>, C<z>, C<z>, C<z>, C<z>, C<z>, C<z>, C<z>, C<z>, C<z>, C<z>, C<z>, C<z>, C<z>, C<z>, C<z>, C<z>, C<z>, C<z>, C<z>, C<z>, C<z>, C<z>, C<z>, C<z>, C<z>, C<z>, C<z>, C<z>, C<z>, C<z>, C<z>, C<z>, C<z>, C<z>, C<z>, C<z>, C<z>, C<z>, C<z>, C<z>, C<z>, C<z>, C<z>, C<z>, C<z>, C<z>, C<z>, C<z>, C<z>, C<z>, C<z>, C<z>, C<z>, C<z>, C<z>, C<z>, C<z>, C<z>, C<z>, C<z>, C<z>, C<z>, C<z>, C<z>, C<z>, C<z>, C<z>, C<z>, C<z>, C<z>, C<z>, C<z>, C<z>, C<z>, C<z>, C<z>, C<z>, C<z>, C<z>, C<z>, C<z>, C<z>, C<z>, C<z>;
V_$0xce5a830 .net "acc_ififo_ifc_ff2_fpi_credit_req", 3, 0, C<z>, C<z>, C<z>, C<z>;
V_$0xce5a9c0 .net "ififo_ag_ifc_ff2_fp_infifo_data", 31, 0, C<z>, C<z>, C<z>, C<z>, C<z>, C<z>, C<z>, C<z>, C<z>, C<z>, C<z>, C<z>, C<z>, C<z>, C<z>, C<z>, C<z>, C<z>, C<z>, C<z>, C<z>, C<z>, C<z>, C<z>, C<z>, C<z>, C<z>, C<z>, C<z>, C<z>, C<z>, C<z>;
V_$0xce5b120 .net "ififo_ag_ifc_ff2_fp_infifo_empty", 0, 0, C<z>;
V_$0xce5a880 .net "ififo_ag_ifc_ff2_fp_infifo_empty_count", 4, 0, C<z>, C<z>, C<z>, C<z>, C<z>;
V_$0xce5b320 .net "ififo_ag_ifc_ff2_fp_infifo_pkt_tag", 15, 0, C<z>, C<z>, C<z>, C<z>, C<z>, C<z>, C<z>, C<z>, C<z>, C<z>, C<z>, C<z>, C<z>, C<z>, C<z>, C<z>;
V_$0xcefa210 .net "ififo_ag_ifc_ff2_fp_infifo_rd", 0, 0, C<z>;
S_0xce56670 .scope module, "I_AGT1_FP0_OUT" "fifo_port32_out", S_0xcdfe940;
 .timescale 0;
V_$0xce56740 .net "ag_ofifo_ifc_ff1_fp_outfifo_data", 31, 0, C<z>, C<z>, C<z>, C<z>, C<z>, C<z>, C<z>, C<z>, C<z>, C<z>, C<z>, C<z>, C<z>, C<z>, C<z>, C<z>, C<z>, C<z>, C<z>, C<z>, C<z>, C<z>, C<z>, C<z>, C<z>, C<z>, C<z>, C<z>, C<z>, C<z>, C<z>, C<z>;
V_$0xce56e10 .net "ag_ofifo_ifc_ff1_fp_outfifo_full", 0, 0, C<z>;
V_$0xce56e90 .net "ag_ofifo_ifc_ff1_fp_outfifo_full_count", 4, 0, C<z>, C<z>, C<z>, C<z>, C<z>;
V_$0xce56fd0 .net "ag_ofifo_ifc_ff1_fp_outfifo_pkt_tag", 15, 0, C<z>, C<z>, C<z>, C<z>, C<z>, C<z>, C<z>, C<z>, C<z>, C<z>, C<z>, C<z>, C<z>, C<z>, C<z>, C<z>;
V_$0xce573b0 .net "ag_ofifo_ifc_ff1_fp_outfifo_write", 0, 0, C<z>;
V_$0xce57430 .net "ofifo_acc_ifc_ff1_acc_rd_from_agents", 0, 0, C<z>;
V_$0xce57480 .net "ofifo_acc_ifc_ff1_fpo_data_from_agents", 31, 0, C<z>, C<z>, C<z>, C<z>, C<z>, C<z>, C<z>, C<z>, C<z>, C<z>, C<z>, C<z>, C<z>, C<z>, C<z>, C<z>, C<z>, C<z>, C<z>, C<z>, C<z>, C<z>, C<z>, C<z>, C<z>, C<z>, C<z>, C<z>, C<z>, C<z>, C<z>, C<z>;
V_$0xce57be0 .net "ofifo_acc_ifc_ff1_fpo_empty_from_agents", 0, 0, C<z>;
V_$0xce57cb0 .net "ofifo_acc_ifc_ff1_fpo_ptag_from_agents", 15, 0, C<z>, C<z>, C<z>, C<z>, C<z>, C<z>, C<z>, C<z>, C<z>, C<z>, C<z>, C<z>, C<z>, C<z>, C<z>, C<z>;
S_0xce230f0 .scope module, "I_AGENT_0" "loopback32_agent", S_0xcdfe940;
 .timescale 0;
V_$0xce231c0 .net "ag_accreg_ifc_ag0_agent_ack", 3, 0, C<z>, C<z>, C<z>, C<z>;
V_$0xce23300 .net "ag_accreg_ifc_ag0_agent_address", 31, 0, C<z>, C<z>, C<z>, C<z>, C<z>, C<z>, C<z>, C<z>, C<z>, C<z>, C<z>, C<z>, C<z>, C<z>, C<z>, C<z>, C<z>, C<z>, C<z>, C<z>, C<z>, C<z>, C<z>, C<z>, C<z>, C<z>, C<z>, C<z>, C<z>, C<z>, C<z>, C<z>;
V_$0xce23a30 .net "ag_accreg_ifc_ag0_agent_rd_data", 127, 0, C<z>, C<z>, C<z>, C<z>, C<z>, C<z>, C<z>, C<z>, C<z>, C<z>, C<z>, C<z>, C<z>, C<z>, C<z>, C<z>, C<z>, C<z>, C<z>, C<z>, C<z>, C<z>, C<z>, C<z>, C<z>, C<z>, C<z>, C<z>, C<z>, C<z>, C<z>, C<z>, C<z>, C<z>, C<z>, C<z>, C<z>, C<z>, C<z>, C<z>, C<z>, C<z>, C<z>, C<z>, C<z>, C<z>, C<z>, C<z>, C<z>, C<z>, C<z>, C<z>, C<z>, C<z>, C<z>, C<z>, C<z>, C<z>, C<z>, C<z>, C<z>, C<z>, C<z>, C<z>, C<z>, C<z>, C<z>, C<z>, C<z>, C<z>, C<z>, C<z>, C<z>, C<z>, C<z>, C<z>, C<z>, C<z>, C<z>, C<z>, C<z>, C<z>, C<z>, C<z>, C<z>, C<z>, C<z>, C<z>, C<z>, C<z>, C<z>, C<z>, C<z>, C<z>, C<z>, C<z>, C<z>, C<z>, C<z>, C<z>, C<z>, C<z>, C<z>, C<z>, C<z>, C<z>, C<z>, C<z>, C<z>, C<z>, C<z>, C<z>, C<z>, C<z>, C<z>, C<z>, C<z>, C<z>, C<z>, C<z>, C<z>, C<z>, C<z>, C<z>, C<z>, C<z>, C<z>, C<z>;
V_$0xce25510 .net "ag_accreg_ifc_ag0_agent_rd_req", 3, 0, C<z>, C<z>, C<z>, C<z>;
V_$0xce25680 .net "ag_accreg_ifc_ag0_agent_wr_data", 31, 0, C<z>, C<z>, C<z>, C<z>, C<z>, C<z>, C<z>, C<z>, C<z>, C<z>, C<z>, C<z>, C<z>, C<z>, C<z>, C<z>, C<z>, C<z>, C<z>, C<z>, C<z>, C<z>, C<z>, C<z>, C<z>, C<z>, C<z>, C<z>, C<z>, C<z>, C<z>, C<z>;
V_$0xce25db0 .net "ag_accreg_ifc_ag0_agent_wr_req", 3, 0, C<z>, C<z>, C<z>, C<z>;
V_$0xce25ed0 .net "ag_ofifo_ifc_ag0_fp_outfifo_data", 31, 0, C<z>, C<z>, C<z>, C<z>, C<z>, C<z>, C<z>, C<z>, C<z>, C<z>, C<z>, C<z>, C<z>, C<z>, C<z>, C<z>, C<z>, C<z>, C<z>, C<z>, C<z>, C<z>, C<z>, C<z>, C<z>, C<z>, C<z>, C<z>, C<z>, C<z>, C<z>, C<z>;
V_$0xce26630 .net "ag_ofifo_ifc_ag0_fp_outfifo_full", 0, 0, C<z>;
V_$0xce26700 .net "ag_ofifo_ifc_ag0_fp_outfifo_full_count", 4, 0, C<z>, C<z>, C<z>, C<z>, C<z>;
V_$0xce26870 .net "ag_ofifo_ifc_ag0_fp_outfifo_pkt_tag", 15, 0, C<z>, C<z>, C<z>, C<z>, C<z>, C<z>, C<z>, C<z>, C<z>, C<z>, C<z>, C<z>, C<z>, C<z>, C<z>, C<z>;
V_$0xce26680 .net "ag_ofifo_ifc_ag0_fp_outfifo_write", 0, 0, C<z>;
V_$0xce26ce0 .net "ififo_ag_ifc_ag0_fp_infifo_data", 31, 0, C<z>, C<z>, C<z>, C<z>, C<z>, C<z>, C<z>, C<z>, C<z>, C<z>, C<z>, C<z>, C<z>, C<z>, C<z>, C<z>, C<z>, C<z>, C<z>, C<z>, C<z>, C<z>, C<z>, C<z>, C<z>, C<z>, C<z>, C<z>, C<z>, C<z>, C<z>, C<z>;
V_$0xce55fd0 .net "ififo_ag_ifc_ag0_fp_infifo_empty", 0, 0, C<z>;
V_$0xce56050 .net "ififo_ag_ifc_ag0_fp_infifo_empty_count", 4, 0, C<z>, C<z>, C<z>, C<z>, C<z>;
V_$0xce561e0 .net "ififo_ag_ifc_ag0_fp_infifo_pkt_tag", 15, 0, C<z>, C<z>, C<z>, C<z>, C<z>, C<z>, C<z>, C<z>, C<z>, C<z>, C<z>, C<z>, C<z>, C<z>, C<z>, C<z>;
V_$0xce56590 .net "ififo_ag_ifc_ag0_fp_infifo_rd", 0, 0, C<z>;
S_0xce23020 .scope module, "agent_long_reach_" "agent_long_reach", S_0xcdfe940;
 .timescale 0;
S_0xce6ba70 .scope module, "I_AGT0_FP0_OUT" "fifo_port32_out", S_0xcdfe940;
 .timescale 0;
V_$0xce6bb40 .net "ag_ofifo_ifc_ff0_fp_outfifo_data", 31, 0, C<z>, C<z>, C<z>, C<z>, C<z>, C<z>, C<z>, C<z>, C<z>, C<z>, C<z>, C<z>, C<z>, C<z>, C<z>, C<z>, C<z>, C<z>, C<z>, C<z>, C<z>, C<z>, C<z>, C<z>, C<z>, C<z>, C<z>, C<z>, C<z>, C<z>, C<z>, C<z>;
V_$0xce684c0 .net "ag_ofifo_ifc_ff0_fp_outfifo_full", 0, 0, C<z>;
V_$0xce6c710 .net "ag_ofifo_ifc_ff0_fp_outfifo_full_count", 4, 0, C<z>, C<z>, C<z>, C<z>, C<z>;
V_$0xce6c7f0 .net "ag_ofifo_ifc_ff0_fp_outfifo_pkt_tag", 15, 0, C<z>, C<z>, C<z>, C<z>, C<z>, C<z>, C<z>, C<z>, C<z>, C<z>, C<z>, C<z>, C<z>, C<z>, C<z>, C<z>;
V_$0xce21ef0 .net "ag_ofifo_ifc_ff0_fp_outfifo_write", 0, 0, C<z>;
V_$0xce22230 .net "ofifo_acc_ifc_ff0_acc_rd_from_agents", 0, 0, C<z>;
V_$0xce222f0 .net "ofifo_acc_ifc_ff0_fpo_data_from_agents", 31, 0, C<z>, C<z>, C<z>, C<z>, C<z>, C<z>, C<z>, C<z>, C<z>, C<z>, C<z>, C<z>, C<z>, C<z>, C<z>, C<z>, C<z>, C<z>, C<z>, C<z>, C<z>, C<z>, C<z>, C<z>, C<z>, C<z>, C<z>, C<z>, C<z>, C<z>, C<z>, C<z>;
V_$0xce22b70 .net "ofifo_acc_ifc_ff0_fpo_empty_from_agents", 0, 0, C<z>;
V_$0xce22c40 .net "ofifo_acc_ifc_ff0_fpo_ptag_from_agents", 15, 0, C<z>, C<z>, C<z>, C<z>, C<z>, C<z>, C<z>, C<z>, C<z>, C<z>, C<z>, C<z>, C<z>, C<z>, C<z>, C<z>;
S_0xce69f60 .scope module, "I_AGT2_FP0_OUT" "fifo_port32_out", S_0xcdfe940;
 .timescale 0;
V_$0xce6a030 .net "ag_ofifo_ifc_ff2_fp_outfifo_data", 31, 0, C<z>, C<z>, C<z>, C<z>, C<z>, C<z>, C<z>, C<z>, C<z>, C<z>, C<z>, C<z>, C<z>, C<z>, C<z>, C<z>, C<z>, C<z>, C<z>, C<z>, C<z>, C<z>, C<z>, C<z>, C<z>, C<z>, C<z>, C<z>, C<z>, C<z>, C<z>, C<z>;
V_$0xce6a790 .net "ag_ofifo_ifc_ff2_fp_outfifo_full", 0, 0, C<z>;
V_$0xce6a810 .net "ag_ofifo_ifc_ff2_fp_outfifo_full_count", 4, 0, C<z>, C<z>, C<z>, C<z>, C<z>;
V_$0xce6a980 .net "ag_ofifo_ifc_ff2_fp_outfifo_pkt_tag", 15, 0, C<z>, C<z>, C<z>, C<z>, C<z>, C<z>, C<z>, C<z>, C<z>, C<z>, C<z>, C<z>, C<z>, C<z>, C<z>, C<z>;
V_$0xce6ad90 .net "ag_ofifo_ifc_ff2_fp_outfifo_write", 0, 0, C<z>;
V_$0xce6ae10 .net "ofifo_acc_ifc_ff2_acc_rd_from_agents", 0, 0, C<z>;
V_$0xce6ae60 .net "ofifo_acc_ifc_ff2_fpo_data_from_agents", 31, 0, C<z>, C<z>, C<z>, C<z>, C<z>, C<z>, C<z>, C<z>, C<z>, C<z>, C<z>, C<z>, C<z>, C<z>, C<z>, C<z>, C<z>, C<z>, C<z>, C<z>, C<z>, C<z>, C<z>, C<z>, C<z>, C<z>, C<z>, C<z>, C<z>, C<z>, C<z>, C<z>;
V_$0xce6b5c0 .net "ofifo_acc_ifc_ff2_fpo_empty_from_agents", 0, 0, C<z>;
V_$0xce6b690 .net "ofifo_acc_ifc_ff2_fpo_ptag_from_agents", 15, 0, C<z>, C<z>, C<z>, C<z>, C<z>, C<z>, C<z>, C<z>, C<z>, C<z>, C<z>, C<z>, C<z>, C<z>, C<z>, C<z>;
S_0xce683f0 .scope module, "I_AGT3_FP0_OUT" "fifo_port32_out", S_0xcdfe940;
 .timescale 0;
V_$0xce679a0 .net "ag_ofifo_ifc_ff3_fp_outfifo_data", 31, 0, C<z>, C<z>, C<z>, C<z>, C<z>, C<z>, C<z>, C<z>, C<z>, C<z>, C<z>, C<z>, C<z>, C<z>, C<z>, C<z>, C<z>, C<z>, C<z>, C<z>, C<z>, C<z>, C<z>, C<z>, C<z>, C<z>, C<z>, C<z>, C<z>, C<z>, C<z>, C<z>;
V_$0xce68c70 .net "ag_ofifo_ifc_ff3_fp_outfifo_full", 0, 0, C<z>;
V_$0xce68cf0 .net "ag_ofifo_ifc_ff3_fp_outfifo_full_count", 4, 0, C<z>, C<z>, C<z>, C<z>, C<z>;
V_$0xce68e60 .net "ag_ofifo_ifc_ff3_fp_outfifo_pkt_tag", 15, 0, C<z>, C<z>, C<z>, C<z>, C<z>, C<z>, C<z>, C<z>, C<z>, C<z>, C<z>, C<z>, C<z>, C<z>, C<z>, C<z>;
V_$0xce69240 .net "ag_ofifo_ifc_ff3_fp_outfifo_write", 0, 0, C<z>;
V_$0xce692c0 .net "ofifo_acc_ifc_ff3_acc_rd_from_agents", 0, 0, C<z>;
V_$0xce69350 .net "ofifo_acc_ifc_ff3_fpo_data_from_agents", 31, 0, C<z>, C<z>, C<z>, C<z>, C<z>, C<z>, C<z>, C<z>, C<z>, C<z>, C<z>, C<z>, C<z>, C<z>, C<z>, C<z>, C<z>, C<z>, C<z>, C<z>, C<z>, C<z>, C<z>, C<z>, C<z>, C<z>, C<z>, C<z>, C<z>, C<z>, C<z>, C<z>;
V_$0xce69ab0 .net "ofifo_acc_ifc_ff3_fpo_empty_from_agents", 0, 0, C<z>;
V_$0xce69b80 .net "ofifo_acc_ifc_ff3_fpo_ptag_from_agents", 15, 0, C<z>, C<z>, C<z>, C<z>, C<z>, C<z>, C<z>, C<z>, C<z>, C<z>, C<z>, C<z>, C<z>, C<z>, C<z>, C<z>;
S_0xce7af50 .scope module, "I_AGENT_2" "loopback32_agent", S_0xcdfe940;
 .timescale 0;
V_$0xce7bf10 .net "ag_accreg_ifc_ag2_agent_ack", 3, 0, C<z>, C<z>, C<z>, C<z>;
V_$0xce7bf90 .net "ag_accreg_ifc_ag2_agent_address", 31, 0, C<z>, C<z>, C<z>, C<z>, C<z>, C<z>, C<z>, C<z>, C<z>, C<z>, C<z>, C<z>, C<z>, C<z>, C<z>, C<z>, C<z>, C<z>, C<z>, C<z>, C<z>, C<z>, C<z>, C<z>, C<z>, C<z>, C<z>, C<z>, C<z>, C<z>, C<z>, C<z>;
V_$0xcdf7e20 .net "ag_accreg_ifc_ag2_agent_rd_data", 127, 0, C<z>, C<z>, C<z>, C<z>, C<z>, C<z>, C<z>, C<z>, C<z>, C<z>, C<z>, C<z>, C<z>, C<z>, C<z>, C<z>, C<z>, C<z>, C<z>, C<z>, C<z>, C<z>, C<z>, C<z>, C<z>, C<z>, C<z>, C<z>, C<z>, C<z>, C<z>, C<z>, C<z>, C<z>, C<z>, C<z>, C<z>, C<z>, C<z>, C<z>, C<z>, C<z>, C<z>, C<z>, C<z>, C<z>, C<z>, C<z>, C<z>, C<z>, C<z>, C<z>, C<z>, C<z>, C<z>, C<z>, C<z>, C<z>, C<z>, C<z>, C<z>, C<z>, C<z>, C<z>, C<z>, C<z>, C<z>, C<z>, C<z>, C<z>, C<z>, C<z>, C<z>, C<z>, C<z>, C<z>, C<z>, C<z>, C<z>, C<z>, C<z>, C<z>, C<z>, C<z>, C<z>, C<z>, C<z>, C<z>, C<z>, C<z>, C<z>, C<z>, C<z>, C<z>, C<z>, C<z>, C<z>, C<z>, C<z>, C<z>, C<z>, C<z>, C<z>, C<z>, C<z>, C<z>, C<z>, C<z>, C<z>, C<z>, C<z>, C<z>, C<z>, C<z>, C<z>, C<z>, C<z>, C<z>, C<z>, C<z>, C<z>, C<z>, C<z>, C<z>, C<z>, C<z>, C<z>, C<z>;
V_$0xcdf9a80 .net "ag_accreg_ifc_ag2_agent_rd_req", 3, 0, C<z>, C<z>, C<z>, C<z>;
V_$0xcdf9bf0 .net "ag_accreg_ifc_ag2_agent_wr_data", 31, 0, C<z>, C<z>, C<z>, C<z>, C<z>, C<z>, C<z>, C<z>, C<z>, C<z>, C<z>, C<z>, C<z>, C<z>, C<z>, C<z>, C<z>, C<z>, C<z>, C<z>, C<z>, C<z>, C<z>, C<z>, C<z>, C<z>, C<z>, C<z>, C<z>, C<z>, C<z>, C<z>;
V_$0xcdfa320 .net "ag_accreg_ifc_ag2_agent_wr_req", 3, 0, C<z>, C<z>, C<z>, C<z>;
V_$0xcdfa440 .net "ag_ofifo_ifc_ag2_fp_outfifo_data", 31, 0, C<z>, C<z>, C<z>, C<z>, C<z>, C<z>, C<z>, C<z>, C<z>, C<z>, C<z>, C<z>, C<z>, C<z>, C<z>, C<z>, C<z>, C<z>, C<z>, C<z>, C<z>, C<z>, C<z>, C<z>, C<z>, C<z>, C<z>, C<z>, C<z>, C<z>, C<z>, C<z>;
V_$0xcdfa8b0 .net "ag_ofifo_ifc_ag2_fp_outfifo_full", 0, 0, C<z>;
V_$0xcdfb510 .net "ag_ofifo_ifc_ag2_fp_outfifo_full_count", 4, 0, C<z>, C<z>, C<z>, C<z>, C<z>;
V_$0xcdfb310 .net "ag_ofifo_ifc_ag2_fp_outfifo_pkt_tag", 15, 0, C<z>, C<z>, C<z>, C<z>, C<z>, C<z>, C<z>, C<z>, C<z>, C<z>, C<z>, C<z>, C<z>, C<z>, C<z>, C<z>;
V_$0xcdfb770 .net "ag_ofifo_ifc_ag2_fp_outfifo_write", 0, 0, C<z>;
V_$0xcdfbd20 .net "ififo_ag_ifc_ag2_fp_infifo_data", 31, 0, C<z>, C<z>, C<z>, C<z>, C<z>, C<z>, C<z>, C<z>, C<z>, C<z>, C<z>, C<z>, C<z>, C<z>, C<z>, C<z>, C<z>, C<z>, C<z>, C<z>, C<z>, C<z>, C<z>, C<z>, C<z>, C<z>, C<z>, C<z>, C<z>, C<z>, C<z>, C<z>;
V_$0xcdfc230 .net "ififo_ag_ifc_ag2_fp_infifo_empty", 0, 0, C<z>;
V_$0xcdfcbb0 .net "ififo_ag_ifc_ag2_fp_infifo_empty_count", 4, 0, C<z>, C<z>, C<z>, C<z>, C<z>;
V_$0xce67cb0 .net "ififo_ag_ifc_ag2_fp_infifo_pkt_tag", 15, 0, C<z>, C<z>, C<z>, C<z>, C<z>, C<z>, C<z>, C<z>, C<z>, C<z>, C<z>, C<z>, C<z>, C<z>, C<z>, C<z>;
V_$0xce68020 .net "ififo_ag_ifc_ag2_fp_infifo_rd", 0, 0, C<z>;
S_0xcf65dd0 .scope module, "acc_" "acc", S_0xcdfe940;
 .timescale 0;
V_$0xcf65ea0 .net "acc_ififo_ifc_acc0_acc_credit_ack", 3, 0, C<z>, C<z>, C<z>, C<z>;
V_$0xcf66000 .net "acc_ififo_ifc_acc0_acc_credit_enable", 0, 0, C<z>;
V_$0xcf66080 .net "acc_ififo_ifc_acc0_acc_data_to_agents", 31, 0, C<z>, C<z>, C<z>, C<z>, C<z>, C<z>, C<z>, C<z>, C<z>, C<z>, C<z>, C<z>, C<z>, C<z>, C<z>, C<z>, C<z>, C<z>, C<z>, C<z>, C<z>, C<z>, C<z>, C<z>, C<z>, C<z>, C<z>, C<z>, C<z>, C<z>, C<z>, C<z>;
V_$0xcf66690 .net "acc_ififo_ifc_acc0_acc_ptag_to_agents", 15, 0, C<z>, C<z>, C<z>, C<z>, C<z>, C<z>, C<z>, C<z>, C<z>, C<z>, C<z>, C<z>, C<z>, C<z>, C<z>, C<z>;
V_$0xcf66a10 .net "acc_ififo_ifc_acc0_acc_wr_to_agents", 0, 0, C<z>;
V_$0xcf66a90 .net "acc_ififo_ifc_acc0_fp_full_to_agents", 0, 0, C<z>;
V_$0xcf66ae0 .net "acc_ififo_ifc_acc0_fpi_credit_data", 127, 0, C<z>, C<z>, C<z>, C<z>, C<z>, C<z>, C<z>, C<z>, C<z>, C<z>, C<z>, C<z>, C<z>, C<z>, C<z>, C<z>, C<z>, C<z>, C<z>, C<z>, C<z>, C<z>, C<z>, C<z>, C<z>, C<z>, C<z>, C<z>, C<z>, C<z>, C<z>, C<z>, C<z>, C<z>, C<z>, C<z>, C<z>, C<z>, C<z>, C<z>, C<z>, C<z>, C<z>, C<z>, C<z>, C<z>, C<z>, C<z>, C<z>, C<z>, C<z>, C<z>, C<z>, C<z>, C<z>, C<z>, C<z>, C<z>, C<z>, C<z>, C<z>, C<z>, C<z>, C<z>, C<z>, C<z>, C<z>, C<z>, C<z>, C<z>, C<z>, C<z>, C<z>, C<z>, C<z>, C<z>, C<z>, C<z>, C<z>, C<z>, C<z>, C<z>, C<z>, C<z>, C<z>, C<z>, C<z>, C<z>, C<z>, C<z>, C<z>, C<z>, C<z>, C<z>, C<z>, C<z>, C<z>, C<z>, C<z>, C<z>, C<z>, C<z>, C<z>, C<z>, C<z>, C<z>, C<z>, C<z>, C<z>, C<z>, C<z>, C<z>, C<z>, C<z>, C<z>, C<z>, C<z>, C<z>, C<z>, C<z>, C<z>, C<z>, C<z>, C<z>, C<z>, C<z>, C<z>, C<z>;
V_$0xcf143d0 .net "acc_ififo_ifc_acc0_fpi_credit_req", 3, 0, C<z>, C<z>, C<z>, C<z>;
V_$0xcf14560 .net "acc_ififo_ifc_acc1_acc_credit_ack", 3, 0, C<z>, C<z>, C<z>, C<z>;
V_$0xcf146a0 .net "acc_ififo_ifc_acc1_acc_credit_enable", 0, 0, C<z>;
V_$0xcf14420 .net "acc_ififo_ifc_acc1_acc_data_to_agents", 31, 0, C<z>, C<z>, C<z>, C<z>, C<z>, C<z>, C<z>, C<z>, C<z>, C<z>, C<z>, C<z>, C<z>, C<z>, C<z>, C<z>, C<z>, C<z>, C<z>, C<z>, C<z>, C<z>, C<z>, C<z>, C<z>, C<z>, C<z>, C<z>, C<z>, C<z>, C<z>, C<z>;
V_$0xcf31f00 .net "acc_ififo_ifc_acc1_acc_ptag_to_agents", 15, 0, C<z>, C<z>, C<z>, C<z>, C<z>, C<z>, C<z>, C<z>, C<z>, C<z>, C<z>, C<z>, C<z>, C<z>, C<z>, C<z>;
V_$0xcf32350 .net "acc_ififo_ifc_acc1_acc_wr_to_agents", 0, 0, C<z>;
V_$0xcf323d0 .net "acc_ififo_ifc_acc1_fp_full_to_agents", 0, 0, C<z>;
V_$0xcf31f50 .net "acc_ififo_ifc_acc1_fpi_credit_data", 127, 0, C<z>, C<z>, C<z>, C<z>, C<z>, C<z>, C<z>, C<z>, C<z>, C<z>, C<z>, C<z>, C<z>, C<z>, C<z>, C<z>, C<z>, C<z>, C<z>, C<z>, C<z>, C<z>, C<z>, C<z>, C<z>, C<z>, C<z>, C<z>, C<z>, C<z>, C<z>, C<z>, C<z>, C<z>, C<z>, C<z>, C<z>, C<z>, C<z>, C<z>, C<z>, C<z>, C<z>, C<z>, C<z>, C<z>, C<z>, C<z>, C<z>, C<z>, C<z>, C<z>, C<z>, C<z>, C<z>, C<z>, C<z>, C<z>, C<z>, C<z>, C<z>, C<z>, C<z>, C<z>, C<z>, C<z>, C<z>, C<z>, C<z>, C<z>, C<z>, C<z>, C<z>, C<z>, C<z>, C<z>, C<z>, C<z>, C<z>, C<z>, C<z>, C<z>, C<z>, C<z>, C<z>, C<z>, C<z>, C<z>, C<z>, C<z>, C<z>, C<z>, C<z>, C<z>, C<z>, C<z>, C<z>, C<z>, C<z>, C<z>, C<z>, C<z>, C<z>, C<z>, C<z>, C<z>, C<z>, C<z>, C<z>, C<z>, C<z>, C<z>, C<z>, C<z>, C<z>, C<z>, C<z>, C<z>, C<z>, C<z>, C<z>, C<z>, C<z>, C<z>, C<z>, C<z>, C<z>, C<z>;
V_$0xcf54840 .net "acc_ififo_ifc_acc1_fpi_credit_req", 3, 0, C<z>, C<z>, C<z>, C<z>;
V_$0xcf549b0 .net "acc_ififo_ifc_acc2_acc_credit_ack", 3, 0, C<z>, C<z>, C<z>, C<z>;
V_$0xcf54d40 .net "acc_ififo_ifc_acc2_acc_credit_enable", 0, 0, C<z>;
V_$0xcf548c0 .net "acc_ififo_ifc_acc2_acc_data_to_agents", 31, 0, C<z>, C<z>, C<z>, C<z>, C<z>, C<z>, C<z>, C<z>, C<z>, C<z>, C<z>, C<z>, C<z>, C<z>, C<z>, C<z>, C<z>, C<z>, C<z>, C<z>, C<z>, C<z>, C<z>, C<z>, C<z>, C<z>, C<z>, C<z>, C<z>, C<z>, C<z>, C<z>;
V_$0xcf55330 .net "acc_ififo_ifc_acc2_acc_ptag_to_agents", 15, 0, C<z>, C<z>, C<z>, C<z>, C<z>, C<z>, C<z>, C<z>, C<z>, C<z>, C<z>, C<z>, C<z>, C<z>, C<z>, C<z>;
V_$0xcef7b60 .net "acc_ififo_ifc_acc2_acc_wr_to_agents", 0, 0, C<z>;
V_$0xcef7ed0 .net "acc_ififo_ifc_acc2_fp_full_to_agents", 0, 0, C<z>;
V_$0xcef7800 .net "acc_ififo_ifc_acc2_fpi_credit_data", 127, 0, C<z>, C<z>, C<z>, C<z>, C<z>, C<z>, C<z>, C<z>, C<z>, C<z>, C<z>, C<z>, C<z>, C<z>, C<z>, C<z>, C<z>, C<z>, C<z>, C<z>, C<z>, C<z>, C<z>, C<z>, C<z>, C<z>, C<z>, C<z>, C<z>, C<z>, C<z>, C<z>, C<z>, C<z>, C<z>, C<z>, C<z>, C<z>, C<z>, C<z>, C<z>, C<z>, C<z>, C<z>, C<z>, C<z>, C<z>, C<z>, C<z>, C<z>, C<z>, C<z>, C<z>, C<z>, C<z>, C<z>, C<z>, C<z>, C<z>, C<z>, C<z>, C<z>, C<z>, C<z>, C<z>, C<z>, C<z>, C<z>, C<z>, C<z>, C<z>, C<z>, C<z>, C<z>, C<z>, C<z>, C<z>, C<z>, C<z>, C<z>, C<z>, C<z>, C<z>, C<z>, C<z>, C<z>, C<z>, C<z>, C<z>, C<z>, C<z>, C<z>, C<z>, C<z>, C<z>, C<z>, C<z>, C<z>, C<z>, C<z>, C<z>, C<z>, C<z>, C<z>, C<z>, C<z>, C<z>, C<z>, C<z>, C<z>, C<z>, C<z>, C<z>, C<z>, C<z>, C<z>, C<z>, C<z>, C<z>, C<z>, C<z>, C<z>, C<z>, C<z>, C<z>, C<z>, C<z>, C<z>;
V_$0xcef8990 .net "acc_ififo_ifc_acc2_fpi_credit_req", 3, 0, C<z>, C<z>, C<z>, C<z>;
V_$0xcdf7510 .net "acc_ififo_ifc_acc3_acc_credit_ack", 3, 0, C<z>, C<z>, C<z>, C<z>;
V_$0xcdf7980 .net "acc_ififo_ifc_acc3_acc_credit_enable", 0, 0, C<z>;
V_$0xcdf7830 .net "acc_ififo_ifc_acc3_acc_data_to_agents", 31, 0, C<z>, C<z>, C<z>, C<z>, C<z>, C<z>, C<z>, C<z>, C<z>, C<z>, C<z>, C<z>, C<z>, C<z>, C<z>, C<z>, C<z>, C<z>, C<z>, C<z>, C<z>, C<z>, C<z>, C<z>, C<z>, C<z>, C<z>, C<z>, C<z>, C<z>, C<z>, C<z>;
V_$0xcdf75c0 .net "acc_ififo_ifc_acc3_acc_ptag_to_agents", 15, 0, C<z>, C<z>, C<z>, C<z>, C<z>, C<z>, C<z>, C<z>, C<z>, C<z>, C<z>, C<z>, C<z>, C<z>, C<z>, C<z>;
V_$0xceab470 .net "acc_ififo_ifc_acc3_acc_wr_to_agents", 0, 0, C<z>;
V_$0xceabb40 .net "acc_ififo_ifc_acc3_fp_full_to_agents", 0, 0, C<z>;
V_$0xceabcf0 .net "acc_ififo_ifc_acc3_fpi_credit_data", 127, 0, C<z>, C<z>, C<z>, C<z>, C<z>, C<z>, C<z>, C<z>, C<z>, C<z>, C<z>, C<z>, C<z>, C<z>, C<z>, C<z>, C<z>, C<z>, C<z>, C<z>, C<z>, C<z>, C<z>, C<z>, C<z>, C<z>, C<z>, C<z>, C<z>, C<z>, C<z>, C<z>, C<z>, C<z>, C<z>, C<z>, C<z>, C<z>, C<z>, C<z>, C<z>, C<z>, C<z>, C<z>, C<z>, C<z>, C<z>, C<z>, C<z>, C<z>, C<z>, C<z>, C<z>, C<z>, C<z>, C<z>, C<z>, C<z>, C<z>, C<z>, C<z>, C<z>, C<z>, C<z>, C<z>, C<z>, C<z>, C<z>, C<z>, C<z>, C<z>, C<z>, C<z>, C<z>, C<z>, C<z>, C<z>, C<z>, C<z>, C<z>, C<z>, C<z>, C<z>, C<z>, C<z>, C<z>, C<z>, C<z>, C<z>, C<z>, C<z>, C<z>, C<z>, C<z>, C<z>, C<z>, C<z>, C<z>, C<z>, C<z>, C<z>, C<z>, C<z>, C<z>, C<z>, C<z>, C<z>, C<z>, C<z>, C<z>, C<z>, C<z>, C<z>, C<z>, C<z>, C<z>, C<z>, C<z>, C<z>, C<z>, C<z>, C<z>, C<z>, C<z>, C<z>, C<z>, C<z>, C<z>;
V_$0xceb17b0 .net "acc_ififo_ifc_acc3_fpi_credit_req", 3, 0, C<z>, C<z>, C<z>, C<z>;
V_$0xceabc70 .net "ag_accreg_ifc_acc0_agent_ack", 3, 0, C<z>, C<z>, C<z>, C<z>;
V_$0xcebd520 .net "ag_accreg_ifc_acc0_agent_address", 31, 0, C<z>, C<z>, C<z>, C<z>, C<z>, C<z>, C<z>, C<z>, C<z>, C<z>, C<z>, C<z>, C<z>, C<z>, C<z>, C<z>, C<z>, C<z>, C<z>, C<z>, C<z>, C<z>, C<z>, C<z>, C<z>, C<z>, C<z>, C<z>, C<z>, C<z>, C<z>, C<z>;
V_$0xcebd0e0 .net "ag_accreg_ifc_acc0_agent_rd_data", 127, 0, C<z>, C<z>, C<z>, C<z>, C<z>, C<z>, C<z>, C<z>, C<z>, C<z>, C<z>, C<z>, C<z>, C<z>, C<z>, C<z>, C<z>, C<z>, C<z>, C<z>, C<z>, C<z>, C<z>, C<z>, C<z>, C<z>, C<z>, C<z>, C<z>, C<z>, C<z>, C<z>, C<z>, C<z>, C<z>, C<z>, C<z>, C<z>, C<z>, C<z>, C<z>, C<z>, C<z>, C<z>, C<z>, C<z>, C<z>, C<z>, C<z>, C<z>, C<z>, C<z>, C<z>, C<z>, C<z>, C<z>, C<z>, C<z>, C<z>, C<z>, C<z>, C<z>, C<z>, C<z>, C<z>, C<z>, C<z>, C<z>, C<z>, C<z>, C<z>, C<z>, C<z>, C<z>, C<z>, C<z>, C<z>, C<z>, C<z>, C<z>, C<z>, C<z>, C<z>, C<z>, C<z>, C<z>, C<z>, C<z>, C<z>, C<z>, C<z>, C<z>, C<z>, C<z>, C<z>, C<z>, C<z>, C<z>, C<z>, C<z>, C<z>, C<z>, C<z>, C<z>, C<z>, C<z>, C<z>, C<z>, C<z>, C<z>, C<z>, C<z>, C<z>, C<z>, C<z>, C<z>, C<z>, C<z>, C<z>, C<z>, C<z>, C<z>, C<z>, C<z>, C<z>, C<z>, C<z>, C<z>;
V_$0xcec23a0 .net "ag_accreg_ifc_acc0_agent_rd_req", 3, 0, C<z>, C<z>, C<z>, C<z>;
V_$0xcebd640 .net "ag_accreg_ifc_acc0_agent_wr_data", 31, 0, C<z>, C<z>, C<z>, C<z>, C<z>, C<z>, C<z>, C<z>, C<z>, C<z>, C<z>, C<z>, C<z>, C<z>, C<z>, C<z>, C<z>, C<z>, C<z>, C<z>, C<z>, C<z>, C<z>, C<z>, C<z>, C<z>, C<z>, C<z>, C<z>, C<z>, C<z>, C<z>;
V_$0xced4950 .net "ag_accreg_ifc_acc0_agent_wr_req", 3, 0, C<z>, C<z>, C<z>, C<z>;
V_$0xced4560 .net "ag_accreg_ifc_acc1_agent_ack", 3, 0, C<z>, C<z>, C<z>, C<z>;
V_$0xce8eb50 .net "ag_accreg_ifc_acc1_agent_address", 31, 0, C<z>, C<z>, C<z>, C<z>, C<z>, C<z>, C<z>, C<z>, C<z>, C<z>, C<z>, C<z>, C<z>, C<z>, C<z>, C<z>, C<z>, C<z>, C<z>, C<z>, C<z>, C<z>, C<z>, C<z>, C<z>, C<z>, C<z>, C<z>, C<z>, C<z>, C<z>, C<z>;
V_$0xce8f2d0 .net "ag_accreg_ifc_acc1_agent_rd_data", 127, 0, C<z>, C<z>, C<z>, C<z>, C<z>, C<z>, C<z>, C<z>, C<z>, C<z>, C<z>, C<z>, C<z>, C<z>, C<z>, C<z>, C<z>, C<z>, C<z>, C<z>, C<z>, C<z>, C<z>, C<z>, C<z>, C<z>, C<z>, C<z>, C<z>, C<z>, C<z>, C<z>, C<z>, C<z>, C<z>, C<z>, C<z>, C<z>, C<z>, C<z>, C<z>, C<z>, C<z>, C<z>, C<z>, C<z>, C<z>, C<z>, C<z>, C<z>, C<z>, C<z>, C<z>, C<z>, C<z>, C<z>, C<z>, C<z>, C<z>, C<z>, C<z>, C<z>, C<z>, C<z>, C<z>, C<z>, C<z>, C<z>, C<z>, C<z>, C<z>, C<z>, C<z>, C<z>, C<z>, C<z>, C<z>, C<z>, C<z>, C<z>, C<z>, C<z>, C<z>, C<z>, C<z>, C<z>, C<z>, C<z>, C<z>, C<z>, C<z>, C<z>, C<z>, C<z>, C<z>, C<z>, C<z>, C<z>, C<z>, C<z>, C<z>, C<z>, C<z>, C<z>, C<z>, C<z>, C<z>, C<z>, C<z>, C<z>, C<z>, C<z>, C<z>, C<z>, C<z>, C<z>, C<z>, C<z>, C<z>, C<z>, C<z>, C<z>, C<z>, C<z>, C<z>, C<z>, C<z>, C<z>;
V_$0xce30ba0 .net "ag_accreg_ifc_acc1_agent_rd_req", 3, 0, C<z>, C<z>, C<z>, C<z>;
V_$0xce8ed30 .net "ag_accreg_ifc_acc1_agent_wr_data", 31, 0, C<z>, C<z>, C<z>, C<z>, C<z>, C<z>, C<z>, C<z>, C<z>, C<z>, C<z>, C<z>, C<z>, C<z>, C<z>, C<z>, C<z>, C<z>, C<z>, C<z>, C<z>, C<z>, C<z>, C<z>, C<z>, C<z>, C<z>, C<z>, C<z>, C<z>, C<z>, C<z>;
V_$0xcea4520 .net "ag_accreg_ifc_acc1_agent_wr_req", 3, 0, C<z>, C<z>, C<z>, C<z>;
V_$0xce30cb0 .net "ag_accreg_ifc_acc2_agent_ack", 3, 0, C<z>, C<z>, C<z>, C<z>;
V_$0xcea47a0 .net "ag_accreg_ifc_acc2_agent_address", 31, 0, C<z>, C<z>, C<z>, C<z>, C<z>, C<z>, C<z>, C<z>, C<z>, C<z>, C<z>, C<z>, C<z>, C<z>, C<z>, C<z>, C<z>, C<z>, C<z>, C<z>, C<z>, C<z>, C<z>, C<z>, C<z>, C<z>, C<z>, C<z>, C<z>, C<z>, C<z>, C<z>;
V_$0xcea4c50 .net "ag_accreg_ifc_acc2_agent_rd_data", 127, 0, C<z>, C<z>, C<z>, C<z>, C<z>, C<z>, C<z>, C<z>, C<z>, C<z>, C<z>, C<z>, C<z>, C<z>, C<z>, C<z>, C<z>, C<z>, C<z>, C<z>, C<z>, C<z>, C<z>, C<z>, C<z>, C<z>, C<z>, C<z>, C<z>, C<z>, C<z>, C<z>, C<z>, C<z>, C<z>, C<z>, C<z>, C<z>, C<z>, C<z>, C<z>, C<z>, C<z>, C<z>, C<z>, C<z>, C<z>, C<z>, C<z>, C<z>, C<z>, C<z>, C<z>, C<z>, C<z>, C<z>, C<z>, C<z>, C<z>, C<z>, C<z>, C<z>, C<z>, C<z>, C<z>, C<z>, C<z>, C<z>, C<z>, C<z>, C<z>, C<z>, C<z>, C<z>, C<z>, C<z>, C<z>, C<z>, C<z>, C<z>, C<z>, C<z>, C<z>, C<z>, C<z>, C<z>, C<z>, C<z>, C<z>, C<z>, C<z>, C<z>, C<z>, C<z>, C<z>, C<z>, C<z>, C<z>, C<z>, C<z>, C<z>, C<z>, C<z>, C<z>, C<z>, C<z>, C<z>, C<z>, C<z>, C<z>, C<z>, C<z>, C<z>, C<z>, C<z>, C<z>, C<z>, C<z>, C<z>, C<z>, C<z>, C<z>, C<z>, C<z>, C<z>, C<z>, C<z>, C<z>;
V_$0xce2a330 .net "ag_accreg_ifc_acc2_agent_rd_req", 3, 0, C<z>, C<z>, C<z>, C<z>;
V_$0xcdf11c0 .net "ag_accreg_ifc_acc2_agent_wr_data", 31, 0, C<z>, C<z>, C<z>, C<z>, C<z>, C<z>, C<z>, C<z>, C<z>, C<z>, C<z>, C<z>, C<z>, C<z>, C<z>, C<z>, C<z>, C<z>, C<z>, C<z>, C<z>, C<z>, C<z>, C<z>, C<z>, C<z>, C<z>, C<z>, C<z>, C<z>, C<z>, C<z>;
V_$0xcdf1790 .net "ag_accreg_ifc_acc2_agent_wr_req", 3, 0, C<z>, C<z>, C<z>, C<z>;
V_$0xcdf1240 .net "ag_accreg_ifc_acc3_agent_ack", 3, 0, C<z>, C<z>, C<z>, C<z>;
V_$0xce2adc0 .net "ag_accreg_ifc_acc3_agent_address", 31, 0, C<z>, C<z>, C<z>, C<z>, C<z>, C<z>, C<z>, C<z>, C<z>, C<z>, C<z>, C<z>, C<z>, C<z>, C<z>, C<z>, C<z>, C<z>, C<z>, C<z>, C<z>, C<z>, C<z>, C<z>, C<z>, C<z>, C<z>, C<z>, C<z>, C<z>, C<z>, C<z>;
V_$0xce2b560 .net "ag_accreg_ifc_acc3_agent_rd_data", 127, 0, C<z>, C<z>, C<z>, C<z>, C<z>, C<z>, C<z>, C<z>, C<z>, C<z>, C<z>, C<z>, C<z>, C<z>, C<z>, C<z>, C<z>, C<z>, C<z>, C<z>, C<z>, C<z>, C<z>, C<z>, C<z>, C<z>, C<z>, C<z>, C<z>, C<z>, C<z>, C<z>, C<z>, C<z>, C<z>, C<z>, C<z>, C<z>, C<z>, C<z>, C<z>, C<z>, C<z>, C<z>, C<z>, C<z>, C<z>, C<z>, C<z>, C<z>, C<z>, C<z>, C<z>, C<z>, C<z>, C<z>, C<z>, C<z>, C<z>, C<z>, C<z>, C<z>, C<z>, C<z>, C<z>, C<z>, C<z>, C<z>, C<z>, C<z>, C<z>, C<z>, C<z>, C<z>, C<z>, C<z>, C<z>, C<z>, C<z>, C<z>, C<z>, C<z>, C<z>, C<z>, C<z>, C<z>, C<z>, C<z>, C<z>, C<z>, C<z>, C<z>, C<z>, C<z>, C<z>, C<z>, C<z>, C<z>, C<z>, C<z>, C<z>, C<z>, C<z>, C<z>, C<z>, C<z>, C<z>, C<z>, C<z>, C<z>, C<z>, C<z>, C<z>, C<z>, C<z>, C<z>, C<z>, C<z>, C<z>, C<z>, C<z>, C<z>, C<z>, C<z>, C<z>, C<z>, C<z>, C<z>;
V_$0xcf4ce50 .net "ag_accreg_ifc_acc3_agent_rd_req", 3, 0, C<z>, C<z>, C<z>, C<z>;
V_$0xce2b020 .net "ag_accreg_ifc_acc3_agent_wr_data", 31, 0, C<z>, C<z>, C<z>, C<z>, C<z>, C<z>, C<z>, C<z>, C<z>, C<z>, C<z>, C<z>, C<z>, C<z>, C<z>, C<z>, C<z>, C<z>, C<z>, C<z>, C<z>, C<z>, C<z>, C<z>, C<z>, C<z>, C<z>, C<z>, C<z>, C<z>, C<z>, C<z>;
V_$0xcf4d740 .net "ag_accreg_ifc_acc3_agent_wr_req", 3, 0, C<z>, C<z>, C<z>, C<z>;
V_$0xcf4cf00 .net "from_csw_ifc_acc_cluster_data_to_agents", 31, 0, C<z>, C<z>, C<z>, C<z>, C<z>, C<z>, C<z>, C<z>, C<z>, C<z>, C<z>, C<z>, C<z>, C<z>, C<z>, C<z>, C<z>, C<z>, C<z>, C<z>, C<z>, C<z>, C<z>, C<z>, C<z>, C<z>, C<z>, C<z>, C<z>, C<z>, C<z>, C<z>;
V_$0xcf4dc50 .net "from_csw_ifc_acc_cluster_dev_id_to_agents", 4, 0, C<z>, C<z>, C<z>, C<z>, C<z>;
V_$0xcf4e6a0 .net "from_csw_ifc_acc_cluster_ptag_to_agents", 15, 0, C<z>, C<z>, C<z>, C<z>, C<z>, C<z>, C<z>, C<z>, C<z>, C<z>, C<z>, C<z>, C<z>, C<z>, C<z>, C<z>;
V_$0xcf4ecc0 .net "from_csw_ifc_acc_cluster_wr_to_agents", 0, 0, C<z>;
V_$0xcf4f130 .net "ofifo_acc_ifc_acc0_acc_rd_from_agents", 0, 0, C<z>;
V_$0xcf4f1e0 .net "ofifo_acc_ifc_acc0_fpo_data_from_agents", 31, 0, C<z>, C<z>, C<z>, C<z>, C<z>, C<z>, C<z>, C<z>, C<z>, C<z>, C<z>, C<z>, C<z>, C<z>, C<z>, C<z>, C<z>, C<z>, C<z>, C<z>, C<z>, C<z>, C<z>, C<z>, C<z>, C<z>, C<z>, C<z>, C<z>, C<z>, C<z>, C<z>;
V_$0xcf4e8d0 .net "ofifo_acc_ifc_acc0_fpo_empty_from_agents", 0, 0, C<z>;
V_$0xce1c9b0 .net "ofifo_acc_ifc_acc0_fpo_ptag_from_agents", 15, 0, C<z>, C<z>, C<z>, C<z>, C<z>, C<z>, C<z>, C<z>, C<z>, C<z>, C<z>, C<z>, C<z>, C<z>, C<z>, C<z>;
V_$0xcf4f440 .net "ofifo_acc_ifc_acc1_acc_rd_from_agents", 0, 0, C<z>;
V_$0xce1cfd0 .net "ofifo_acc_ifc_acc1_fpo_data_from_agents", 31, 0, C<z>, C<z>, C<z>, C<z>, C<z>, C<z>, C<z>, C<z>, C<z>, C<z>, C<z>, C<z>, C<z>, C<z>, C<z>, C<z>, C<z>, C<z>, C<z>, C<z>, C<z>, C<z>, C<z>, C<z>, C<z>, C<z>, C<z>, C<z>, C<z>, C<z>, C<z>, C<z>;
V_$0xce1d500 .net "ofifo_acc_ifc_acc1_fpo_empty_from_agents", 0, 0, C<z>;
V_$0xce1e270 .net "ofifo_acc_ifc_acc1_fpo_ptag_from_agents", 15, 0, C<z>, C<z>, C<z>, C<z>, C<z>, C<z>, C<z>, C<z>, C<z>, C<z>, C<z>, C<z>, C<z>, C<z>, C<z>, C<z>;
V_$0xce1e100 .net "ofifo_acc_ifc_acc2_acc_rd_from_agents", 0, 0, C<z>;
V_$0xce1e890 .net "ofifo_acc_ifc_acc2_fpo_data_from_agents", 31, 0, C<z>, C<z>, C<z>, C<z>, C<z>, C<z>, C<z>, C<z>, C<z>, C<z>, C<z>, C<z>, C<z>, C<z>, C<z>, C<z>, C<z>, C<z>, C<z>, C<z>, C<z>, C<z>, C<z>, C<z>, C<z>, C<z>, C<z>, C<z>, C<z>, C<z>, C<z>, C<z>;
V_$0xce1c7b0 .net "ofifo_acc_ifc_acc2_fpo_empty_from_agents", 0, 0, C<z>;
V_$0xce1f8f0 .net "ofifo_acc_ifc_acc2_fpo_ptag_from_agents", 15, 0, C<z>, C<z>, C<z>, C<z>, C<z>, C<z>, C<z>, C<z>, C<z>, C<z>, C<z>, C<z>, C<z>, C<z>, C<z>, C<z>;
V_$0xce1ff10 .net "ofifo_acc_ifc_acc3_acc_rd_from_agents", 0, 0, C<z>;
V_$0xce77c60 .net "ofifo_acc_ifc_acc3_fpo_data_from_agents", 31, 0, C<z>, C<z>, C<z>, C<z>, C<z>, C<z>, C<z>, C<z>, C<z>, C<z>, C<z>, C<z>, C<z>, C<z>, C<z>, C<z>, C<z>, C<z>, C<z>, C<z>, C<z>, C<z>, C<z>, C<z>, C<z>, C<z>, C<z>, C<z>, C<z>, C<z>, C<z>, C<z>;
V_$0xce77e60 .net "ofifo_acc_ifc_acc3_fpo_empty_from_agents", 0, 0, C<z>;
V_$0xce79360 .net "ofifo_acc_ifc_acc3_fpo_ptag_from_agents", 15, 0, C<z>, C<z>, C<z>, C<z>, C<z>, C<z>, C<z>, C<z>, C<z>, C<z>, C<z>, C<z>, C<z>, C<z>, C<z>, C<z>;
V_$0xce79210 .net "to_csw_ifc_acc_cluster_data_from_agents", 31, 0, C<z>, C<z>, C<z>, C<z>, C<z>, C<z>, C<z>, C<z>, C<z>, C<z>, C<z>, C<z>, C<z>, C<z>, C<z>, C<z>, C<z>, C<z>, C<z>, C<z>, C<z>, C<z>, C<z>, C<z>, C<z>, C<z>, C<z>, C<z>, C<z>, C<z>, C<z>, C<z>;
V_$0xce79f90 .net "to_csw_ifc_acc_cluster_dest_from_agents", 8, 0, C<z>, C<z>, C<z>, C<z>, C<z>, C<z>, C<z>, C<z>, C<z>;
V_$0xce795d0 .net "to_csw_ifc_acc_cluster_ptag_from_agents", 15, 0, C<z>, C<z>, C<z>, C<z>, C<z>, C<z>, C<z>, C<z>, C<z>, C<z>, C<z>, C<z>, C<z>, C<z>, C<z>, C<z>;
V_$0xce7b460 .net "to_csw_ifc_acc_cluster_ready_to_agents", 0, 0, C<z>;
V_$0xce7b180 .net "to_csw_ifc_acc_cluster_wr_from_agents", 0, 0, C<z>;
S_0xcf65c40 .scope module, "dp_fp32_gasket_" "dp_fp32_gasket", S_0xcdfe940;
 .timescale 0;
S_0xcdfdfd0 .scope module, "I_AGENT_3" "loopback32_agent", S_0xcdfe940;
 .timescale 0;
V_$0xcdfe0a0 .net "ag_accreg_ifc_ag3_agent_ack", 3, 0, C<z>, C<z>, C<z>, C<z>;
V_$0xcdfe3e0 .net "ag_accreg_ifc_ag3_agent_address", 31, 0, C<z>, C<z>, C<z>, C<z>, C<z>, C<z>, C<z>, C<z>, C<z>, C<z>, C<z>, C<z>, C<z>, C<z>, C<z>, C<z>, C<z>, C<z>, C<z>, C<z>, C<z>, C<z>, C<z>, C<z>, C<z>, C<z>, C<z>, C<z>, C<z>, C<z>, C<z>, C<z>;
V_$0xcedc8c0 .net "ag_accreg_ifc_ag3_agent_rd_data", 127, 0, C<z>, C<z>, C<z>, C<z>, C<z>, C<z>, C<z>, C<z>, C<z>, C<z>, C<z>, C<z>, C<z>, C<z>, C<z>, C<z>, C<z>, C<z>, C<z>, C<z>, C<z>, C<z>, C<z>, C<z>, C<z>, C<z>, C<z>, C<z>, C<z>, C<z>, C<z>, C<z>, C<z>, C<z>, C<z>, C<z>, C<z>, C<z>, C<z>, C<z>, C<z>, C<z>, C<z>, C<z>, C<z>, C<z>, C<z>, C<z>, C<z>, C<z>, C<z>, C<z>, C<z>, C<z>, C<z>, C<z>, C<z>, C<z>, C<z>, C<z>, C<z>, C<z>, C<z>, C<z>, C<z>, C<z>, C<z>, C<z>, C<z>, C<z>, C<z>, C<z>, C<z>, C<z>, C<z>, C<z>, C<z>, C<z>, C<z>, C<z>, C<z>, C<z>, C<z>, C<z>, C<z>, C<z>, C<z>, C<z>, C<z>, C<z>, C<z>, C<z>, C<z>, C<z>, C<z>, C<z>, C<z>, C<z>, C<z>, C<z>, C<z>, C<z>, C<z>, C<z>, C<z>, C<z>, C<z>, C<z>, C<z>, C<z>, C<z>, C<z>, C<z>, C<z>, C<z>, C<z>, C<z>, C<z>, C<z>, C<z>, C<z>, C<z>, C<z>, C<z>, C<z>, C<z>, C<z>, C<z>;
V_$0xcea7250 .net "ag_accreg_ifc_ag3_agent_rd_req", 3, 0, C<z>, C<z>, C<z>, C<z>;
V_$0xce32170 .net "ag_accreg_ifc_ag3_agent_wr_data", 31, 0, C<z>, C<z>, C<z>, C<z>, C<z>, C<z>, C<z>, C<z>, C<z>, C<z>, C<z>, C<z>, C<z>, C<z>, C<z>, C<z>, C<z>, C<z>, C<z>, C<z>, C<z>, C<z>, C<z>, C<z>, C<z>, C<z>, C<z>, C<z>, C<z>, C<z>, C<z>, C<z>;
V_$0xce90860 .net "ag_accreg_ifc_ag3_agent_wr_req", 3, 0, C<z>, C<z>, C<z>, C<z>;
V_$0xcef9cc0 .net "ag_ofifo_ifc_ag3_fp_outfifo_data", 31, 0, C<z>, C<z>, C<z>, C<z>, C<z>, C<z>, C<z>, C<z>, C<z>, C<z>, C<z>, C<z>, C<z>, C<z>, C<z>, C<z>, C<z>, C<z>, C<z>, C<z>, C<z>, C<z>, C<z>, C<z>, C<z>, C<z>, C<z>, C<z>, C<z>, C<z>, C<z>, C<z>;
V_$0xcecb3d0 .net "ag_ofifo_ifc_ag3_fp_outfifo_full", 0, 0, C<z>;
V_$0xcecaf40 .net "ag_ofifo_ifc_ag3_fp_outfifo_full_count", 4, 0, C<z>, C<z>, C<z>, C<z>, C<z>;
V_$0xcecb300 .net "ag_ofifo_ifc_ag3_fp_outfifo_pkt_tag", 15, 0, C<z>, C<z>, C<z>, C<z>, C<z>, C<z>, C<z>, C<z>, C<z>, C<z>, C<z>, C<z>, C<z>, C<z>, C<z>, C<z>;
V_$0xcef9bf0 .net "ag_ofifo_ifc_ag3_fp_outfifo_write", 0, 0, C<z>;
V_$0xce8bc30 .net "ififo_ag_ifc_ag3_fp_infifo_data", 31, 0, C<z>, C<z>, C<z>, C<z>, C<z>, C<z>, C<z>, C<z>, C<z>, C<z>, C<z>, C<z>, C<z>, C<z>, C<z>, C<z>, C<z>, C<z>, C<z>, C<z>, C<z>, C<z>, C<z>, C<z>, C<z>, C<z>, C<z>, C<z>, C<z>, C<z>, C<z>, C<z>;
V_$0xce8bd50 .net "ififo_ag_ifc_ag3_fp_infifo_empty", 0, 0, C<z>;
V_$0xcedfd10 .net "ififo_ag_ifc_ag3_fp_infifo_empty_count", 4, 0, C<z>, C<z>, C<z>, C<z>, C<z>;
V_$0xcedffc0 .net "ififo_ag_ifc_ag3_fp_infifo_pkt_tag", 15, 0, C<z>, C<z>, C<z>, C<z>, C<z>, C<z>, C<z>, C<z>, C<z>, C<z>, C<z>, C<z>, C<z>, C<z>, C<z>, C<z>;
V_$0xcedfe70 .net "ififo_ag_ifc_ag3_fp_infifo_rd", 0, 0, C<z>;
S_0xceda0c0 .scope module, "I_AGT1_FP0_IN" "fifo_port32_in", S_0xcdfe940;
 .timescale 0;
V_$0xceda190 .net "acc_ififo_ifc_ff1_acc_credit_ack", 3, 0, C<z>, C<z>, C<z>, C<z>;
V_$0xced8600 .net "acc_ififo_ifc_ff1_acc_credit_enable", 0, 0, C<z>;
V_$0xcee0470 .net "acc_ififo_ifc_ff1_acc_data_to_agents", 31, 0, C<z>, C<z>, C<z>, C<z>, C<z>, C<z>, C<z>, C<z>, C<z>, C<z>, C<z>, C<z>, C<z>, C<z>, C<z>, C<z>, C<z>, C<z>, C<z>, C<z>, C<z>, C<z>, C<z>, C<z>, C<z>, C<z>, C<z>, C<z>, C<z>, C<z>, C<z>, C<z>;
V_$0xcee0520 .net "acc_ififo_ifc_ff1_acc_ptag_to_agents", 15, 0, C<z>, C<z>, C<z>, C<z>, C<z>, C<z>, C<z>, C<z>, C<z>, C<z>, C<z>, C<z>, C<z>, C<z>, C<z>, C<z>;
V_$0xcd64420 .net "acc_ififo_ifc_ff1_acc_wr_to_agents", 0, 0, C<z>;
V_$0xcd685f0 .net "acc_ififo_ifc_ff1_fp_full_to_agents", 0, 0, C<z>;
V_$0xcd686d0 .net "acc_ififo_ifc_ff1_fpi_credit_data", 127, 0, C<z>, C<z>, C<z>, C<z>, C<z>, C<z>, C<z>, C<z>, C<z>, C<z>, C<z>, C<z>, C<z>, C<z>, C<z>, C<z>, C<z>, C<z>, C<z>, C<z>, C<z>, C<z>, C<z>, C<z>, C<z>, C<z>, C<z>, C<z>, C<z>, C<z>, C<z>, C<z>, C<z>, C<z>, C<z>, C<z>, C<z>, C<z>, C<z>, C<z>, C<z>, C<z>, C<z>, C<z>, C<z>, C<z>, C<z>, C<z>, C<z>, C<z>, C<z>, C<z>, C<z>, C<z>, C<z>, C<z>, C<z>, C<z>, C<z>, C<z>, C<z>, C<z>, C<z>, C<z>, C<z>, C<z>, C<z>, C<z>, C<z>, C<z>, C<z>, C<z>, C<z>, C<z>, C<z>, C<z>, C<z>, C<z>, C<z>, C<z>, C<z>, C<z>, C<z>, C<z>, C<z>, C<z>, C<z>, C<z>, C<z>, C<z>, C<z>, C<z>, C<z>, C<z>, C<z>, C<z>, C<z>, C<z>, C<z>, C<z>, C<z>, C<z>, C<z>, C<z>, C<z>, C<z>, C<z>, C<z>, C<z>, C<z>, C<z>, C<z>, C<z>, C<z>, C<z>, C<z>, C<z>, C<z>, C<z>, C<z>, C<z>, C<z>, C<z>, C<z>, C<z>, C<z>, C<z>, C<z>;
V_$0xce7d890 .net "acc_ififo_ifc_ff1_fpi_credit_req", 3, 0, C<z>, C<z>, C<z>, C<z>;
V_$0xce769f0 .net "ififo_ag_ifc_ff1_fp_infifo_data", 31, 0, C<z>, C<z>, C<z>, C<z>, C<z>, C<z>, C<z>, C<z>, C<z>, C<z>, C<z>, C<z>, C<z>, C<z>, C<z>, C<z>, C<z>, C<z>, C<z>, C<z>, C<z>, C<z>, C<z>, C<z>, C<z>, C<z>, C<z>, C<z>, C<z>, C<z>, C<z>, C<z>;
V_$0xce27fb0 .net "ififo_ag_ifc_ff1_fp_infifo_empty", 0, 0, C<z>;
V_$0xce76920 .net "ififo_ag_ifc_ff1_fp_infifo_empty_count", 4, 0, C<z>, C<z>, C<z>, C<z>, C<z>;
V_$0xce281b0 .net "ififo_ag_ifc_ff1_fp_infifo_pkt_tag", 15, 0, C<z>, C<z>, C<z>, C<z>, C<z>, C<z>, C<z>, C<z>, C<z>, C<z>, C<z>, C<z>, C<z>, C<z>, C<z>, C<z>;
V_$0xce20cb0 .net "ififo_ag_ifc_ff1_fp_infifo_rd", 0, 0, C<z>;
S_0xce1b980 .scope module, "I_AGENT_1" "loopback32_agent", S_0xcdfe940;
 .timescale 0;
V_$0xcd6df30 .net "ag_accreg_ifc_ag1_agent_ack", 3, 0, C<z>, C<z>, C<z>, C<z>;
V_$0xcd6e840 .net "ag_accreg_ifc_ag1_agent_address", 31, 0, C<z>, C<z>, C<z>, C<z>, C<z>, C<z>, C<z>, C<z>, C<z>, C<z>, C<z>, C<z>, C<z>, C<z>, C<z>, C<z>, C<z>, C<z>, C<z>, C<z>, C<z>, C<z>, C<z>, C<z>, C<z>, C<z>, C<z>, C<z>, C<z>, C<z>, C<z>, C<z>;
V_$0xcd70fe0 .net "ag_accreg_ifc_ag1_agent_rd_data", 127, 0, C<z>, C<z>, C<z>, C<z>, C<z>, C<z>, C<z>, C<z>, C<z>, C<z>, C<z>, C<z>, C<z>, C<z>, C<z>, C<z>, C<z>, C<z>, C<z>, C<z>, C<z>, C<z>, C<z>, C<z>, C<z>, C<z>, C<z>, C<z>, C<z>, C<z>, C<z>, C<z>, C<z>, C<z>, C<z>, C<z>, C<z>, C<z>, C<z>, C<z>, C<z>, C<z>, C<z>, C<z>, C<z>, C<z>, C<z>, C<z>, C<z>, C<z>, C<z>, C<z>, C<z>, C<z>, C<z>, C<z>, C<z>, C<z>, C<z>, C<z>, C<z>, C<z>, C<z>, C<z>, C<z>, C<z>, C<z>, C<z>, C<z>, C<z>, C<z>, C<z>, C<z>, C<z>, C<z>, C<z>, C<z>, C<z>, C<z>, C<z>, C<z>, C<z>, C<z>, C<z>, C<z>, C<z>, C<z>, C<z>, C<z>, C<z>, C<z>, C<z>, C<z>, C<z>, C<z>, C<z>, C<z>, C<z>, C<z>, C<z>, C<z>, C<z>, C<z>, C<z>, C<z>, C<z>, C<z>, C<z>, C<z>, C<z>, C<z>, C<z>, C<z>, C<z>, C<z>, C<z>, C<z>, C<z>, C<z>, C<z>, C<z>, C<z>, C<z>, C<z>, C<z>, C<z>, C<z>, C<z>;
V_$0xcf2e5d0 .net "ag_accreg_ifc_ag1_agent_rd_req", 3, 0, C<z>, C<z>, C<z>, C<z>;
V_$0xce55a40 .net "ag_accreg_ifc_ag1_agent_wr_data", 31, 0, C<z>, C<z>, C<z>, C<z>, C<z>, C<z>, C<z>, C<z>, C<z>, C<z>, C<z>, C<z>, C<z>, C<z>, C<z>, C<z>, C<z>, C<z>, C<z>, C<z>, C<z>, C<z>, C<z>, C<z>, C<z>, C<z>, C<z>, C<z>, C<z>, C<z>, C<z>, C<z>;
V_$0xce46cf0 .net "ag_accreg_ifc_ag1_agent_wr_req", 3, 0, C<z>, C<z>, C<z>, C<z>;
V_$0xcf00ad0 .net "ag_ofifo_ifc_ag1_fp_outfifo_data", 31, 0, C<z>, C<z>, C<z>, C<z>, C<z>, C<z>, C<z>, C<z>, C<z>, C<z>, C<z>, C<z>, C<z>, C<z>, C<z>, C<z>, C<z>, C<z>, C<z>, C<z>, C<z>, C<z>, C<z>, C<z>, C<z>, C<z>, C<z>, C<z>, C<z>, C<z>, C<z>, C<z>;
V_$0xcf685d0 .net "ag_ofifo_ifc_ag1_fp_outfifo_full", 0, 0, C<z>;
V_$0xce4da40 .net "ag_ofifo_ifc_ag1_fp_outfifo_full_count", 4, 0, C<z>, C<z>, C<z>, C<z>, C<z>;
V_$0xce462b0 .net "ag_ofifo_ifc_ag1_fp_outfifo_pkt_tag", 15, 0, C<z>, C<z>, C<z>, C<z>, C<z>, C<z>, C<z>, C<z>, C<z>, C<z>, C<z>, C<z>, C<z>, C<z>, C<z>, C<z>;
V_$0xce4d9a0 .net "ag_ofifo_ifc_ag1_fp_outfifo_write", 0, 0, C<z>;
V_$0xcdfe5b0 .net "ififo_ag_ifc_ag1_fp_infifo_data", 31, 0, C<z>, C<z>, C<z>, C<z>, C<z>, C<z>, C<z>, C<z>, C<z>, C<z>, C<z>, C<z>, C<z>, C<z>, C<z>, C<z>, C<z>, C<z>, C<z>, C<z>, C<z>, C<z>, C<z>, C<z>, C<z>, C<z>, C<z>, C<z>, C<z>, C<z>, C<z>, C<z>;
V_$0xcdfe6c0 .net "ififo_ag_ifc_ag1_fp_infifo_empty", 0, 0, C<z>;
V_$0xcdf3c00 .net "ififo_ag_ifc_ag1_fp_infifo_empty_count", 4, 0, C<z>, C<z>, C<z>, C<z>, C<z>;
V_$0xcdf3d20 .net "ififo_ag_ifc_ag1_fp_infifo_pkt_tag", 15, 0, C<z>, C<z>, C<z>, C<z>, C<z>, C<z>, C<z>, C<z>, C<z>, C<z>, C<z>, C<z>, C<z>, C<z>, C<z>, C<z>;
V_$0xce0cd70 .net "ififo_ag_ifc_ag1_fp_infifo_rd", 0, 0, C<z>;
S_0xce21290 .scope module, "I_AGT0_FP0_IN" "fifo_port32_in", S_0xcdfe940;
 .timescale 0;
V_$0xcd5b7e0 .net "acc_ififo_ifc_ff0_acc_credit_ack", 3, 0, C<z>, C<z>, C<z>, C<z>;
V_$0xcd61070 .net "acc_ififo_ifc_ff0_acc_credit_enable", 0, 0, C<z>;
V_$0xcd5bdf0 .net "acc_ififo_ifc_ff0_acc_data_to_agents", 31, 0, C<z>, C<z>, C<z>, C<z>, C<z>, C<z>, C<z>, C<z>, C<z>, C<z>, C<z>, C<z>, C<z>, C<z>, C<z>, C<z>, C<z>, C<z>, C<z>, C<z>, C<z>, C<z>, C<z>, C<z>, C<z>, C<z>, C<z>, C<z>, C<z>, C<z>, C<z>, C<z>;
V_$0xcd634d0 .net "acc_ififo_ifc_ff0_acc_ptag_to_agents", 15, 0, C<z>, C<z>, C<z>, C<z>, C<z>, C<z>, C<z>, C<z>, C<z>, C<z>, C<z>, C<z>, C<z>, C<z>, C<z>, C<z>;
V_$0xcd5d4f0 .net "acc_ififo_ifc_ff0_acc_wr_to_agents", 0, 0, C<z>;
V_$0xcd5d020 .net "acc_ififo_ifc_ff0_fp_full_to_agents", 0, 0, C<z>;
V_$0xcd5dd80 .net "acc_ififo_ifc_ff0_fpi_credit_data", 127, 0, C<z>, C<z>, C<z>, C<z>, C<z>, C<z>, C<z>, C<z>, C<z>, C<z>, C<z>, C<z>, C<z>, C<z>, C<z>, C<z>, C<z>, C<z>, C<z>, C<z>, C<z>, C<z>, C<z>, C<z>, C<z>, C<z>, C<z>, C<z>, C<z>, C<z>, C<z>, C<z>, C<z>, C<z>, C<z>, C<z>, C<z>, C<z>, C<z>, C<z>, C<z>, C<z>, C<z>, C<z>, C<z>, C<z>, C<z>, C<z>, C<z>, C<z>, C<z>, C<z>, C<z>, C<z>, C<z>, C<z>, C<z>, C<z>, C<z>, C<z>, C<z>, C<z>, C<z>, C<z>, C<z>, C<z>, C<z>, C<z>, C<z>, C<z>, C<z>, C<z>, C<z>, C<z>, C<z>, C<z>, C<z>, C<z>, C<z>, C<z>, C<z>, C<z>, C<z>, C<z>, C<z>, C<z>, C<z>, C<z>, C<z>, C<z>, C<z>, C<z>, C<z>, C<z>, C<z>, C<z>, C<z>, C<z>, C<z>, C<z>, C<z>, C<z>, C<z>, C<z>, C<z>, C<z>, C<z>, C<z>, C<z>, C<z>, C<z>, C<z>, C<z>, C<z>, C<z>, C<z>, C<z>, C<z>, C<z>, C<z>, C<z>, C<z>, C<z>, C<z>, C<z>, C<z>, C<z>, C<z>;
V_$0xcd7d050 .net "acc_ififo_ifc_ff0_fpi_credit_req", 3, 0, C<z>, C<z>, C<z>, C<z>;
V_$0xcd781d0 .net "ififo_ag_ifc_ff0_fp_infifo_data", 31, 0, C<z>, C<z>, C<z>, C<z>, C<z>, C<z>, C<z>, C<z>, C<z>, C<z>, C<z>, C<z>, C<z>, C<z>, C<z>, C<z>, C<z>, C<z>, C<z>, C<z>, C<z>, C<z>, C<z>, C<z>, C<z>, C<z>, C<z>, C<z>, C<z>, C<z>, C<z>, C<z>;
V_$0xcd69440 .net "ififo_ag_ifc_ff0_fp_infifo_empty", 0, 0, C<z>;
V_$0xcd6a2e0 .net "ififo_ag_ifc_ff0_fp_infifo_empty_count", 4, 0, C<z>, C<z>, C<z>, C<z>, C<z>;
V_$0xcd69e30 .net "ififo_ag_ifc_ff0_fp_infifo_pkt_tag", 15, 0, C<z>, C<z>, C<z>, C<z>, C<z>, C<z>, C<z>, C<z>, C<z>, C<z>, C<z>, C<z>, C<z>, C<z>, C<z>, C<z>;
V_$0xcd6d020 .net "ififo_ag_ifc_ff0_fp_infifo_rd", 0, 0, C<z>;
