#! /opt/tools/iverilog//bin/vvp
:vpi_time_precision + 0;
:vpi_module "system";
S_0x14b4abc0 .scope module, "agent_cluster2" "agent_cluster2";
 .timescale 0;
V_$0x14bc3d90 .net "acc_ififo_ifc_acc0_acc_credit_ack", 3, 0, C<z>, C<z>, C<z>, C<z>;
V_$0x14bc4270 .net "acc_ififo_ifc_acc0_acc_credit_enable", 0, 0, C<z>;
V_$0x14bc6e80 .net "acc_ififo_ifc_acc0_acc_data_to_agents", 31, 0, C<z>, C<z>, C<z>, C<z>, C<z>, C<z>, C<z>, C<z>, C<z>, C<z>, C<z>, C<z>, C<z>, C<z>, C<z>, C<z>, C<z>, C<z>, C<z>, C<z>, C<z>, C<z>, C<z>, C<z>, C<z>, C<z>, C<z>, C<z>, C<z>, C<z>, C<z>, C<z>;
V_$0x14bc7720 .net "acc_ififo_ifc_acc0_acc_ptag_to_agents", 15, 0, C<z>, C<z>, C<z>, C<z>, C<z>, C<z>, C<z>, C<z>, C<z>, C<z>, C<z>, C<z>, C<z>, C<z>, C<z>, C<z>;
V_$0x14bc7bc0 .net "acc_ififo_ifc_acc0_acc_wr_to_agents", 0, 0, C<z>;
V_$0x14bc7c50 .net "acc_ififo_ifc_acc0_fp_full_to_agents", 0, 0, C<z>;
V_$0x14bc7d20 .net "acc_ififo_ifc_acc0_fpi_credit_data", 127, 0, C<z>, C<z>, C<z>, C<z>, C<z>, C<z>, C<z>, C<z>, C<z>, C<z>, C<z>, C<z>, C<z>, C<z>, C<z>, C<z>, C<z>, C<z>, C<z>, C<z>, C<z>, C<z>, C<z>, C<z>, C<z>, C<z>, C<z>, C<z>, C<z>, C<z>, C<z>, C<z>, C<z>, C<z>, C<z>, C<z>, C<z>, C<z>, C<z>, C<z>, C<z>, C<z>, C<z>, C<z>, C<z>, C<z>, C<z>, C<z>, C<z>, C<z>, C<z>, C<z>, C<z>, C<z>, C<z>, C<z>, C<z>, C<z>, C<z>, C<z>, C<z>, C<z>, C<z>, C<z>, C<z>, C<z>, C<z>, C<z>, C<z>, C<z>, C<z>, C<z>, C<z>, C<z>, C<z>, C<z>, C<z>, C<z>, C<z>, C<z>, C<z>, C<z>, C<z>, C<z>, C<z>, C<z>, C<z>, C<z>, C<z>, C<z>, C<z>, C<z>, C<z>, C<z>, C<z>, C<z>, C<z>, C<z>, C<z>, C<z>, C<z>, C<z>, C<z>, C<z>, C<z>, C<z>, C<z>, C<z>, C<z>, C<z>, C<z>, C<z>, C<z>, C<z>, C<z>, C<z>, C<z>, C<z>, C<z>, C<z>, C<z>, C<z>, C<z>, C<z>, C<z>, C<z>, C<z>, C<z>;
V_$0x14bc91c0 .net "acc_ififo_ifc_acc0_fpi_credit_req", 3, 0, C<z>, C<z>, C<z>, C<z>;
V_$0x14bc9320 .net "acc_ififo_ifc_acc1_acc_credit_ack", 3, 0, C<z>, C<z>, C<z>, C<z>;
V_$0x14bc9470 .net "acc_ififo_ifc_acc1_acc_credit_enable", 0, 0, C<z>;
V_$0x14bc9210 .net "acc_ififo_ifc_acc1_acc_data_to_agents", 31, 0, C<z>, C<z>, C<z>, C<z>, C<z>, C<z>, C<z>, C<z>, C<z>, C<z>, C<z>, C<z>, C<z>, C<z>, C<z>, C<z>, C<z>, C<z>, C<z>, C<z>, C<z>, C<z>, C<z>, C<z>, C<z>, C<z>, C<z>, C<z>, C<z>, C<z>, C<z>, C<z>;
V_$0x14bc9df0 .net "acc_ififo_ifc_acc1_acc_ptag_to_agents", 15, 0, C<z>, C<z>, C<z>, C<z>, C<z>, C<z>, C<z>, C<z>, C<z>, C<z>, C<z>, C<z>, C<z>, C<z>, C<z>, C<z>;
V_$0x14bca2c0 .net "acc_ififo_ifc_acc1_acc_wr_to_agents", 0, 0, C<z>;
V_$0x14bca350 .net "acc_ififo_ifc_acc1_fp_full_to_agents", 0, 0, C<z>;
V_$0x14bca420 .net "acc_ififo_ifc_acc1_fpi_credit_data", 127, 0, C<z>, C<z>, C<z>, C<z>, C<z>, C<z>, C<z>, C<z>, C<z>, C<z>, C<z>, C<z>, C<z>, C<z>, C<z>, C<z>, C<z>, C<z>, C<z>, C<z>, C<z>, C<z>, C<z>, C<z>, C<z>, C<z>, C<z>, C<z>, C<z>, C<z>, C<z>, C<z>, C<z>, C<z>, C<z>, C<z>, C<z>, C<z>, C<z>, C<z>, C<z>, C<z>, C<z>, C<z>, C<z>, C<z>, C<z>, C<z>, C<z>, C<z>, C<z>, C<z>, C<z>, C<z>, C<z>, C<z>, C<z>, C<z>, C<z>, C<z>, C<z>, C<z>, C<z>, C<z>, C<z>, C<z>, C<z>, C<z>, C<z>, C<z>, C<z>, C<z>, C<z>, C<z>, C<z>, C<z>, C<z>, C<z>, C<z>, C<z>, C<z>, C<z>, C<z>, C<z>, C<z>, C<z>, C<z>, C<z>, C<z>, C<z>, C<z>, C<z>, C<z>, C<z>, C<z>, C<z>, C<z>, C<z>, C<z>, C<z>, C<z>, C<z>, C<z>, C<z>, C<z>, C<z>, C<z>, C<z>, C<z>, C<z>, C<z>, C<z>, C<z>, C<z>, C<z>, C<z>, C<z>, C<z>, C<z>, C<z>, C<z>, C<z>, C<z>, C<z>, C<z>, C<z>, C<z>, C<z>;
V_$0x14b70740 .net "acc_ififo_ifc_acc1_fpi_credit_req", 3, 0, C<z>, C<z>, C<z>, C<z>;
V_$0x14bca540 .net "acc_ififo_ifc_acc2_acc_credit_ack", 3, 0, C<z>, C<z>, C<z>, C<z>;
V_$0x14bca690 .net "acc_ififo_ifc_acc2_acc_credit_enable", 0, 0, C<z>;
V_$0x14bca4b0 .net "acc_ififo_ifc_acc2_acc_data_to_agents", 31, 0, C<z>, C<z>, C<z>, C<z>, C<z>, C<z>, C<z>, C<z>, C<z>, C<z>, C<z>, C<z>, C<z>, C<z>, C<z>, C<z>, C<z>, C<z>, C<z>, C<z>, C<z>, C<z>, C<z>, C<z>, C<z>, C<z>, C<z>, C<z>, C<z>, C<z>, C<z>, C<z>;
V_$0x14bcae90 .net "acc_ififo_ifc_acc2_acc_ptag_to_agents", 15, 0, C<z>, C<z>, C<z>, C<z>, C<z>, C<z>, C<z>, C<z>, C<z>, C<z>, C<z>, C<z>, C<z>, C<z>, C<z>, C<z>;
V_$0x14bcb190 .net "acc_ififo_ifc_acc2_acc_wr_to_agents", 0, 0, C<z>;
V_$0x14bcb220 .net "acc_ififo_ifc_acc2_fp_full_to_agents", 0, 0, C<z>;
V_$0x14bcaf20 .net "acc_ififo_ifc_acc2_fpi_credit_data", 127, 0, C<z>, C<z>, C<z>, C<z>, C<z>, C<z>, C<z>, C<z>, C<z>, C<z>, C<z>, C<z>, C<z>, C<z>, C<z>, C<z>, C<z>, C<z>, C<z>, C<z>, C<z>, C<z>, C<z>, C<z>, C<z>, C<z>, C<z>, C<z>, C<z>, C<z>, C<z>, C<z>, C<z>, C<z>, C<z>, C<z>, C<z>, C<z>, C<z>, C<z>, C<z>, C<z>, C<z>, C<z>, C<z>, C<z>, C<z>, C<z>, C<z>, C<z>, C<z>, C<z>, C<z>, C<z>, C<z>, C<z>, C<z>, C<z>, C<z>, C<z>, C<z>, C<z>, C<z>, C<z>, C<z>, C<z>, C<z>, C<z>, C<z>, C<z>, C<z>, C<z>, C<z>, C<z>, C<z>, C<z>, C<z>, C<z>, C<z>, C<z>, C<z>, C<z>, C<z>, C<z>, C<z>, C<z>, C<z>, C<z>, C<z>, C<z>, C<z>, C<z>, C<z>, C<z>, C<z>, C<z>, C<z>, C<z>, C<z>, C<z>, C<z>, C<z>, C<z>, C<z>, C<z>, C<z>, C<z>, C<z>, C<z>, C<z>, C<z>, C<z>, C<z>, C<z>, C<z>, C<z>, C<z>, C<z>, C<z>, C<z>, C<z>, C<z>, C<z>, C<z>, C<z>, C<z>, C<z>, C<z>;
V_$0x14bcc070 .net "acc_ififo_ifc_acc2_fpi_credit_req", 3, 0, C<z>, C<z>, C<z>, C<z>;
V_$0x14bcc1d0 .net "acc_ififo_ifc_acc3_acc_credit_ack", 3, 0, C<z>, C<z>, C<z>, C<z>;
V_$0x14bcc260 .net "acc_ififo_ifc_acc3_acc_credit_enable", 0, 0, C<z>;
V_$0x14bcc100 .net "acc_ififo_ifc_acc3_acc_data_to_agents", 31, 0, C<z>, C<z>, C<z>, C<z>, C<z>, C<z>, C<z>, C<z>, C<z>, C<z>, C<z>, C<z>, C<z>, C<z>, C<z>, C<z>, C<z>, C<z>, C<z>, C<z>, C<z>, C<z>, C<z>, C<z>, C<z>, C<z>, C<z>, C<z>, C<z>, C<z>, C<z>, C<z>;
V_$0x14bcc860 .net "acc_ififo_ifc_acc3_acc_ptag_to_agents", 15, 0, C<z>, C<z>, C<z>, C<z>, C<z>, C<z>, C<z>, C<z>, C<z>, C<z>, C<z>, C<z>, C<z>, C<z>, C<z>, C<z>;
V_$0x14bccc60 .net "acc_ififo_ifc_acc3_acc_wr_to_agents", 0, 0, C<z>;
V_$0x14bcccf0 .net "acc_ififo_ifc_acc3_fp_full_to_agents", 0, 0, C<z>;
V_$0x14bcc8f0 .net "acc_ififo_ifc_acc3_fpi_credit_data", 127, 0, C<z>, C<z>, C<z>, C<z>, C<z>, C<z>, C<z>, C<z>, C<z>, C<z>, C<z>, C<z>, C<z>, C<z>, C<z>, C<z>, C<z>, C<z>, C<z>, C<z>, C<z>, C<z>, C<z>, C<z>, C<z>, C<z>, C<z>, C<z>, C<z>, C<z>, C<z>, C<z>, C<z>, C<z>, C<z>, C<z>, C<z>, C<z>, C<z>, C<z>, C<z>, C<z>, C<z>, C<z>, C<z>, C<z>, C<z>, C<z>, C<z>, C<z>, C<z>, C<z>, C<z>, C<z>, C<z>, C<z>, C<z>, C<z>, C<z>, C<z>, C<z>, C<z>, C<z>, C<z>, C<z>, C<z>, C<z>, C<z>, C<z>, C<z>, C<z>, C<z>, C<z>, C<z>, C<z>, C<z>, C<z>, C<z>, C<z>, C<z>, C<z>, C<z>, C<z>, C<z>, C<z>, C<z>, C<z>, C<z>, C<z>, C<z>, C<z>, C<z>, C<z>, C<z>, C<z>, C<z>, C<z>, C<z>, C<z>, C<z>, C<z>, C<z>, C<z>, C<z>, C<z>, C<z>, C<z>, C<z>, C<z>, C<z>, C<z>, C<z>, C<z>, C<z>, C<z>, C<z>, C<z>, C<z>, C<z>, C<z>, C<z>, C<z>, C<z>, C<z>, C<z>, C<z>, C<z>, C<z>;
V_$0x14bcde80 .net "acc_ififo_ifc_acc3_fpi_credit_req", 3, 0, C<z>, C<z>, C<z>, C<z>;
V_$0x14bcdfe0 .net "ag_accreg_ifc_ag_agent_ack", 3, 0, C<z>, C<z>, C<z>, C<z>;
V_$0x14bbffc0 .net "ag_accreg_ifc_ag_agent_address", 31, 0, C<z>, C<z>, C<z>, C<z>, C<z>, C<z>, C<z>, C<z>, C<z>, C<z>, C<z>, C<z>, C<z>, C<z>, C<z>, C<z>, C<z>, C<z>, C<z>, C<z>, C<z>, C<z>, C<z>, C<z>, C<z>, C<z>, C<z>, C<z>, C<z>, C<z>, C<z>, C<z>;
V_$0x14b73790 .net "ag_accreg_ifc_ag_agent_rd_data", 127, 0, C<z>, C<z>, C<z>, C<z>, C<z>, C<z>, C<z>, C<z>, C<z>, C<z>, C<z>, C<z>, C<z>, C<z>, C<z>, C<z>, C<z>, C<z>, C<z>, C<z>, C<z>, C<z>, C<z>, C<z>, C<z>, C<z>, C<z>, C<z>, C<z>, C<z>, C<z>, C<z>, C<z>, C<z>, C<z>, C<z>, C<z>, C<z>, C<z>, C<z>, C<z>, C<z>, C<z>, C<z>, C<z>, C<z>, C<z>, C<z>, C<z>, C<z>, C<z>, C<z>, C<z>, C<z>, C<z>, C<z>, C<z>, C<z>, C<z>, C<z>, C<z>, C<z>, C<z>, C<z>, C<z>, C<z>, C<z>, C<z>, C<z>, C<z>, C<z>, C<z>, C<z>, C<z>, C<z>, C<z>, C<z>, C<z>, C<z>, C<z>, C<z>, C<z>, C<z>, C<z>, C<z>, C<z>, C<z>, C<z>, C<z>, C<z>, C<z>, C<z>, C<z>, C<z>, C<z>, C<z>, C<z>, C<z>, C<z>, C<z>, C<z>, C<z>, C<z>, C<z>, C<z>, C<z>, C<z>, C<z>, C<z>, C<z>, C<z>, C<z>, C<z>, C<z>, C<z>, C<z>, C<z>, C<z>, C<z>, C<z>, C<z>, C<z>, C<z>, C<z>, C<z>, C<z>, C<z>, C<z>;
V_$0x14b58450 .net "ag_accreg_ifc_ag_agent_rd_req", 3, 0, C<z>, C<z>, C<z>, C<z>;
V_$0x14b73a70 .net "ag_accreg_ifc_ag_agent_wr_data", 31, 0, C<z>, C<z>, C<z>, C<z>, C<z>, C<z>, C<z>, C<z>, C<z>, C<z>, C<z>, C<z>, C<z>, C<z>, C<z>, C<z>, C<z>, C<z>, C<z>, C<z>, C<z>, C<z>, C<z>, C<z>, C<z>, C<z>, C<z>, C<z>, C<z>, C<z>, C<z>, C<z>;
V_$0x14bb9c20 .net "ag_accreg_ifc_ag_agent_wr_req", 3, 0, C<z>, C<z>, C<z>, C<z>;
V_$0x14b79310 .net "ag_ofifo_ifc_ag_fp_outfifo_data", 31, 0, C<z>, C<z>, C<z>, C<z>, C<z>, C<z>, C<z>, C<z>, C<z>, C<z>, C<z>, C<z>, C<z>, C<z>, C<z>, C<z>, C<z>, C<z>, C<z>, C<z>, C<z>, C<z>, C<z>, C<z>, C<z>, C<z>, C<z>, C<z>, C<z>, C<z>, C<z>, C<z>;
V_$0x14bc08f0 .net "ag_ofifo_ifc_ag_fp_outfifo_full", 0, 0, C<z>;
V_$0x14b73c10 .net "ag_ofifo_ifc_ag_fp_outfifo_full_count", 4, 0, C<z>, C<z>, C<z>, C<z>, C<z>;
V_$0x14b79c30 .net "ag_ofifo_ifc_ag_fp_outfifo_pkt_tag", 15, 0, C<z>, C<z>, C<z>, C<z>, C<z>, C<z>, C<z>, C<z>, C<z>, C<z>, C<z>, C<z>, C<z>, C<z>, C<z>, C<z>;
V_$0x14bc0d70 .net "ag_ofifo_ifc_ag_fp_outfifo_write", 0, 0, C<z>;
V_$0x14b46460 .net "from_csw_ifc_ag_cluster_data_to_agents", 31, 0, C<z>, C<z>, C<z>, C<z>, C<z>, C<z>, C<z>, C<z>, C<z>, C<z>, C<z>, C<z>, C<z>, C<z>, C<z>, C<z>, C<z>, C<z>, C<z>, C<z>, C<z>, C<z>, C<z>, C<z>, C<z>, C<z>, C<z>, C<z>, C<z>, C<z>, C<z>, C<z>;
V_$0x14bcfff0 .net "from_csw_ifc_ag_cluster_dev_id_to_agents", 4, 0, C<z>, C<z>, C<z>, C<z>, C<z>;
V_$0x14b73dc0 .net "from_csw_ifc_ag_cluster_ptag_to_agents", 15, 0, C<z>, C<z>, C<z>, C<z>, C<z>, C<z>, C<z>, C<z>, C<z>, C<z>, C<z>, C<z>, C<z>, C<z>, C<z>, C<z>;
V_$0x14b1f820 .net "from_csw_ifc_ag_cluster_wr_to_agents", 0, 0, C<z>;
V_$0x14b7c9c0 .net "ififo_ag_ifc_ff_fp_infifo_data", 31, 0, C<z>, C<z>, C<z>, C<z>, C<z>, C<z>, C<z>, C<z>, C<z>, C<z>, C<z>, C<z>, C<z>, C<z>, C<z>, C<z>, C<z>, C<z>, C<z>, C<z>, C<z>, C<z>, C<z>, C<z>, C<z>, C<z>, C<z>, C<z>, C<z>, C<z>, C<z>, C<z>;
V_$0x14b61d20 .net "ififo_ag_ifc_ff_fp_infifo_empty", 0, 0, C<z>;
V_$0x14b32e00 .net "ififo_ag_ifc_ff_fp_infifo_empty_count", 4, 0, C<z>, C<z>, C<z>, C<z>, C<z>;
V_$0x14bd0400 .net "ififo_ag_ifc_ff_fp_infifo_pkt_tag", 15, 0, C<z>, C<z>, C<z>, C<z>, C<z>, C<z>, C<z>, C<z>, C<z>, C<z>, C<z>, C<z>, C<z>, C<z>, C<z>, C<z>;
V_$0x14bc6da0 .net "ififo_ag_ifc_ff_fp_infifo_rd", 0, 0, C<z>;
V_$0x14bbdeb0 .net "ofifo_acc_ifc_ff_acc_rd_from_agents", 0, 0, C<z>;
V_$0x14bc3f60 .net "ofifo_acc_ifc_ff_fpo_data_from_agents", 31, 0, C<z>, C<z>, C<z>, C<z>, C<z>, C<z>, C<z>, C<z>, C<z>, C<z>, C<z>, C<z>, C<z>, C<z>, C<z>, C<z>, C<z>, C<z>, C<z>, C<z>, C<z>, C<z>, C<z>, C<z>, C<z>, C<z>, C<z>, C<z>, C<z>, C<z>, C<z>, C<z>;
V_$0x14bd0b00 .net "ofifo_acc_ifc_ff_fpo_empty_from_agents", 0, 0, C<z>;
V_$0x14bbea20 .net "ofifo_acc_ifc_ff_fpo_ptag_from_agents", 15, 0, C<z>, C<z>, C<z>, C<z>, C<z>, C<z>, C<z>, C<z>, C<z>, C<z>, C<z>, C<z>, C<z>, C<z>, C<z>, C<z>;
V_$0x14bbfda0 .net "to_csw_ifc_ag_cluster_data_from_agents", 31, 0, C<z>, C<z>, C<z>, C<z>, C<z>, C<z>, C<z>, C<z>, C<z>, C<z>, C<z>, C<z>, C<z>, C<z>, C<z>, C<z>, C<z>, C<z>, C<z>, C<z>, C<z>, C<z>, C<z>, C<z>, C<z>, C<z>, C<z>, C<z>, C<z>, C<z>, C<z>, C<z>;
V_$0x14b6cb60 .net "to_csw_ifc_ag_cluster_dest_from_agents", 8, 0, C<z>, C<z>, C<z>, C<z>, C<z>, C<z>, C<z>, C<z>, C<z>;
V_$0x14b62060 .net "to_csw_ifc_ag_cluster_ptag_from_agents", 15, 0, C<z>, C<z>, C<z>, C<z>, C<z>, C<z>, C<z>, C<z>, C<z>, C<z>, C<z>, C<z>, C<z>, C<z>, C<z>, C<z>;
V_$0x14bbe470 .net "to_csw_ifc_ag_cluster_ready_to_agents", 0, 0, C<z>;
V_$0x14bc3d40 .net "to_csw_ifc_ag_cluster_wr_from_agents", 0, 0, C<z>;
S_0x14bbba30 .scope module, "I_AGT3_FP0_IN" "fifo_port32_in", S_0x14b4abc0;
 .timescale 0;
V_$0x14b30a10 .net "acc_ififo_ifc_ff_acc_credit_ack", 3, 0, C<z>, C<z>, C<z>, C<z>;
V_$0x14b7cd80 .net "acc_ififo_ifc_ff_acc_credit_enable", 0, 0, C<z>;
V_$0x14b4d2e0 .net "acc_ififo_ifc_ff_acc_data_to_agents", 31, 0, C<z>, C<z>, C<z>, C<z>, C<z>, C<z>, C<z>, C<z>, C<z>, C<z>, C<z>, C<z>, C<z>, C<z>, C<z>, C<z>, C<z>, C<z>, C<z>, C<z>, C<z>, C<z>, C<z>, C<z>, C<z>, C<z>, C<z>, C<z>, C<z>, C<z>, C<z>, C<z>;
V_$0x14b46500 .net "acc_ififo_ifc_ff_acc_ptag_to_agents", 15, 0, C<z>, C<z>, C<z>, C<z>, C<z>, C<z>, C<z>, C<z>, C<z>, C<z>, C<z>, C<z>, C<z>, C<z>, C<z>, C<z>;
V_$0x14bc4610 .net "acc_ififo_ifc_ff_acc_wr_to_agents", 0, 0, C<z>;
V_$0x14bc4690 .net "acc_ififo_ifc_ff_fp_full_to_agents", 0, 0, C<z>;
V_$0x14bc4710 .net "acc_ififo_ifc_ff_fpi_credit_data", 127, 0, C<z>, C<z>, C<z>, C<z>, C<z>, C<z>, C<z>, C<z>, C<z>, C<z>, C<z>, C<z>, C<z>, C<z>, C<z>, C<z>, C<z>, C<z>, C<z>, C<z>, C<z>, C<z>, C<z>, C<z>, C<z>, C<z>, C<z>, C<z>, C<z>, C<z>, C<z>, C<z>, C<z>, C<z>, C<z>, C<z>, C<z>, C<z>, C<z>, C<z>, C<z>, C<z>, C<z>, C<z>, C<z>, C<z>, C<z>, C<z>, C<z>, C<z>, C<z>, C<z>, C<z>, C<z>, C<z>, C<z>, C<z>, C<z>, C<z>, C<z>, C<z>, C<z>, C<z>, C<z>, C<z>, C<z>, C<z>, C<z>, C<z>, C<z>, C<z>, C<z>, C<z>, C<z>, C<z>, C<z>, C<z>, C<z>, C<z>, C<z>, C<z>, C<z>, C<z>, C<z>, C<z>, C<z>, C<z>, C<z>, C<z>, C<z>, C<z>, C<z>, C<z>, C<z>, C<z>, C<z>, C<z>, C<z>, C<z>, C<z>, C<z>, C<z>, C<z>, C<z>, C<z>, C<z>, C<z>, C<z>, C<z>, C<z>, C<z>, C<z>, C<z>, C<z>, C<z>, C<z>, C<z>, C<z>, C<z>, C<z>, C<z>, C<z>, C<z>, C<z>, C<z>, C<z>, C<z>, C<z>;
V_$0x14bc6340 .net "acc_ififo_ifc_ff_fpi_credit_req", 3, 0, C<z>, C<z>, C<z>, C<z>;
V_$0x14bc64d0 .net "ififo_ag_ifc_ff_fp_infifo_data", 31, 0, C<z>, C<z>, C<z>, C<z>, C<z>, C<z>, C<z>, C<z>, C<z>, C<z>, C<z>, C<z>, C<z>, C<z>, C<z>, C<z>, C<z>, C<z>, C<z>, C<z>, C<z>, C<z>, C<z>, C<z>, C<z>, C<z>, C<z>, C<z>, C<z>, C<z>, C<z>, C<z>;
V_$0x14bbf330 .net "ififo_ag_ifc_ff_fp_infifo_empty", 0, 0, C<z>;
V_$0x14bc6390 .net "ififo_ag_ifc_ff_fp_infifo_empty_count", 4, 0, C<z>, C<z>, C<z>, C<z>, C<z>;
V_$0x14bc3fd0 .net "ififo_ag_ifc_ff_fp_infifo_pkt_tag", 15, 0, C<z>, C<z>, C<z>, C<z>, C<z>, C<z>, C<z>, C<z>, C<z>, C<z>, C<z>, C<z>, C<z>, C<z>, C<z>, C<z>;
V_$0x14bbb920 .net "ififo_ag_ifc_ff_fp_infifo_rd", 0, 0, C<z>;
S_0x14bc1590 .scope module, "I_AGT2_FP0_IN" "fifo_port32_in", S_0x14b4abc0;
 .timescale 0;
V_$0x14b73f70 .net "acc_ififo_ifc_ff_acc_credit_ack", 3, 0, C<z>, C<z>, C<z>, C<z>;
V_$0x14b6eee0 .net "acc_ififo_ifc_ff_acc_credit_enable", 0, 0, C<z>;
V_$0x14b1f890 .net "acc_ififo_ifc_ff_acc_data_to_agents", 31, 0, C<z>, C<z>, C<z>, C<z>, C<z>, C<z>, C<z>, C<z>, C<z>, C<z>, C<z>, C<z>, C<z>, C<z>, C<z>, C<z>, C<z>, C<z>, C<z>, C<z>, C<z>, C<z>, C<z>, C<z>, C<z>, C<z>, C<z>, C<z>, C<z>, C<z>, C<z>, C<z>;
V_$0x14bbec70 .net "acc_ififo_ifc_ff_acc_ptag_to_agents", 15, 0, C<z>, C<z>, C<z>, C<z>, C<z>, C<z>, C<z>, C<z>, C<z>, C<z>, C<z>, C<z>, C<z>, C<z>, C<z>, C<z>;
V_$0x14b66760 .net "acc_ififo_ifc_ff_acc_wr_to_agents", 0, 0, C<z>;
V_$0x14b26e30 .net "acc_ififo_ifc_ff_fp_full_to_agents", 0, 0, C<z>;
V_$0x14b671c0 .net "acc_ififo_ifc_ff_fpi_credit_data", 127, 0, C<z>, C<z>, C<z>, C<z>, C<z>, C<z>, C<z>, C<z>, C<z>, C<z>, C<z>, C<z>, C<z>, C<z>, C<z>, C<z>, C<z>, C<z>, C<z>, C<z>, C<z>, C<z>, C<z>, C<z>, C<z>, C<z>, C<z>, C<z>, C<z>, C<z>, C<z>, C<z>, C<z>, C<z>, C<z>, C<z>, C<z>, C<z>, C<z>, C<z>, C<z>, C<z>, C<z>, C<z>, C<z>, C<z>, C<z>, C<z>, C<z>, C<z>, C<z>, C<z>, C<z>, C<z>, C<z>, C<z>, C<z>, C<z>, C<z>, C<z>, C<z>, C<z>, C<z>, C<z>, C<z>, C<z>, C<z>, C<z>, C<z>, C<z>, C<z>, C<z>, C<z>, C<z>, C<z>, C<z>, C<z>, C<z>, C<z>, C<z>, C<z>, C<z>, C<z>, C<z>, C<z>, C<z>, C<z>, C<z>, C<z>, C<z>, C<z>, C<z>, C<z>, C<z>, C<z>, C<z>, C<z>, C<z>, C<z>, C<z>, C<z>, C<z>, C<z>, C<z>, C<z>, C<z>, C<z>, C<z>, C<z>, C<z>, C<z>, C<z>, C<z>, C<z>, C<z>, C<z>, C<z>, C<z>, C<z>, C<z>, C<z>, C<z>, C<z>, C<z>, C<z>, C<z>, C<z>, C<z>;
V_$0x14bc2d80 .net "acc_ififo_ifc_ff_fpi_credit_req", 3, 0, C<z>, C<z>, C<z>, C<z>;
V_$0x14bc2f10 .net "ififo_ag_ifc_ff_fp_infifo_data", 31, 0, C<z>, C<z>, C<z>, C<z>, C<z>, C<z>, C<z>, C<z>, C<z>, C<z>, C<z>, C<z>, C<z>, C<z>, C<z>, C<z>, C<z>, C<z>, C<z>, C<z>, C<z>, C<z>, C<z>, C<z>, C<z>, C<z>, C<z>, C<z>, C<z>, C<z>, C<z>, C<z>;
V_$0x14bbf410 .net "ififo_ag_ifc_ff_fp_infifo_empty", 0, 0, C<z>;
V_$0x14bc2dd0 .net "ififo_ag_ifc_ff_fp_infifo_empty_count", 4, 0, C<z>, C<z>, C<z>, C<z>, C<z>;
V_$0x14b1e700 .net "ififo_ag_ifc_ff_fp_infifo_pkt_tag", 15, 0, C<z>, C<z>, C<z>, C<z>, C<z>, C<z>, C<z>, C<z>, C<z>, C<z>, C<z>, C<z>, C<z>, C<z>, C<z>, C<z>;
V_$0x14bbb410 .net "ififo_ag_ifc_ff_fp_infifo_rd", 0, 0, C<z>;
S_0x14bba8e0 .scope module, "I_AGT1_FP0_OUT" "fifo_port32_out", S_0x14b4abc0;
 .timescale 0;
V_$0x14b61d90 .net "ag_ofifo_ifc_ff_fp_outfifo_data", 31, 0, C<z>, C<z>, C<z>, C<z>, C<z>, C<z>, C<z>, C<z>, C<z>, C<z>, C<z>, C<z>, C<z>, C<z>, C<z>, C<z>, C<z>, C<z>, C<z>, C<z>, C<z>, C<z>, C<z>, C<z>, C<z>, C<z>, C<z>, C<z>, C<z>, C<z>, C<z>, C<z>;
V_$0x14b32e70 .net "ag_ofifo_ifc_ff_fp_outfifo_full", 0, 0, C<z>;
V_$0x14bbb330 .net "ag_ofifo_ifc_ff_fp_outfifo_full_count", 4, 0, C<z>, C<z>, C<z>, C<z>, C<z>;
V_$0x14bbcb60 .net "ag_ofifo_ifc_ff_fp_outfifo_pkt_tag", 15, 0, C<z>, C<z>, C<z>, C<z>, C<z>, C<z>, C<z>, C<z>, C<z>, C<z>, C<z>, C<z>, C<z>, C<z>, C<z>, C<z>;
V_$0x14bbf010 .net "ag_ofifo_ifc_ff_fp_outfifo_write", 0, 0, C<z>;
V_$0x14b31d40 .net "ofifo_acc_ifc_ff_acc_rd_from_agents", 0, 0, C<z>;
V_$0x14ac67a0 .net "ofifo_acc_ifc_ff_fpo_data_from_agents", 31, 0, C<z>, C<z>, C<z>, C<z>, C<z>, C<z>, C<z>, C<z>, C<z>, C<z>, C<z>, C<z>, C<z>, C<z>, C<z>, C<z>, C<z>, C<z>, C<z>, C<z>, C<z>, C<z>, C<z>, C<z>, C<z>, C<z>, C<z>, C<z>, C<z>, C<z>, C<z>, C<z>;
V_$0x14b73e30 .net "ofifo_acc_ifc_ff_fpo_empty_from_agents", 0, 0, C<z>;
V_$0x14b6f290 .net "ofifo_acc_ifc_ff_fpo_ptag_from_agents", 15, 0, C<z>, C<z>, C<z>, C<z>, C<z>, C<z>, C<z>, C<z>, C<z>, C<z>, C<z>, C<z>, C<z>, C<z>, C<z>, C<z>;
S_0x14bbfef0 .scope module, "I_AGENT_0" "loopback32_agent", S_0x14b4abc0;
 .timescale 0;
V_$0x14b1b280 .net "ag_accreg_ifc_ag_agent_ack", 3, 0, C<z>, C<z>, C<z>, C<z>;
V_$0x14b19ec0 .net "ag_accreg_ifc_ag_agent_address", 31, 0, C<z>, C<z>, C<z>, C<z>, C<z>, C<z>, C<z>, C<z>, C<z>, C<z>, C<z>, C<z>, C<z>, C<z>, C<z>, C<z>, C<z>, C<z>, C<z>, C<z>, C<z>, C<z>, C<z>, C<z>, C<z>, C<z>, C<z>, C<z>, C<z>, C<z>, C<z>, C<z>;
V_$0x14b1b190 .net "ag_accreg_ifc_ag_agent_rd_data", 127, 0, C<z>, C<z>, C<z>, C<z>, C<z>, C<z>, C<z>, C<z>, C<z>, C<z>, C<z>, C<z>, C<z>, C<z>, C<z>, C<z>, C<z>, C<z>, C<z>, C<z>, C<z>, C<z>, C<z>, C<z>, C<z>, C<z>, C<z>, C<z>, C<z>, C<z>, C<z>, C<z>, C<z>, C<z>, C<z>, C<z>, C<z>, C<z>, C<z>, C<z>, C<z>, C<z>, C<z>, C<z>, C<z>, C<z>, C<z>, C<z>, C<z>, C<z>, C<z>, C<z>, C<z>, C<z>, C<z>, C<z>, C<z>, C<z>, C<z>, C<z>, C<z>, C<z>, C<z>, C<z>, C<z>, C<z>, C<z>, C<z>, C<z>, C<z>, C<z>, C<z>, C<z>, C<z>, C<z>, C<z>, C<z>, C<z>, C<z>, C<z>, C<z>, C<z>, C<z>, C<z>, C<z>, C<z>, C<z>, C<z>, C<z>, C<z>, C<z>, C<z>, C<z>, C<z>, C<z>, C<z>, C<z>, C<z>, C<z>, C<z>, C<z>, C<z>, C<z>, C<z>, C<z>, C<z>, C<z>, C<z>, C<z>, C<z>, C<z>, C<z>, C<z>, C<z>, C<z>, C<z>, C<z>, C<z>, C<z>, C<z>, C<z>, C<z>, C<z>, C<z>, C<z>, C<z>, C<z>, C<z>;
V_$0x14b6cde0 .net "ag_accreg_ifc_ag_agent_rd_req", 3, 0, C<z>, C<z>, C<z>, C<z>;
V_$0x14b74470 .net "ag_accreg_ifc_ag_agent_wr_data", 31, 0, C<z>, C<z>, C<z>, C<z>, C<z>, C<z>, C<z>, C<z>, C<z>, C<z>, C<z>, C<z>, C<z>, C<z>, C<z>, C<z>, C<z>, C<z>, C<z>, C<z>, C<z>, C<z>, C<z>, C<z>, C<z>, C<z>, C<z>, C<z>, C<z>, C<z>, C<z>, C<z>;
V_$0x14b629d0 .net "ag_accreg_ifc_ag_agent_wr_req", 3, 0, C<z>, C<z>, C<z>, C<z>;
V_$0x14b32b20 .net "ag_ofifo_ifc_ag_fp_outfifo_data", 31, 0, C<z>, C<z>, C<z>, C<z>, C<z>, C<z>, C<z>, C<z>, C<z>, C<z>, C<z>, C<z>, C<z>, C<z>, C<z>, C<z>, C<z>, C<z>, C<z>, C<z>, C<z>, C<z>, C<z>, C<z>, C<z>, C<z>, C<z>, C<z>, C<z>, C<z>, C<z>, C<z>;
V_$0x14b796a0 .net "ag_ofifo_ifc_ag_fp_outfifo_full", 0, 0, C<z>;
V_$0x14b5e0a0 .net "ag_ofifo_ifc_ag_fp_outfifo_full_count", 4, 0, C<z>, C<z>, C<z>, C<z>, C<z>;
V_$0x14b6f080 .net "ag_ofifo_ifc_ag_fp_outfifo_pkt_tag", 15, 0, C<z>, C<z>, C<z>, C<z>, C<z>, C<z>, C<z>, C<z>, C<z>, C<z>, C<z>, C<z>, C<z>, C<z>, C<z>, C<z>;
V_$0x14b79ca0 .net "ag_ofifo_ifc_ag_fp_outfifo_write", 0, 0, C<z>;
V_$0x14b5e2b0 .net "ififo_ag_ifc_ag_fp_infifo_data", 31, 0, C<z>, C<z>, C<z>, C<z>, C<z>, C<z>, C<z>, C<z>, C<z>, C<z>, C<z>, C<z>, C<z>, C<z>, C<z>, C<z>, C<z>, C<z>, C<z>, C<z>, C<z>, C<z>, C<z>, C<z>, C<z>, C<z>, C<z>, C<z>, C<z>, C<z>, C<z>, C<z>;
V_$0x14b25ff0 .net "ififo_ag_ifc_ag_fp_infifo_empty", 0, 0, C<z>;
V_$0x14b1f420 .net "ififo_ag_ifc_ag_fp_infifo_empty_count", 4, 0, C<z>, C<z>, C<z>, C<z>, C<z>;
V_$0x14b7bb40 .net "ififo_ag_ifc_ag_fp_infifo_pkt_tag", 15, 0, C<z>, C<z>, C<z>, C<z>, C<z>, C<z>, C<z>, C<z>, C<z>, C<z>, C<z>, C<z>, C<z>, C<z>, C<z>, C<z>;
V_$0x14b7ca30 .net "ififo_ag_ifc_ag_fp_infifo_rd", 0, 0, C<z>;
S_0x14bbfe20 .scope module, "agent_long_reach_" "agent_long_reach", S_0x14b4abc0;
 .timescale 0;
S_0x14bbeda0 .scope module, "I_AGT0_FP0_OUT" "fifo_port32_out", S_0x14b4abc0;
 .timescale 0;
V_$0x14b62a60 .net "ag_ofifo_ifc_ff_fp_outfifo_data", 31, 0, C<z>, C<z>, C<z>, C<z>, C<z>, C<z>, C<z>, C<z>, C<z>, C<z>, C<z>, C<z>, C<z>, C<z>, C<z>, C<z>, C<z>, C<z>, C<z>, C<z>, C<z>, C<z>, C<z>, C<z>, C<z>, C<z>, C<z>, C<z>, C<z>, C<z>, C<z>, C<z>;
V_$0x14b46570 .net "ag_ofifo_ifc_ff_fp_outfifo_full", 0, 0, C<z>;
V_$0x14b5cba0 .net "ag_ofifo_ifc_ff_fp_outfifo_full_count", 4, 0, C<z>, C<z>, C<z>, C<z>, C<z>;
V_$0x14b67380 .net "ag_ofifo_ifc_ff_fp_outfifo_pkt_tag", 15, 0, C<z>, C<z>, C<z>, C<z>, C<z>, C<z>, C<z>, C<z>, C<z>, C<z>, C<z>, C<z>, C<z>, C<z>, C<z>, C<z>;
V_$0x14b32f90 .net "ag_ofifo_ifc_ff_fp_outfifo_write", 0, 0, C<z>;
V_$0x14b6ce70 .net "ofifo_acc_ifc_ff_acc_rd_from_agents", 0, 0, C<z>;
V_$0x14b22df0 .net "ofifo_acc_ifc_ff_fpo_data_from_agents", 31, 0, C<z>, C<z>, C<z>, C<z>, C<z>, C<z>, C<z>, C<z>, C<z>, C<z>, C<z>, C<z>, C<z>, C<z>, C<z>, C<z>, C<z>, C<z>, C<z>, C<z>, C<z>, C<z>, C<z>, C<z>, C<z>, C<z>, C<z>, C<z>, C<z>, C<z>, C<z>, C<z>;
V_$0x14b5df10 .net "ofifo_acc_ifc_ff_fpo_empty_from_agents", 0, 0, C<z>;
V_$0x14b19d80 .net "ofifo_acc_ifc_ff_fpo_ptag_from_agents", 15, 0, C<z>, C<z>, C<z>, C<z>, C<z>, C<z>, C<z>, C<z>, C<z>, C<z>, C<z>, C<z>, C<z>, C<z>, C<z>, C<z>;
S_0x14bbd190 .scope module, "I_AGT2_FP0_OUT" "fifo_port32_out", S_0x14b4abc0;
 .timescale 0;
V_$0x14b27440 .net "ag_ofifo_ifc_ff_fp_outfifo_data", 31, 0, C<z>, C<z>, C<z>, C<z>, C<z>, C<z>, C<z>, C<z>, C<z>, C<z>, C<z>, C<z>, C<z>, C<z>, C<z>, C<z>, C<z>, C<z>, C<z>, C<z>, C<z>, C<z>, C<z>, C<z>, C<z>, C<z>, C<z>, C<z>, C<z>, C<z>, C<z>, C<z>;
V_$0x14b5c140 .net "ag_ofifo_ifc_ff_fp_outfifo_full", 0, 0, C<z>;
V_$0x14b5e000 .net "ag_ofifo_ifc_ff_fp_outfifo_full_count", 4, 0, C<z>, C<z>, C<z>, C<z>, C<z>;
V_$0x14ac4920 .net "ag_ofifo_ifc_ff_fp_outfifo_pkt_tag", 15, 0, C<z>, C<z>, C<z>, C<z>, C<z>, C<z>, C<z>, C<z>, C<z>, C<z>, C<z>, C<z>, C<z>, C<z>, C<z>, C<z>;
V_$0x14b5dec0 .net "ag_ofifo_ifc_ff_fp_outfifo_write", 0, 0, C<z>;
V_$0x14b5de20 .net "ofifo_acc_ifc_ff_acc_rd_from_agents", 0, 0, C<z>;
V_$0x14b66af0 .net "ofifo_acc_ifc_ff_fpo_data_from_agents", 31, 0, C<z>, C<z>, C<z>, C<z>, C<z>, C<z>, C<z>, C<z>, C<z>, C<z>, C<z>, C<z>, C<z>, C<z>, C<z>, C<z>, C<z>, C<z>, C<z>, C<z>, C<z>, C<z>, C<z>, C<z>, C<z>, C<z>, C<z>, C<z>, C<z>, C<z>, C<z>, C<z>;
V_$0x14b6cfb0 .net "ofifo_acc_ifc_ff_fpo_empty_from_agents", 0, 0, C<z>;
V_$0x14b79940 .net "ofifo_acc_ifc_ff_fpo_ptag_from_agents", 15, 0, C<z>, C<z>, C<z>, C<z>, C<z>, C<z>, C<z>, C<z>, C<z>, C<z>, C<z>, C<z>, C<z>, C<z>, C<z>, C<z>;
S_0x14bbbc40 .scope module, "I_AGT3_FP0_OUT" "fifo_port32_out", S_0x14b4abc0;
 .timescale 0;
V_$0x14b5e230 .net "ag_ofifo_ifc_ff_fp_outfifo_data", 31, 0, C<z>, C<z>, C<z>, C<z>, C<z>, C<z>, C<z>, C<z>, C<z>, C<z>, C<z>, C<z>, C<z>, C<z>, C<z>, C<z>, C<z>, C<z>, C<z>, C<z>, C<z>, C<z>, C<z>, C<z>, C<z>, C<z>, C<z>, C<z>, C<z>, C<z>, C<z>, C<z>;
V_$0x14b5e050 .net "ag_ofifo_ifc_ff_fp_outfifo_full", 0, 0, C<z>;
V_$0x14b5dfb0 .net "ag_ofifo_ifc_ff_fp_outfifo_full_count", 4, 0, C<z>, C<z>, C<z>, C<z>, C<z>;
V_$0x14b5df60 .net "ag_ofifo_ifc_ff_fp_outfifo_pkt_tag", 15, 0, C<z>, C<z>, C<z>, C<z>, C<z>, C<z>, C<z>, C<z>, C<z>, C<z>, C<z>, C<z>, C<z>, C<z>, C<z>, C<z>;
V_$0x14b5de70 .net "ag_ofifo_ifc_ff_fp_outfifo_write", 0, 0, C<z>;
V_$0x14b5ddd0 .net "ofifo_acc_ifc_ff_acc_rd_from_agents", 0, 0, C<z>;
V_$0x14b1f380 .net "ofifo_acc_ifc_ff_fpo_data_from_agents", 31, 0, C<z>, C<z>, C<z>, C<z>, C<z>, C<z>, C<z>, C<z>, C<z>, C<z>, C<z>, C<z>, C<z>, C<z>, C<z>, C<z>, C<z>, C<z>, C<z>, C<z>, C<z>, C<z>, C<z>, C<z>, C<z>, C<z>, C<z>, C<z>, C<z>, C<z>, C<z>, C<z>;
V_$0x14b26f00 .net "ofifo_acc_ifc_ff_fpo_empty_from_agents", 0, 0, C<z>;
V_$0x14b26fa0 .net "ofifo_acc_ifc_ff_fpo_ptag_from_agents", 15, 0, C<z>, C<z>, C<z>, C<z>, C<z>, C<z>, C<z>, C<z>, C<z>, C<z>, C<z>, C<z>, C<z>, C<z>, C<z>, C<z>;
S_0x14b30880 .scope module, "I_AGENT_2" "loopback32_agent", S_0x14b4abc0;
 .timescale 0;
V_$0x14b31580 .net "ag_accreg_ifc_ag_agent_ack", 3, 0, C<z>, C<z>, C<z>, C<z>;
V_$0x14b62340 .net "ag_accreg_ifc_ag_agent_address", 31, 0, C<z>, C<z>, C<z>, C<z>, C<z>, C<z>, C<z>, C<z>, C<z>, C<z>, C<z>, C<z>, C<z>, C<z>, C<z>, C<z>, C<z>, C<z>, C<z>, C<z>, C<z>, C<z>, C<z>, C<z>, C<z>, C<z>, C<z>, C<z>, C<z>, C<z>, C<z>, C<z>;
V_$0x14b73e90 .net "ag_accreg_ifc_ag_agent_rd_data", 127, 0, C<z>, C<z>, C<z>, C<z>, C<z>, C<z>, C<z>, C<z>, C<z>, C<z>, C<z>, C<z>, C<z>, C<z>, C<z>, C<z>, C<z>, C<z>, C<z>, C<z>, C<z>, C<z>, C<z>, C<z>, C<z>, C<z>, C<z>, C<z>, C<z>, C<z>, C<z>, C<z>, C<z>, C<z>, C<z>, C<z>, C<z>, C<z>, C<z>, C<z>, C<z>, C<z>, C<z>, C<z>, C<z>, C<z>, C<z>, C<z>, C<z>, C<z>, C<z>, C<z>, C<z>, C<z>, C<z>, C<z>, C<z>, C<z>, C<z>, C<z>, C<z>, C<z>, C<z>, C<z>, C<z>, C<z>, C<z>, C<z>, C<z>, C<z>, C<z>, C<z>, C<z>, C<z>, C<z>, C<z>, C<z>, C<z>, C<z>, C<z>, C<z>, C<z>, C<z>, C<z>, C<z>, C<z>, C<z>, C<z>, C<z>, C<z>, C<z>, C<z>, C<z>, C<z>, C<z>, C<z>, C<z>, C<z>, C<z>, C<z>, C<z>, C<z>, C<z>, C<z>, C<z>, C<z>, C<z>, C<z>, C<z>, C<z>, C<z>, C<z>, C<z>, C<z>, C<z>, C<z>, C<z>, C<z>, C<z>, C<z>, C<z>, C<z>, C<z>, C<z>, C<z>, C<z>, C<z>, C<z>;
V_$0x14ac1bc0 .net "ag_accreg_ifc_ag_agent_rd_req", 3, 0, C<z>, C<z>, C<z>, C<z>;
V_$0x14b67af0 .net "ag_accreg_ifc_ag_agent_wr_data", 31, 0, C<z>, C<z>, C<z>, C<z>, C<z>, C<z>, C<z>, C<z>, C<z>, C<z>, C<z>, C<z>, C<z>, C<z>, C<z>, C<z>, C<z>, C<z>, C<z>, C<z>, C<z>, C<z>, C<z>, C<z>, C<z>, C<z>, C<z>, C<z>, C<z>, C<z>, C<z>, C<z>;
V_$0x14b61f70 .net "ag_accreg_ifc_ag_agent_wr_req", 3, 0, C<z>, C<z>, C<z>, C<z>;
V_$0x14b73300 .net "ag_ofifo_ifc_ag_fp_outfifo_data", 31, 0, C<z>, C<z>, C<z>, C<z>, C<z>, C<z>, C<z>, C<z>, C<z>, C<z>, C<z>, C<z>, C<z>, C<z>, C<z>, C<z>, C<z>, C<z>, C<z>, C<z>, C<z>, C<z>, C<z>, C<z>, C<z>, C<z>, C<z>, C<z>, C<z>, C<z>, C<z>, C<z>;
V_$0x14b47430 .net "ag_ofifo_ifc_ag_fp_outfifo_full", 0, 0, C<z>;
V_$0x14b5cc60 .net "ag_ofifo_ifc_ag_fp_outfifo_full_count", 4, 0, C<z>, C<z>, C<z>, C<z>, C<z>;
V_$0x14b22d00 .net "ag_ofifo_ifc_ag_fp_outfifo_pkt_tag", 15, 0, C<z>, C<z>, C<z>, C<z>, C<z>, C<z>, C<z>, C<z>, C<z>, C<z>, C<z>, C<z>, C<z>, C<z>, C<z>, C<z>;
V_$0x14bba530 .net "ag_ofifo_ifc_ag_fp_outfifo_write", 0, 0, C<z>;
V_$0x14bba5c0 .net "ififo_ag_ifc_ag_fp_infifo_data", 31, 0, C<z>, C<z>, C<z>, C<z>, C<z>, C<z>, C<z>, C<z>, C<z>, C<z>, C<z>, C<z>, C<z>, C<z>, C<z>, C<z>, C<z>, C<z>, C<z>, C<z>, C<z>, C<z>, C<z>, C<z>, C<z>, C<z>, C<z>, C<z>, C<z>, C<z>, C<z>, C<z>;
V_$0x14b5e0f0 .net "ififo_ag_ifc_ag_fp_infifo_empty", 0, 0, C<z>;
V_$0x14b5e190 .net "ififo_ag_ifc_ag_fp_infifo_empty_count", 4, 0, C<z>, C<z>, C<z>, C<z>, C<z>;
V_$0x14b580a0 .net "ififo_ag_ifc_ag_fp_infifo_pkt_tag", 15, 0, C<z>, C<z>, C<z>, C<z>, C<z>, C<z>, C<z>, C<z>, C<z>, C<z>, C<z>, C<z>, C<z>, C<z>, C<z>, C<z>;
V_$0x14b52370 .net "ififo_ag_ifc_ag_fp_infifo_rd", 0, 0, C<z>;
S_0x14b52570 .scope module, "acc_" "acc", S_0x14b4abc0;
 .timescale 0;
V_$0x14b52640 .net "acc_ififo_ifc_acc0_acc_credit_ack", 3, 0, C<z>, C<z>, C<z>, C<z>;
V_$0x14b52720 .net "acc_ififo_ifc_acc0_acc_credit_enable", 0, 0, C<z>;
V_$0x14b4c460 .net "acc_ififo_ifc_acc0_acc_data_to_agents", 31, 0, C<z>, C<z>, C<z>, C<z>, C<z>, C<z>, C<z>, C<z>, C<z>, C<z>, C<z>, C<z>, C<z>, C<z>, C<z>, C<z>, C<z>, C<z>, C<z>, C<z>, C<z>, C<z>, C<z>, C<z>, C<z>, C<z>, C<z>, C<z>, C<z>, C<z>, C<z>, C<z>;
V_$0x14b63bb0 .net "acc_ififo_ifc_acc0_acc_ptag_to_agents", 15, 0, C<z>, C<z>, C<z>, C<z>, C<z>, C<z>, C<z>, C<z>, C<z>, C<z>, C<z>, C<z>, C<z>, C<z>, C<z>, C<z>;
V_$0x14b69e90 .net "acc_ififo_ifc_acc0_acc_wr_to_agents", 0, 0, C<z>;
V_$0x14b69f10 .net "acc_ififo_ifc_acc0_fp_full_to_agents", 0, 0, C<z>;
V_$0x14b69f60 .net "acc_ififo_ifc_acc0_fpi_credit_data", 127, 0, C<z>, C<z>, C<z>, C<z>, C<z>, C<z>, C<z>, C<z>, C<z>, C<z>, C<z>, C<z>, C<z>, C<z>, C<z>, C<z>, C<z>, C<z>, C<z>, C<z>, C<z>, C<z>, C<z>, C<z>, C<z>, C<z>, C<z>, C<z>, C<z>, C<z>, C<z>, C<z>, C<z>, C<z>, C<z>, C<z>, C<z>, C<z>, C<z>, C<z>, C<z>, C<z>, C<z>, C<z>, C<z>, C<z>, C<z>, C<z>, C<z>, C<z>, C<z>, C<z>, C<z>, C<z>, C<z>, C<z>, C<z>, C<z>, C<z>, C<z>, C<z>, C<z>, C<z>, C<z>, C<z>, C<z>, C<z>, C<z>, C<z>, C<z>, C<z>, C<z>, C<z>, C<z>, C<z>, C<z>, C<z>, C<z>, C<z>, C<z>, C<z>, C<z>, C<z>, C<z>, C<z>, C<z>, C<z>, C<z>, C<z>, C<z>, C<z>, C<z>, C<z>, C<z>, C<z>, C<z>, C<z>, C<z>, C<z>, C<z>, C<z>, C<z>, C<z>, C<z>, C<z>, C<z>, C<z>, C<z>, C<z>, C<z>, C<z>, C<z>, C<z>, C<z>, C<z>, C<z>, C<z>, C<z>, C<z>, C<z>, C<z>, C<z>, C<z>, C<z>, C<z>, C<z>, C<z>, C<z>;
V_$0x14b76810 .net "acc_ififo_ifc_acc0_fpi_credit_req", 3, 0, C<z>, C<z>, C<z>, C<z>;
V_$0x14b769a0 .net "acc_ififo_ifc_acc1_acc_credit_ack", 3, 0, C<z>, C<z>, C<z>, C<z>;
V_$0x14b76ae0 .net "acc_ififo_ifc_acc1_acc_credit_enable", 0, 0, C<z>;
V_$0x14b76860 .net "acc_ififo_ifc_acc1_acc_data_to_agents", 31, 0, C<z>, C<z>, C<z>, C<z>, C<z>, C<z>, C<z>, C<z>, C<z>, C<z>, C<z>, C<z>, C<z>, C<z>, C<z>, C<z>, C<z>, C<z>, C<z>, C<z>, C<z>, C<z>, C<z>, C<z>, C<z>, C<z>, C<z>, C<z>, C<z>, C<z>, C<z>, C<z>;
V_$0x14b913e0 .net "acc_ififo_ifc_acc1_acc_ptag_to_agents", 15, 0, C<z>, C<z>, C<z>, C<z>, C<z>, C<z>, C<z>, C<z>, C<z>, C<z>, C<z>, C<z>, C<z>, C<z>, C<z>, C<z>;
V_$0x14b76b30 .net "acc_ififo_ifc_acc1_acc_wr_to_agents", 0, 0, C<z>;
V_$0x14b9dca0 .net "acc_ififo_ifc_acc1_fp_full_to_agents", 0, 0, C<z>;
V_$0x14b9dd70 .net "acc_ififo_ifc_acc1_fpi_credit_data", 127, 0, C<z>, C<z>, C<z>, C<z>, C<z>, C<z>, C<z>, C<z>, C<z>, C<z>, C<z>, C<z>, C<z>, C<z>, C<z>, C<z>, C<z>, C<z>, C<z>, C<z>, C<z>, C<z>, C<z>, C<z>, C<z>, C<z>, C<z>, C<z>, C<z>, C<z>, C<z>, C<z>, C<z>, C<z>, C<z>, C<z>, C<z>, C<z>, C<z>, C<z>, C<z>, C<z>, C<z>, C<z>, C<z>, C<z>, C<z>, C<z>, C<z>, C<z>, C<z>, C<z>, C<z>, C<z>, C<z>, C<z>, C<z>, C<z>, C<z>, C<z>, C<z>, C<z>, C<z>, C<z>, C<z>, C<z>, C<z>, C<z>, C<z>, C<z>, C<z>, C<z>, C<z>, C<z>, C<z>, C<z>, C<z>, C<z>, C<z>, C<z>, C<z>, C<z>, C<z>, C<z>, C<z>, C<z>, C<z>, C<z>, C<z>, C<z>, C<z>, C<z>, C<z>, C<z>, C<z>, C<z>, C<z>, C<z>, C<z>, C<z>, C<z>, C<z>, C<z>, C<z>, C<z>, C<z>, C<z>, C<z>, C<z>, C<z>, C<z>, C<z>, C<z>, C<z>, C<z>, C<z>, C<z>, C<z>, C<z>, C<z>, C<z>, C<z>, C<z>, C<z>, C<z>, C<z>, C<z>, C<z>;
V_$0x14b99270 .net "acc_ififo_ifc_acc1_fpi_credit_req", 3, 0, C<z>, C<z>, C<z>, C<z>;
V_$0x14b872d0 .net "acc_ififo_ifc_acc2_acc_credit_ack", 3, 0, C<z>, C<z>, C<z>, C<z>;
V_$0x14b875b0 .net "acc_ififo_ifc_acc2_acc_credit_enable", 0, 0, C<z>;
V_$0x14b871e0 .net "acc_ififo_ifc_acc2_acc_data_to_agents", 31, 0, C<z>, C<z>, C<z>, C<z>, C<z>, C<z>, C<z>, C<z>, C<z>, C<z>, C<z>, C<z>, C<z>, C<z>, C<z>, C<z>, C<z>, C<z>, C<z>, C<z>, C<z>, C<z>, C<z>, C<z>, C<z>, C<z>, C<z>, C<z>, C<z>, C<z>, C<z>, C<z>;
V_$0x14b851b0 .net "acc_ififo_ifc_acc2_acc_ptag_to_agents", 15, 0, C<z>, C<z>, C<z>, C<z>, C<z>, C<z>, C<z>, C<z>, C<z>, C<z>, C<z>, C<z>, C<z>, C<z>, C<z>, C<z>;
V_$0x14ba6e00 .net "acc_ififo_ifc_acc2_acc_wr_to_agents", 0, 0, C<z>;
V_$0x14ba71a0 .net "acc_ififo_ifc_acc2_fp_full_to_agents", 0, 0, C<z>;
V_$0x14ba6aa0 .net "acc_ififo_ifc_acc2_fpi_credit_data", 127, 0, C<z>, C<z>, C<z>, C<z>, C<z>, C<z>, C<z>, C<z>, C<z>, C<z>, C<z>, C<z>, C<z>, C<z>, C<z>, C<z>, C<z>, C<z>, C<z>, C<z>, C<z>, C<z>, C<z>, C<z>, C<z>, C<z>, C<z>, C<z>, C<z>, C<z>, C<z>, C<z>, C<z>, C<z>, C<z>, C<z>, C<z>, C<z>, C<z>, C<z>, C<z>, C<z>, C<z>, C<z>, C<z>, C<z>, C<z>, C<z>, C<z>, C<z>, C<z>, C<z>, C<z>, C<z>, C<z>, C<z>, C<z>, C<z>, C<z>, C<z>, C<z>, C<z>, C<z>, C<z>, C<z>, C<z>, C<z>, C<z>, C<z>, C<z>, C<z>, C<z>, C<z>, C<z>, C<z>, C<z>, C<z>, C<z>, C<z>, C<z>, C<z>, C<z>, C<z>, C<z>, C<z>, C<z>, C<z>, C<z>, C<z>, C<z>, C<z>, C<z>, C<z>, C<z>, C<z>, C<z>, C<z>, C<z>, C<z>, C<z>, C<z>, C<z>, C<z>, C<z>, C<z>, C<z>, C<z>, C<z>, C<z>, C<z>, C<z>, C<z>, C<z>, C<z>, C<z>, C<z>, C<z>, C<z>, C<z>, C<z>, C<z>, C<z>, C<z>, C<z>, C<z>, C<z>, C<z>, C<z>;
V_$0x14b4f960 .net "acc_ififo_ifc_acc2_fpi_credit_req", 3, 0, C<z>, C<z>, C<z>, C<z>;
V_$0x14ba7220 .net "acc_ififo_ifc_acc3_acc_credit_ack", 3, 0, C<z>, C<z>, C<z>, C<z>;
V_$0x14b94950 .net "acc_ififo_ifc_acc3_acc_credit_enable", 0, 0, C<z>;
V_$0x14b9ce80 .net "acc_ififo_ifc_acc3_acc_data_to_agents", 31, 0, C<z>, C<z>, C<z>, C<z>, C<z>, C<z>, C<z>, C<z>, C<z>, C<z>, C<z>, C<z>, C<z>, C<z>, C<z>, C<z>, C<z>, C<z>, C<z>, C<z>, C<z>, C<z>, C<z>, C<z>, C<z>, C<z>, C<z>, C<z>, C<z>, C<z>, C<z>, C<z>;
V_$0x14b94bd0 .net "acc_ififo_ifc_acc3_acc_ptag_to_agents", 15, 0, C<z>, C<z>, C<z>, C<z>, C<z>, C<z>, C<z>, C<z>, C<z>, C<z>, C<z>, C<z>, C<z>, C<z>, C<z>, C<z>;
V_$0x14b94b80 .net "acc_ififo_ifc_acc3_acc_wr_to_agents", 0, 0, C<z>;
V_$0x14b89d70 .net "acc_ififo_ifc_acc3_fp_full_to_agents", 0, 0, C<z>;
V_$0x14b89e20 .net "acc_ififo_ifc_acc3_fpi_credit_data", 127, 0, C<z>, C<z>, C<z>, C<z>, C<z>, C<z>, C<z>, C<z>, C<z>, C<z>, C<z>, C<z>, C<z>, C<z>, C<z>, C<z>, C<z>, C<z>, C<z>, C<z>, C<z>, C<z>, C<z>, C<z>, C<z>, C<z>, C<z>, C<z>, C<z>, C<z>, C<z>, C<z>, C<z>, C<z>, C<z>, C<z>, C<z>, C<z>, C<z>, C<z>, C<z>, C<z>, C<z>, C<z>, C<z>, C<z>, C<z>, C<z>, C<z>, C<z>, C<z>, C<z>, C<z>, C<z>, C<z>, C<z>, C<z>, C<z>, C<z>, C<z>, C<z>, C<z>, C<z>, C<z>, C<z>, C<z>, C<z>, C<z>, C<z>, C<z>, C<z>, C<z>, C<z>, C<z>, C<z>, C<z>, C<z>, C<z>, C<z>, C<z>, C<z>, C<z>, C<z>, C<z>, C<z>, C<z>, C<z>, C<z>, C<z>, C<z>, C<z>, C<z>, C<z>, C<z>, C<z>, C<z>, C<z>, C<z>, C<z>, C<z>, C<z>, C<z>, C<z>, C<z>, C<z>, C<z>, C<z>, C<z>, C<z>, C<z>, C<z>, C<z>, C<z>, C<z>, C<z>, C<z>, C<z>, C<z>, C<z>, C<z>, C<z>, C<z>, C<z>, C<z>, C<z>, C<z>, C<z>, C<z>;
V_$0x14b56c40 .net "acc_ififo_ifc_acc3_fpi_credit_req", 3, 0, C<z>, C<z>, C<z>, C<z>;
V_$0x14b89f90 .net "ag_accreg_ifc_acc0_agent_ack", 3, 0, C<z>, C<z>, C<z>, C<z>;
V_$0x14b5c240 .net "ag_accreg_ifc_acc0_agent_address", 31, 0, C<z>, C<z>, C<z>, C<z>, C<z>, C<z>, C<z>, C<z>, C<z>, C<z>, C<z>, C<z>, C<z>, C<z>, C<z>, C<z>, C<z>, C<z>, C<z>, C<z>, C<z>, C<z>, C<z>, C<z>, C<z>, C<z>, C<z>, C<z>, C<z>, C<z>, C<z>, C<z>;
V_$0x14b5cc10 .net "ag_accreg_ifc_acc0_agent_rd_data", 127, 0, C<z>, C<z>, C<z>, C<z>, C<z>, C<z>, C<z>, C<z>, C<z>, C<z>, C<z>, C<z>, C<z>, C<z>, C<z>, C<z>, C<z>, C<z>, C<z>, C<z>, C<z>, C<z>, C<z>, C<z>, C<z>, C<z>, C<z>, C<z>, C<z>, C<z>, C<z>, C<z>, C<z>, C<z>, C<z>, C<z>, C<z>, C<z>, C<z>, C<z>, C<z>, C<z>, C<z>, C<z>, C<z>, C<z>, C<z>, C<z>, C<z>, C<z>, C<z>, C<z>, C<z>, C<z>, C<z>, C<z>, C<z>, C<z>, C<z>, C<z>, C<z>, C<z>, C<z>, C<z>, C<z>, C<z>, C<z>, C<z>, C<z>, C<z>, C<z>, C<z>, C<z>, C<z>, C<z>, C<z>, C<z>, C<z>, C<z>, C<z>, C<z>, C<z>, C<z>, C<z>, C<z>, C<z>, C<z>, C<z>, C<z>, C<z>, C<z>, C<z>, C<z>, C<z>, C<z>, C<z>, C<z>, C<z>, C<z>, C<z>, C<z>, C<z>, C<z>, C<z>, C<z>, C<z>, C<z>, C<z>, C<z>, C<z>, C<z>, C<z>, C<z>, C<z>, C<z>, C<z>, C<z>, C<z>, C<z>, C<z>, C<z>, C<z>, C<z>, C<z>, C<z>, C<z>, C<z>, C<z>;
V_$0x14b669e0 .net "ag_accreg_ifc_acc0_agent_rd_req", 3, 0, C<z>, C<z>, C<z>, C<z>;
V_$0x14b66b60 .net "ag_accreg_ifc_acc0_agent_wr_data", 31, 0, C<z>, C<z>, C<z>, C<z>, C<z>, C<z>, C<z>, C<z>, C<z>, C<z>, C<z>, C<z>, C<z>, C<z>, C<z>, C<z>, C<z>, C<z>, C<z>, C<z>, C<z>, C<z>, C<z>, C<z>, C<z>, C<z>, C<z>, C<z>, C<z>, C<z>, C<z>, C<z>;
V_$0x14b674c0 .net "ag_accreg_ifc_acc0_agent_wr_req", 3, 0, C<z>, C<z>, C<z>, C<z>;
V_$0x14b67650 .net "ag_accreg_ifc_acc1_agent_ack", 3, 0, C<z>, C<z>, C<z>, C<z>;
V_$0x14b677e0 .net "ag_accreg_ifc_acc1_agent_address", 31, 0, C<z>, C<z>, C<z>, C<z>, C<z>, C<z>, C<z>, C<z>, C<z>, C<z>, C<z>, C<z>, C<z>, C<z>, C<z>, C<z>, C<z>, C<z>, C<z>, C<z>, C<z>, C<z>, C<z>, C<z>, C<z>, C<z>, C<z>, C<z>, C<z>, C<z>, C<z>, C<z>;
V_$0x14b6cf60 .net "ag_accreg_ifc_acc1_agent_rd_data", 127, 0, C<z>, C<z>, C<z>, C<z>, C<z>, C<z>, C<z>, C<z>, C<z>, C<z>, C<z>, C<z>, C<z>, C<z>, C<z>, C<z>, C<z>, C<z>, C<z>, C<z>, C<z>, C<z>, C<z>, C<z>, C<z>, C<z>, C<z>, C<z>, C<z>, C<z>, C<z>, C<z>, C<z>, C<z>, C<z>, C<z>, C<z>, C<z>, C<z>, C<z>, C<z>, C<z>, C<z>, C<z>, C<z>, C<z>, C<z>, C<z>, C<z>, C<z>, C<z>, C<z>, C<z>, C<z>, C<z>, C<z>, C<z>, C<z>, C<z>, C<z>, C<z>, C<z>, C<z>, C<z>, C<z>, C<z>, C<z>, C<z>, C<z>, C<z>, C<z>, C<z>, C<z>, C<z>, C<z>, C<z>, C<z>, C<z>, C<z>, C<z>, C<z>, C<z>, C<z>, C<z>, C<z>, C<z>, C<z>, C<z>, C<z>, C<z>, C<z>, C<z>, C<z>, C<z>, C<z>, C<z>, C<z>, C<z>, C<z>, C<z>, C<z>, C<z>, C<z>, C<z>, C<z>, C<z>, C<z>, C<z>, C<z>, C<z>, C<z>, C<z>, C<z>, C<z>, C<z>, C<z>, C<z>, C<z>, C<z>, C<z>, C<z>, C<z>, C<z>, C<z>, C<z>, C<z>, C<z>, C<z>;
V_$0x14b6d690 .net "ag_accreg_ifc_acc1_agent_rd_req", 3, 0, C<z>, C<z>, C<z>, C<z>;
V_$0x14b6d840 .net "ag_accreg_ifc_acc1_agent_wr_data", 31, 0, C<z>, C<z>, C<z>, C<z>, C<z>, C<z>, C<z>, C<z>, C<z>, C<z>, C<z>, C<z>, C<z>, C<z>, C<z>, C<z>, C<z>, C<z>, C<z>, C<z>, C<z>, C<z>, C<z>, C<z>, C<z>, C<z>, C<z>, C<z>, C<z>, C<z>, C<z>, C<z>;
V_$0x14b72fd0 .net "ag_accreg_ifc_acc1_agent_wr_req", 3, 0, C<z>, C<z>, C<z>, C<z>;
V_$0x14b6d7d0 .net "ag_accreg_ifc_acc2_agent_ack", 3, 0, C<z>, C<z>, C<z>, C<z>;
V_$0x14b67790 .net "ag_accreg_ifc_acc2_agent_address", 31, 0, C<z>, C<z>, C<z>, C<z>, C<z>, C<z>, C<z>, C<z>, C<z>, C<z>, C<z>, C<z>, C<z>, C<z>, C<z>, C<z>, C<z>, C<z>, C<z>, C<z>, C<z>, C<z>, C<z>, C<z>, C<z>, C<z>, C<z>, C<z>, C<z>, C<z>, C<z>, C<z>;
V_$0x14b6cf10 .net "ag_accreg_ifc_acc2_agent_rd_data", 127, 0, C<z>, C<z>, C<z>, C<z>, C<z>, C<z>, C<z>, C<z>, C<z>, C<z>, C<z>, C<z>, C<z>, C<z>, C<z>, C<z>, C<z>, C<z>, C<z>, C<z>, C<z>, C<z>, C<z>, C<z>, C<z>, C<z>, C<z>, C<z>, C<z>, C<z>, C<z>, C<z>, C<z>, C<z>, C<z>, C<z>, C<z>, C<z>, C<z>, C<z>, C<z>, C<z>, C<z>, C<z>, C<z>, C<z>, C<z>, C<z>, C<z>, C<z>, C<z>, C<z>, C<z>, C<z>, C<z>, C<z>, C<z>, C<z>, C<z>, C<z>, C<z>, C<z>, C<z>, C<z>, C<z>, C<z>, C<z>, C<z>, C<z>, C<z>, C<z>, C<z>, C<z>, C<z>, C<z>, C<z>, C<z>, C<z>, C<z>, C<z>, C<z>, C<z>, C<z>, C<z>, C<z>, C<z>, C<z>, C<z>, C<z>, C<z>, C<z>, C<z>, C<z>, C<z>, C<z>, C<z>, C<z>, C<z>, C<z>, C<z>, C<z>, C<z>, C<z>, C<z>, C<z>, C<z>, C<z>, C<z>, C<z>, C<z>, C<z>, C<z>, C<z>, C<z>, C<z>, C<z>, C<z>, C<z>, C<z>, C<z>, C<z>, C<z>, C<z>, C<z>, C<z>, C<z>, C<z>, C<z>;
V_$0x14b6d640 .net "ag_accreg_ifc_acc2_agent_rd_req", 3, 0, C<z>, C<z>, C<z>, C<z>;
V_$0x14b678d0 .net "ag_accreg_ifc_acc2_agent_wr_data", 31, 0, C<z>, C<z>, C<z>, C<z>, C<z>, C<z>, C<z>, C<z>, C<z>, C<z>, C<z>, C<z>, C<z>, C<z>, C<z>, C<z>, C<z>, C<z>, C<z>, C<z>, C<z>, C<z>, C<z>, C<z>, C<z>, C<z>, C<z>, C<z>, C<z>, C<z>, C<z>, C<z>;
V_$0x14b72f80 .net "ag_accreg_ifc_acc2_agent_wr_req", 3, 0, C<z>, C<z>, C<z>, C<z>;
V_$0x14b6d780 .net "ag_accreg_ifc_acc3_agent_ack", 3, 0, C<z>, C<z>, C<z>, C<z>;
V_$0x14b6d730 .net "ag_accreg_ifc_acc3_agent_address", 31, 0, C<z>, C<z>, C<z>, C<z>, C<z>, C<z>, C<z>, C<z>, C<z>, C<z>, C<z>, C<z>, C<z>, C<z>, C<z>, C<z>, C<z>, C<z>, C<z>, C<z>, C<z>, C<z>, C<z>, C<z>, C<z>, C<z>, C<z>, C<z>, C<z>, C<z>, C<z>, C<z>;
V_$0x14b6d6e0 .net "ag_accreg_ifc_acc3_agent_rd_data", 127, 0, C<z>, C<z>, C<z>, C<z>, C<z>, C<z>, C<z>, C<z>, C<z>, C<z>, C<z>, C<z>, C<z>, C<z>, C<z>, C<z>, C<z>, C<z>, C<z>, C<z>, C<z>, C<z>, C<z>, C<z>, C<z>, C<z>, C<z>, C<z>, C<z>, C<z>, C<z>, C<z>, C<z>, C<z>, C<z>, C<z>, C<z>, C<z>, C<z>, C<z>, C<z>, C<z>, C<z>, C<z>, C<z>, C<z>, C<z>, C<z>, C<z>, C<z>, C<z>, C<z>, C<z>, C<z>, C<z>, C<z>, C<z>, C<z>, C<z>, C<z>, C<z>, C<z>, C<z>, C<z>, C<z>, C<z>, C<z>, C<z>, C<z>, C<z>, C<z>, C<z>, C<z>, C<z>, C<z>, C<z>, C<z>, C<z>, C<z>, C<z>, C<z>, C<z>, C<z>, C<z>, C<z>, C<z>, C<z>, C<z>, C<z>, C<z>, C<z>, C<z>, C<z>, C<z>, C<z>, C<z>, C<z>, C<z>, C<z>, C<z>, C<z>, C<z>, C<z>, C<z>, C<z>, C<z>, C<z>, C<z>, C<z>, C<z>, C<z>, C<z>, C<z>, C<z>, C<z>, C<z>, C<z>, C<z>, C<z>, C<z>, C<z>, C<z>, C<z>, C<z>, C<z>, C<z>, C<z>, C<z>;
V_$0x14b473e0 .net "ag_accreg_ifc_acc3_agent_rd_req", 3, 0, C<z>, C<z>, C<z>, C<z>;
V_$0x14b66aa0 .net "ag_accreg_ifc_acc3_agent_wr_data", 31, 0, C<z>, C<z>, C<z>, C<z>, C<z>, C<z>, C<z>, C<z>, C<z>, C<z>, C<z>, C<z>, C<z>, C<z>, C<z>, C<z>, C<z>, C<z>, C<z>, C<z>, C<z>, C<z>, C<z>, C<z>, C<z>, C<z>, C<z>, C<z>, C<z>, C<z>, C<z>, C<z>;
V_$0x14ac4990 .net "ag_accreg_ifc_acc3_agent_wr_req", 3, 0, C<z>, C<z>, C<z>, C<z>;
V_$0x14b19df0 .net "from_csw_ifc_acc_cluster_data_to_agents", 31, 0, C<z>, C<z>, C<z>, C<z>, C<z>, C<z>, C<z>, C<z>, C<z>, C<z>, C<z>, C<z>, C<z>, C<z>, C<z>, C<z>, C<z>, C<z>, C<z>, C<z>, C<z>, C<z>, C<z>, C<z>, C<z>, C<z>, C<z>, C<z>, C<z>, C<z>, C<z>, C<z>;
V_$0x14b622f0 .net "from_csw_ifc_acc_cluster_dev_id_to_agents", 4, 0, C<z>, C<z>, C<z>, C<z>, C<z>;
V_$0x14b6d080 .net "from_csw_ifc_acc_cluster_ptag_to_agents", 15, 0, C<z>, C<z>, C<z>, C<z>, C<z>, C<z>, C<z>, C<z>, C<z>, C<z>, C<z>, C<z>, C<z>, C<z>, C<z>, C<z>;
V_$0x14b6dd60 .net "from_csw_ifc_acc_cluster_wr_to_agents", 0, 0, C<z>;
V_$0x14b5ca60 .net "ofifo_acc_ifc_acc0_acc_rd_from_agents", 0, 0, C<z>;
V_$0x14b5cb10 .net "ofifo_acc_ifc_acc0_fpo_data_from_agents", 31, 0, C<z>, C<z>, C<z>, C<z>, C<z>, C<z>, C<z>, C<z>, C<z>, C<z>, C<z>, C<z>, C<z>, C<z>, C<z>, C<z>, C<z>, C<z>, C<z>, C<z>, C<z>, C<z>, C<z>, C<z>, C<z>, C<z>, C<z>, C<z>, C<z>, C<z>, C<z>, C<z>;
V_$0x14b6db60 .net "ofifo_acc_ifc_acc0_fpo_empty_from_agents", 0, 0, C<z>;
V_$0x14b1e400 .net "ofifo_acc_ifc_acc0_fpo_ptag_from_agents", 15, 0, C<z>, C<z>, C<z>, C<z>, C<z>, C<z>, C<z>, C<z>, C<z>, C<z>, C<z>, C<z>, C<z>, C<z>, C<z>, C<z>;
V_$0x14b79d50 .net "ofifo_acc_ifc_acc1_acc_rd_from_agents", 0, 0, C<z>;
V_$0x14b1ecf0 .net "ofifo_acc_ifc_acc1_fpo_data_from_agents", 31, 0, C<z>, C<z>, C<z>, C<z>, C<z>, C<z>, C<z>, C<z>, C<z>, C<z>, C<z>, C<z>, C<z>, C<z>, C<z>, C<z>, C<z>, C<z>, C<z>, C<z>, C<z>, C<z>, C<z>, C<z>, C<z>, C<z>, C<z>, C<z>, C<z>, C<z>, C<z>, C<z>;
V_$0x14b1f470 .net "ofifo_acc_ifc_acc1_fpo_empty_from_agents", 0, 0, C<z>;
V_$0x14b1f4f0 .net "ofifo_acc_ifc_acc1_fpo_ptag_from_agents", 15, 0, C<z>, C<z>, C<z>, C<z>, C<z>, C<z>, C<z>, C<z>, C<z>, C<z>, C<z>, C<z>, C<z>, C<z>, C<z>, C<z>;
V_$0x14b1f8f0 .net "ofifo_acc_ifc_acc2_acc_rd_from_agents", 0, 0, C<z>;
V_$0x14b1f980 .net "ofifo_acc_ifc_acc2_fpo_data_from_agents", 31, 0, C<z>, C<z>, C<z>, C<z>, C<z>, C<z>, C<z>, C<z>, C<z>, C<z>, C<z>, C<z>, C<z>, C<z>, C<z>, C<z>, C<z>, C<z>, C<z>, C<z>, C<z>, C<z>, C<z>, C<z>, C<z>, C<z>, C<z>, C<z>, C<z>, C<z>, C<z>, C<z>;
V_$0x14b26670 .net "ofifo_acc_ifc_acc2_fpo_empty_from_agents", 0, 0, C<z>;
V_$0x14b26700 .net "ofifo_acc_ifc_acc2_fpo_ptag_from_agents", 15, 0, C<z>, C<z>, C<z>, C<z>, C<z>, C<z>, C<z>, C<z>, C<z>, C<z>, C<z>, C<z>, C<z>, C<z>, C<z>, C<z>;
V_$0x14b1f330 .net "ofifo_acc_ifc_acc3_acc_rd_from_agents", 0, 0, C<z>;
V_$0x14b1f3d0 .net "ofifo_acc_ifc_acc3_fpo_data_from_agents", 31, 0, C<z>, C<z>, C<z>, C<z>, C<z>, C<z>, C<z>, C<z>, C<z>, C<z>, C<z>, C<z>, C<z>, C<z>, C<z>, C<z>, C<z>, C<z>, C<z>, C<z>, C<z>, C<z>, C<z>, C<z>, C<z>, C<z>, C<z>, C<z>, C<z>, C<z>, C<z>, C<z>;
V_$0x14b26f50 .net "ofifo_acc_ifc_acc3_fpo_empty_from_agents", 0, 0, C<z>;
V_$0x14b26ff0 .net "ofifo_acc_ifc_acc3_fpo_ptag_from_agents", 15, 0, C<z>, C<z>, C<z>, C<z>, C<z>, C<z>, C<z>, C<z>, C<z>, C<z>, C<z>, C<z>, C<z>, C<z>, C<z>, C<z>;
V_$0x14b27490 .net "to_csw_ifc_acc_cluster_data_from_agents", 31, 0, C<z>, C<z>, C<z>, C<z>, C<z>, C<z>, C<z>, C<z>, C<z>, C<z>, C<z>, C<z>, C<z>, C<z>, C<z>, C<z>, C<z>, C<z>, C<z>, C<z>, C<z>, C<z>, C<z>, C<z>, C<z>, C<z>, C<z>, C<z>, C<z>, C<z>, C<z>, C<z>;
V_$0x14b1f2e0 .net "to_csw_ifc_acc_cluster_dest_from_agents", 8, 0, C<z>, C<z>, C<z>, C<z>, C<z>, C<z>, C<z>, C<z>, C<z>;
V_$0x14b27260 .net "to_csw_ifc_acc_cluster_ptag_from_agents", 15, 0, C<z>, C<z>, C<z>, C<z>, C<z>, C<z>, C<z>, C<z>, C<z>, C<z>, C<z>, C<z>, C<z>, C<z>, C<z>, C<z>;
V_$0x14b30cf0 .net "to_csw_ifc_acc_cluster_ready_to_agents", 0, 0, C<z>;
V_$0x14b30ab0 .net "to_csw_ifc_acc_cluster_wr_from_agents", 0, 0, C<z>;
S_0x14b524a0 .scope module, "dp_fp32_gasket_" "dp_fp32_gasket", S_0x14b4abc0;
 .timescale 0;
S_0x14b835a0 .scope module, "I_AGENT_3" "loopback32_agent", S_0x14b4abc0;
 .timescale 0;
V_$0x14b83670 .net "ag_accreg_ifc_ag_agent_ack", 3, 0, C<z>, C<z>, C<z>, C<z>;
V_$0x14b836c0 .net "ag_accreg_ifc_ag_agent_address", 31, 0, C<z>, C<z>, C<z>, C<z>, C<z>, C<z>, C<z>, C<z>, C<z>, C<z>, C<z>, C<z>, C<z>, C<z>, C<z>, C<z>, C<z>, C<z>, C<z>, C<z>, C<z>, C<z>, C<z>, C<z>, C<z>, C<z>, C<z>, C<z>, C<z>, C<z>, C<z>, C<z>;
V_$0x14b83820 .net "ag_accreg_ifc_ag_agent_rd_data", 127, 0, C<z>, C<z>, C<z>, C<z>, C<z>, C<z>, C<z>, C<z>, C<z>, C<z>, C<z>, C<z>, C<z>, C<z>, C<z>, C<z>, C<z>, C<z>, C<z>, C<z>, C<z>, C<z>, C<z>, C<z>, C<z>, C<z>, C<z>, C<z>, C<z>, C<z>, C<z>, C<z>, C<z>, C<z>, C<z>, C<z>, C<z>, C<z>, C<z>, C<z>, C<z>, C<z>, C<z>, C<z>, C<z>, C<z>, C<z>, C<z>, C<z>, C<z>, C<z>, C<z>, C<z>, C<z>, C<z>, C<z>, C<z>, C<z>, C<z>, C<z>, C<z>, C<z>, C<z>, C<z>, C<z>, C<z>, C<z>, C<z>, C<z>, C<z>, C<z>, C<z>, C<z>, C<z>, C<z>, C<z>, C<z>, C<z>, C<z>, C<z>, C<z>, C<z>, C<z>, C<z>, C<z>, C<z>, C<z>, C<z>, C<z>, C<z>, C<z>, C<z>, C<z>, C<z>, C<z>, C<z>, C<z>, C<z>, C<z>, C<z>, C<z>, C<z>, C<z>, C<z>, C<z>, C<z>, C<z>, C<z>, C<z>, C<z>, C<z>, C<z>, C<z>, C<z>, C<z>, C<z>, C<z>, C<z>, C<z>, C<z>, C<z>, C<z>, C<z>, C<z>, C<z>, C<z>, C<z>, C<z>;
V_$0x14b47330 .net "ag_accreg_ifc_ag_agent_rd_req", 3, 0, C<z>, C<z>, C<z>, C<z>;
V_$0x14b474a0 .net "ag_accreg_ifc_ag_agent_wr_data", 31, 0, C<z>, C<z>, C<z>, C<z>, C<z>, C<z>, C<z>, C<z>, C<z>, C<z>, C<z>, C<z>, C<z>, C<z>, C<z>, C<z>, C<z>, C<z>, C<z>, C<z>, C<z>, C<z>, C<z>, C<z>, C<z>, C<z>, C<z>, C<z>, C<z>, C<z>, C<z>, C<z>;
V_$0x14b7cbe0 .net "ag_accreg_ifc_ag_agent_wr_req", 3, 0, C<z>, C<z>, C<z>, C<z>;
V_$0x14b7cd30 .net "ag_ofifo_ifc_ag_fp_outfifo_data", 31, 0, C<z>, C<z>, C<z>, C<z>, C<z>, C<z>, C<z>, C<z>, C<z>, C<z>, C<z>, C<z>, C<z>, C<z>, C<z>, C<z>, C<z>, C<z>, C<z>, C<z>, C<z>, C<z>, C<z>, C<z>, C<z>, C<z>, C<z>, C<z>, C<z>, C<z>, C<z>, C<z>;
V_$0x14b75310 .net "ag_ofifo_ifc_ag_fp_outfifo_full", 0, 0, C<z>;
V_$0x14b753e0 .net "ag_ofifo_ifc_ag_fp_outfifo_full_count", 4, 0, C<z>, C<z>, C<z>, C<z>, C<z>;
V_$0x14b75550 .net "ag_ofifo_ifc_ag_fp_outfifo_pkt_tag", 15, 0, C<z>, C<z>, C<z>, C<z>, C<z>, C<z>, C<z>, C<z>, C<z>, C<z>, C<z>, C<z>, C<z>, C<z>, C<z>, C<z>;
V_$0x14b75360 .net "ag_ofifo_ifc_ag_fp_outfifo_write", 0, 0, C<z>;
V_$0x14b6f030 .net "ififo_ag_ifc_ag_fp_infifo_data", 31, 0, C<z>, C<z>, C<z>, C<z>, C<z>, C<z>, C<z>, C<z>, C<z>, C<z>, C<z>, C<z>, C<z>, C<z>, C<z>, C<z>, C<z>, C<z>, C<z>, C<z>, C<z>, C<z>, C<z>, C<z>, C<z>, C<z>, C<z>, C<z>, C<z>, C<z>, C<z>, C<z>;
V_$0x14b5e140 .net "ififo_ag_ifc_ag_fp_infifo_empty", 0, 0, C<z>;
V_$0x14b5e1e0 .net "ififo_ag_ifc_ag_fp_infifo_empty_count", 4, 0, C<z>, C<z>, C<z>, C<z>, C<z>;
V_$0x14b580f0 .net "ififo_ag_ifc_ag_fp_infifo_pkt_tag", 15, 0, C<z>, C<z>, C<z>, C<z>, C<z>, C<z>, C<z>, C<z>, C<z>, C<z>, C<z>, C<z>, C<z>, C<z>, C<z>, C<z>;
V_$0x14b523c0 .net "ififo_ag_ifc_ag_fp_infifo_rd", 0, 0, C<z>;
S_0x14adb670 .scope module, "I_AGT1_FP0_IN" "fifo_port32_in", S_0x14b4abc0;
 .timescale 0;
V_$0x14adb740 .net "acc_ififo_ifc_ff_acc_credit_ack", 3, 0, C<z>, C<z>, C<z>, C<z>;
V_$0x14adb7f0 .net "acc_ififo_ifc_ff_acc_credit_enable", 0, 0, C<z>;
V_$0x14aca120 .net "acc_ififo_ifc_ff_acc_data_to_agents", 31, 0, C<z>, C<z>, C<z>, C<z>, C<z>, C<z>, C<z>, C<z>, C<z>, C<z>, C<z>, C<z>, C<z>, C<z>, C<z>, C<z>, C<z>, C<z>, C<z>, C<z>, C<z>, C<z>, C<z>, C<z>, C<z>, C<z>, C<z>, C<z>, C<z>, C<z>, C<z>, C<z>;
V_$0x14b3de30 .net "acc_ififo_ifc_ff_acc_ptag_to_agents", 15, 0, C<z>, C<z>, C<z>, C<z>, C<z>, C<z>, C<z>, C<z>, C<z>, C<z>, C<z>, C<z>, C<z>, C<z>, C<z>, C<z>;
V_$0x14b844f0 .net "acc_ififo_ifc_ff_acc_wr_to_agents", 0, 0, C<z>;
V_$0x14b209a0 .net "acc_ififo_ifc_ff_fp_full_to_agents", 0, 0, C<z>;
V_$0x14b20a80 .net "acc_ififo_ifc_ff_fpi_credit_data", 127, 0, C<z>, C<z>, C<z>, C<z>, C<z>, C<z>, C<z>, C<z>, C<z>, C<z>, C<z>, C<z>, C<z>, C<z>, C<z>, C<z>, C<z>, C<z>, C<z>, C<z>, C<z>, C<z>, C<z>, C<z>, C<z>, C<z>, C<z>, C<z>, C<z>, C<z>, C<z>, C<z>, C<z>, C<z>, C<z>, C<z>, C<z>, C<z>, C<z>, C<z>, C<z>, C<z>, C<z>, C<z>, C<z>, C<z>, C<z>, C<z>, C<z>, C<z>, C<z>, C<z>, C<z>, C<z>, C<z>, C<z>, C<z>, C<z>, C<z>, C<z>, C<z>, C<z>, C<z>, C<z>, C<z>, C<z>, C<z>, C<z>, C<z>, C<z>, C<z>, C<z>, C<z>, C<z>, C<z>, C<z>, C<z>, C<z>, C<z>, C<z>, C<z>, C<z>, C<z>, C<z>, C<z>, C<z>, C<z>, C<z>, C<z>, C<z>, C<z>, C<z>, C<z>, C<z>, C<z>, C<z>, C<z>, C<z>, C<z>, C<z>, C<z>, C<z>, C<z>, C<z>, C<z>, C<z>, C<z>, C<z>, C<z>, C<z>, C<z>, C<z>, C<z>, C<z>, C<z>, C<z>, C<z>, C<z>, C<z>, C<z>, C<z>, C<z>, C<z>, C<z>, C<z>, C<z>, C<z>, C<z>;
V_$0x14b84250 .net "acc_ififo_ifc_ff_fpi_credit_req", 3, 0, C<z>, C<z>, C<z>, C<z>;
V_$0x14b3eac0 .net "ififo_ag_ifc_ff_fp_infifo_data", 31, 0, C<z>, C<z>, C<z>, C<z>, C<z>, C<z>, C<z>, C<z>, C<z>, C<z>, C<z>, C<z>, C<z>, C<z>, C<z>, C<z>, C<z>, C<z>, C<z>, C<z>, C<z>, C<z>, C<z>, C<z>, C<z>, C<z>, C<z>, C<z>, C<z>, C<z>, C<z>, C<z>;
V_$0x14b80260 .net "ififo_ag_ifc_ff_fp_infifo_empty", 0, 0, C<z>;
V_$0x14b40900 .net "ififo_ag_ifc_ff_fp_infifo_empty_count", 4, 0, C<z>, C<z>, C<z>, C<z>, C<z>;
V_$0x14b80450 .net "ififo_ag_ifc_ff_fp_infifo_pkt_tag", 15, 0, C<z>, C<z>, C<z>, C<z>, C<z>, C<z>, C<z>, C<z>, C<z>, C<z>, C<z>, C<z>, C<z>, C<z>, C<z>, C<z>;
V_$0x14b802b0 .net "ififo_ag_ifc_ff_fp_infifo_rd", 0, 0, C<z>;
S_0x14b8c890 .scope module, "I_AGENT_1" "loopback32_agent", S_0x14b4abc0;
 .timescale 0;
V_$0x14b83b70 .net "ag_accreg_ifc_ag_agent_ack", 3, 0, C<z>, C<z>, C<z>, C<z>;
V_$0x14b80630 .net "ag_accreg_ifc_ag_agent_address", 31, 0, C<z>, C<z>, C<z>, C<z>, C<z>, C<z>, C<z>, C<z>, C<z>, C<z>, C<z>, C<z>, C<z>, C<z>, C<z>, C<z>, C<z>, C<z>, C<z>, C<z>, C<z>, C<z>, C<z>, C<z>, C<z>, C<z>, C<z>, C<z>, C<z>, C<z>, C<z>, C<z>;
V_$0x14b67f80 .net "ag_accreg_ifc_ag_agent_rd_data", 127, 0, C<z>, C<z>, C<z>, C<z>, C<z>, C<z>, C<z>, C<z>, C<z>, C<z>, C<z>, C<z>, C<z>, C<z>, C<z>, C<z>, C<z>, C<z>, C<z>, C<z>, C<z>, C<z>, C<z>, C<z>, C<z>, C<z>, C<z>, C<z>, C<z>, C<z>, C<z>, C<z>, C<z>, C<z>, C<z>, C<z>, C<z>, C<z>, C<z>, C<z>, C<z>, C<z>, C<z>, C<z>, C<z>, C<z>, C<z>, C<z>, C<z>, C<z>, C<z>, C<z>, C<z>, C<z>, C<z>, C<z>, C<z>, C<z>, C<z>, C<z>, C<z>, C<z>, C<z>, C<z>, C<z>, C<z>, C<z>, C<z>, C<z>, C<z>, C<z>, C<z>, C<z>, C<z>, C<z>, C<z>, C<z>, C<z>, C<z>, C<z>, C<z>, C<z>, C<z>, C<z>, C<z>, C<z>, C<z>, C<z>, C<z>, C<z>, C<z>, C<z>, C<z>, C<z>, C<z>, C<z>, C<z>, C<z>, C<z>, C<z>, C<z>, C<z>, C<z>, C<z>, C<z>, C<z>, C<z>, C<z>, C<z>, C<z>, C<z>, C<z>, C<z>, C<z>, C<z>, C<z>, C<z>, C<z>, C<z>, C<z>, C<z>, C<z>, C<z>, C<z>, C<z>, C<z>, C<z>, C<z>;
V_$0x14b3f830 .net "ag_accreg_ifc_ag_agent_rd_req", 3, 0, C<z>, C<z>, C<z>, C<z>;
V_$0x14ba9830 .net "ag_accreg_ifc_ag_agent_wr_data", 31, 0, C<z>, C<z>, C<z>, C<z>, C<z>, C<z>, C<z>, C<z>, C<z>, C<z>, C<z>, C<z>, C<z>, C<z>, C<z>, C<z>, C<z>, C<z>, C<z>, C<z>, C<z>, C<z>, C<z>, C<z>, C<z>, C<z>, C<z>, C<z>, C<z>, C<z>, C<z>, C<z>;
V_$0x14b91ee0 .net "ag_accreg_ifc_ag_agent_wr_req", 3, 0, C<z>, C<z>, C<z>, C<z>;
V_$0x14b49760 .net "ag_ofifo_ifc_ag_fp_outfifo_data", 31, 0, C<z>, C<z>, C<z>, C<z>, C<z>, C<z>, C<z>, C<z>, C<z>, C<z>, C<z>, C<z>, C<z>, C<z>, C<z>, C<z>, C<z>, C<z>, C<z>, C<z>, C<z>, C<z>, C<z>, C<z>, C<z>, C<z>, C<z>, C<z>, C<z>, C<z>, C<z>, C<z>;
V_$0x14b3fcb0 .net "ag_ofifo_ifc_ag_fp_outfifo_full", 0, 0, C<z>;
V_$0x14b8e540 .net "ag_ofifo_ifc_ag_fp_outfifo_full_count", 4, 0, C<z>, C<z>, C<z>, C<z>, C<z>;
V_$0x14b8e5f0 .net "ag_ofifo_ifc_ag_fp_outfifo_pkt_tag", 15, 0, C<z>, C<z>, C<z>, C<z>, C<z>, C<z>, C<z>, C<z>, C<z>, C<z>, C<z>, C<z>, C<z>, C<z>, C<z>, C<z>;
V_$0x14b92250 .net "ag_ofifo_ifc_ag_fp_outfifo_write", 0, 0, C<z>;
V_$0x14b58ee0 .net "ififo_ag_ifc_ag_fp_infifo_data", 31, 0, C<z>, C<z>, C<z>, C<z>, C<z>, C<z>, C<z>, C<z>, C<z>, C<z>, C<z>, C<z>, C<z>, C<z>, C<z>, C<z>, C<z>, C<z>, C<z>, C<z>, C<z>, C<z>, C<z>, C<z>, C<z>, C<z>, C<z>, C<z>, C<z>, C<z>, C<z>, C<z>;
V_$0x14ac6800 .net "ififo_ag_ifc_ag_fp_infifo_empty", 0, 0, C<z>;
V_$0x14ac6880 .net "ififo_ag_ifc_ag_fp_infifo_empty_count", 4, 0, C<z>, C<z>, C<z>, C<z>, C<z>;
V_$0x14ac4840 .net "ififo_ag_ifc_ag_fp_infifo_pkt_tag", 15, 0, C<z>, C<z>, C<z>, C<z>, C<z>, C<z>, C<z>, C<z>, C<z>, C<z>, C<z>, C<z>, C<z>, C<z>, C<z>, C<z>;
V_$0x14adb5f0 .net "ififo_ag_ifc_ag_fp_infifo_rd", 0, 0, C<z>;
S_0x14b48e10 .scope module, "I_AGT0_FP0_IN" "fifo_port32_in", S_0x14b4abc0;
 .timescale 0;
V_$0x14adc2f0 .net "acc_ififo_ifc_ff_acc_credit_ack", 3, 0, C<z>, C<z>, C<z>, C<z>;
V_$0x14ac9ab0 .net "acc_ififo_ifc_ff_acc_credit_enable", 0, 0, C<z>;
V_$0x14ac8f00 .net "acc_ififo_ifc_ff_acc_data_to_agents", 31, 0, C<z>, C<z>, C<z>, C<z>, C<z>, C<z>, C<z>, C<z>, C<z>, C<z>, C<z>, C<z>, C<z>, C<z>, C<z>, C<z>, C<z>, C<z>, C<z>, C<z>, C<z>, C<z>, C<z>, C<z>, C<z>, C<z>, C<z>, C<z>, C<z>, C<z>, C<z>, C<z>;
V_$0x14ac4680 .net "acc_ififo_ifc_ff_acc_ptag_to_agents", 15, 0, C<z>, C<z>, C<z>, C<z>, C<z>, C<z>, C<z>, C<z>, C<z>, C<z>, C<z>, C<z>, C<z>, C<z>, C<z>, C<z>;
V_$0x14ae2c90 .net "acc_ififo_ifc_ff_acc_wr_to_agents", 0, 0, C<z>;
V_$0x14ae47c0 .net "acc_ififo_ifc_ff_fp_full_to_agents", 0, 0, C<z>;
V_$0x14ae3a10 .net "acc_ififo_ifc_ff_fpi_credit_data", 127, 0, C<z>, C<z>, C<z>, C<z>, C<z>, C<z>, C<z>, C<z>, C<z>, C<z>, C<z>, C<z>, C<z>, C<z>, C<z>, C<z>, C<z>, C<z>, C<z>, C<z>, C<z>, C<z>, C<z>, C<z>, C<z>, C<z>, C<z>, C<z>, C<z>, C<z>, C<z>, C<z>, C<z>, C<z>, C<z>, C<z>, C<z>, C<z>, C<z>, C<z>, C<z>, C<z>, C<z>, C<z>, C<z>, C<z>, C<z>, C<z>, C<z>, C<z>, C<z>, C<z>, C<z>, C<z>, C<z>, C<z>, C<z>, C<z>, C<z>, C<z>, C<z>, C<z>, C<z>, C<z>, C<z>, C<z>, C<z>, C<z>, C<z>, C<z>, C<z>, C<z>, C<z>, C<z>, C<z>, C<z>, C<z>, C<z>, C<z>, C<z>, C<z>, C<z>, C<z>, C<z>, C<z>, C<z>, C<z>, C<z>, C<z>, C<z>, C<z>, C<z>, C<z>, C<z>, C<z>, C<z>, C<z>, C<z>, C<z>, C<z>, C<z>, C<z>, C<z>, C<z>, C<z>, C<z>, C<z>, C<z>, C<z>, C<z>, C<z>, C<z>, C<z>, C<z>, C<z>, C<z>, C<z>, C<z>, C<z>, C<z>, C<z>, C<z>, C<z>, C<z>, C<z>, C<z>, C<z>, C<z>;
V_$0x14adbe50 .net "acc_ififo_ifc_ff_fpi_credit_req", 3, 0, C<z>, C<z>, C<z>, C<z>;
V_$0x14b3ba10 .net "ififo_ag_ifc_ff_fp_infifo_data", 31, 0, C<z>, C<z>, C<z>, C<z>, C<z>, C<z>, C<z>, C<z>, C<z>, C<z>, C<z>, C<z>, C<z>, C<z>, C<z>, C<z>, C<z>, C<z>, C<z>, C<z>, C<z>, C<z>, C<z>, C<z>, C<z>, C<z>, C<z>, C<z>, C<z>, C<z>, C<z>, C<z>;
V_$0x14b513b0 .net "ififo_ag_ifc_ff_fp_infifo_empty", 0, 0, C<z>;
V_$0x14b3f1e0 .net "ififo_ag_ifc_ff_fp_infifo_empty_count", 4, 0, C<z>, C<z>, C<z>, C<z>, C<z>;
V_$0x14b27860 .net "ififo_ag_ifc_ff_fp_infifo_pkt_tag", 15, 0, C<z>, C<z>, C<z>, C<z>, C<z>, C<z>, C<z>, C<z>, C<z>, C<z>, C<z>, C<z>, C<z>, C<z>, C<z>, C<z>;
V_$0x14b9e4d0 .net "ififo_ag_ifc_ff_fp_infifo_rd", 0, 0, C<z>;
